2023-01-31 21:43:55.607 [info] Added views:workbench.panel.markers.view in workbench.panel.repl
2023-01-31 21:43:55.607 [info] Added views:workbench.panel.output in workbench.panel.output
2023-01-31 21:43:55.607 [info] Added views:terminal in terminal
2023-01-31 21:43:55.607 [info] Added views:outline in workbench.view.explorer
2023-01-31 21:43:55.607 [info] Added views:workbench.scm in workbench.view.scm
2023-01-31 21:43:55.607 [info] Added views:workbench.view.search in workbench.view.search
2023-01-31 21:43:55.607 [info] Added views:timeline in workbench.view.explorer
2023-01-31 21:43:55.607 [info] Added views:workbench.explorer.fileView in workbench.view.explorer
2023-01-31 21:43:55.607 [info] Added views:workbench.debug.variablesView,workbench.debug.watchExpressionsView,workbench.debug.callStackView,workbench.debug.breakPointsView in workbench.view.debug
2023-01-31 21:43:55.995 [info] Added views:gitlens.views.home in workbench.view.extension.gitlens
2023-01-31 21:43:55.996 [info] Added views:gitlens.views.commits,gitlens.views.commitDetails,gitlens.views.fileHistory,gitlens.views.branches,gitlens.views.remotes,gitlens.views.stashes,gitlens.views.tags,gitlens.views.searchAndCompare in workbench.view.scm
2023-01-31 21:43:55.997 [info] Added views:github.codespaces.explorer in workbench.view.remote
2023-01-31 21:43:55.998 [info] Added views:dockerContainers,dockerImages,dockerRegistries,dockerNetworks,dockerVolumes,vscode-docker.views.dockerContexts,vscode-docker.views.help in workbench.view.extension.dockerView
2023-01-31 21:43:55.999 [info] Added views:targetsContainers,devVolumes in workbench.view.remote
2023-01-31 21:43:55.999 [info] Added views:thunder-client-sidebar in workbench.view.extension.thunder-client
2023-01-31 21:43:56.295 [info] Added views:workbench.panel.repl.view in workbench.panel.repl
2023-01-31 21:43:56.296 [info] Removed views:workbench.debug.breakPointsView,workbench.debug.callStackView,workbench.debug.watchExpressionsView,workbench.debug.variablesView from workbench.view.debug
2023-01-31 21:43:56.298 [info] Added views:workbench.debug.welcome in workbench.view.debug
2023-01-31 21:43:59.471 [info] Added views:gitlens.views.timeline in workbench.view.extension.gitlensPanel
2023-01-31 21:43:59.472 [info] Added views:gitlens.views.worktrees in workbench.view.scm
2023-01-31 21:43:59.549 [info] Removed views:gitlens.views.searchAndCompare,gitlens.views.worktrees,gitlens.views.tags,gitlens.views.stashes,gitlens.views.remotes,gitlens.views.branches,gitlens.views.fileHistory,gitlens.views.commitDetails,gitlens.views.commits from workbench.view.scm
2023-01-31 21:43:59.549 [info] Removed views:gitlens.views.timeline from workbench.view.extension.gitlensPanel
2023-01-31 21:44:07.453 [info] Added views:workbench.panel.markers.view in workbench.panel.repl
2023-01-31 21:44:07.453 [info] Added views:workbench.panel.output in workbench.panel.output
2023-01-31 21:44:07.453 [info] Added views:terminal in terminal
2023-01-31 21:44:07.453 [info] Added views:outline in workbench.view.explorer
2023-01-31 21:44:07.453 [info] Added views:workbench.scm in workbench.view.scm
2023-01-31 21:44:07.453 [info] Added views:workbench.view.search in workbench.view.search
2023-01-31 21:44:07.453 [info] Added views:timeline in workbench.view.explorer
2023-01-31 21:44:07.453 [info] Added views:workbench.explorer.fileView in workbench.view.explorer
2023-01-31 21:44:07.453 [info] Added views:workbench.debug.welcome in workbench.view.debug
2023-01-31 21:44:07.731 [info] Added views:gitlens.views.home in workbench.view.extension.gitlens
2023-01-31 21:44:07.732 [info] Added views:gitlens.views.commits,gitlens.views.commitDetails,gitlens.views.fileHistory,gitlens.views.branches,gitlens.views.remotes,gitlens.views.stashes,gitlens.views.tags,gitlens.views.searchAndCompare in workbench.view.scm
2023-01-31 21:44:07.734 [info] Added views:github.codespaces.explorer in workbench.view.remote
2023-01-31 21:44:07.735 [info] Added views:dockerContainers,dockerImages,dockerRegistries,dockerNetworks,dockerVolumes,vscode-docker.views.dockerContexts,vscode-docker.views.help in workbench.view.extension.dockerView
2023-01-31 21:44:07.736 [info] Added views:targetsContainers,devVolumes in workbench.view.remote
2023-01-31 21:44:07.736 [info] Added views:thunder-client-sidebar in workbench.view.extension.thunder-client
2023-01-31 21:44:08.214 [info] Added views:workbench.panel.repl.view in workbench.panel.repl
2023-01-31 21:44:09.854 [info] Added views:workbench.view.testing in workbench.view.extension.test
2023-01-31 21:44:09.857 [info] Added views:dartDependencyTree in workbench.view.explorer
2023-01-31 21:44:11.477 [info] Added views:gitlens.views.timeline in workbench.view.extension.gitlensPanel
2023-01-31 21:44:11.479 [info] Added views:gitlens.views.worktrees in workbench.view.scm
2023-01-31 21:46:23.459 [info] Removed views:workbench.view.testing from workbench.view.extension.test
