2023-01-25 11:54:14.793 [info] Extension host with pid 31526 started
2023-01-25 11:54:14.842 [info] ExtensionService#_doActivateExtension vscode.microsoft-authentication, startup: false, activationEvent: 'onAuthenticationRequest:microsoft'
2023-01-25 11:54:14.842 [info] ExtensionService#_doActivateExtension vscode.git-base, startup: true, activationEvent: '*', root cause: vscode.git
2023-01-25 11:54:14.842 [info] ExtensionService#_doActivateExtension GitHub.codespaces, startup: true, activationEvent: '*'
2023-01-25 11:54:14.842 [info] ExtensionService#_doActivateExtension jeroen-meijer.pubspec-assist, startup: true, activationEvent: '*'
2023-01-25 11:54:14.842 [info] ExtensionService#_doActivateExtension mhutchie.git-graph, startup: true, activationEvent: '*'
2023-01-25 11:54:14.843 [info] ExtensionService#_doActivateExtension vscodevim.vim, startup: true, activationEvent: '*'
2023-01-25 11:54:14.843 [info] ExtensionService#_doActivateExtension wayou.vscode-todo-highlight, startup: true, activationEvent: '*'
2023-01-25 11:54:15.106 [error] Activating extension mhutchie.git-graph failed due to an error:
2023-01-25 11:54:15.106 [error] Error: Cannot find module '/home/mustafaakil/.vscode/extensions/mhutchie.git-graph-1.30.0/out/extension.js'
Require stack:
- /opt/visual-studio-code/resources/app/out/vs/loader.js
- /opt/visual-studio-code/resources/app/out/bootstrap-amd.js
- /opt/visual-studio-code/resources/app/out/bootstrap-fork.js
    at Function.Module._resolveFilename (node:internal/modules/cjs/loader:987:15)
    at Module._load (node:internal/modules/cjs/loader:832:27)
    at Function.c._load (node:electron/js2c/asar_bundle:5:13343)
    at Function.r._load (/opt/visual-studio-code/resources/app/out/vs/workbench/api/node/extensionHostProcess.js:120:13379)
    at Function.w._load (/opt/visual-studio-code/resources/app/out/vs/workbench/api/node/extensionHostProcess.js:115:61900)
    at Function.v._load (/opt/visual-studio-code/resources/app/out/vs/workbench/api/node/extensionHostProcess.js:115:61293)
    at Module.require (node:internal/modules/cjs/loader:1059:19)
    at require (node:internal/modules/cjs/helpers:102:18)
    at Function.r [as __$__nodeRequire] (/opt/visual-studio-code/resources/app/out/vs/loader.js:5:101)
    at d.pb (/opt/visual-studio-code/resources/app/out/vs/workbench/api/node/extensionHostProcess.js:115:63164)
    at processTicksAndRejections (node:internal/process/task_queues:96:5)
    at async Promise.all (index 0)
2023-01-25 11:54:15.160 [info] ExtensionService#_doActivateExtension vscode.git, startup: true, activationEvent: '*'
2023-01-25 11:54:15.160 [info] ExtensionService#_doActivateExtension vscode.github, startup: true, activationEvent: '*'
2023-01-25 11:54:15.176 [info] ExtensionService#_doActivateExtension vscode.github-authentication, startup: false, activationEvent: 'api', root cause: GitHub.codespaces
2023-01-25 11:54:15.909 [info] Extension host terminating: parent process 31489 does not exist anymore: kill ESRCH (code: ESRCH) (errno: -3)
2023-01-25 11:54:15.911 [info] Extension host with pid 31526 exiting with code 0
