2023-01-16 20:46:52.967 [info] Using settings sync service https://vscode-sync.trafficmanager.net/
2023-01-16 20:46:52.967 [info] Auto Sync is enabled.
2023-01-16 20:46:52.967 [info] Auto Sync: Suspended until auth token is available.
2023-01-16 20:46:55.011 [info] Auto Sync: Triggered by Interval
2023-01-16 20:46:55.011 [info] Sync started.
2023-01-16 20:46:58.822 [info] Profiles: No changes found during synchronizing profiles.
2023-01-16 20:46:58.867 [info] Settings: No changes found during synchronizing settings.
2023-01-16 20:46:58.880 [info] Keybindings: No changes found during synchronizing keybindings.
2023-01-16 20:46:58.890 [info] Snippets: No changes found during synchronizing snippets.
2023-01-16 20:46:58.898 [info] Tasks: No changes found during synchronizing tasks.
2023-01-16 20:47:02.318 [info] GlobalState: Updated remote ui state. Updated: cpp.1.lastSessionDate,cpp.1.sessionCount,java.2.lastSessionDate,java.2.sessionCount,workbench.activity.pinnedViewlets2,workbench.panel.pinnedPanels,workbench.statusbar.hidden.
2023-01-16 20:47:02.333 [info] GlobalState: Updated last synchronized ui state
2023-01-16 20:47:02.420 [info] Extensions: No changes found during synchronizing extensions.
2023-01-16 20:47:02.424 [info] Sync done. Took 7414ms
2023-01-16 20:47:15.193 [info] Auto Sync: Triggered by Activity
2023-01-16 20:47:15.193 [info] Sync started.
2023-01-16 20:47:26.566 [info] Profiles: No changes found during synchronizing profiles.
2023-01-16 20:47:26.604 [info] Settings: No changes found during synchronizing settings.
2023-01-16 20:47:26.610 [info] Keybindings: No changes found during synchronizing keybindings.
2023-01-16 20:47:26.617 [info] Snippets: No changes found during synchronizing snippets.
2023-01-16 20:47:26.623 [info] Tasks: No changes found during synchronizing tasks.
