2023-01-31 21:43:56.690 [info] Reading sessions from keychain...
2023-01-31 21:43:56.690 [info] Getting sessions for user:email...
2023-01-31 21:43:56.690 [info] Getting sessions for all scopes...
2023-01-31 21:43:56.690 [info] Getting sessions for codespace,read:user,repo,user:email...
2023-01-31 21:43:56.690 [info] Got stored sessions!
2023-01-31 21:43:56.690 [info] Got 4 verified sessions.
2023-01-31 21:43:56.690 [info] Got 1 sessions for user:email...
2023-01-31 21:43:56.690 [info] Got 4 sessions for ...
2023-01-31 21:43:56.690 [info] Got 1 sessions for codespace,read:user,repo,user:email...
2023-01-31 21:43:59.511 [info] Getting sessions for all scopes...
2023-01-31 21:43:59.511 [info] Got 4 sessions for ...
2023-01-31 21:43:59.537 [info] Getting sessions for read:user...
2023-01-31 21:43:59.537 [info] Got 1 sessions for read:user...
2023-01-31 21:44:08.683 [info] Reading sessions from keychain...
2023-01-31 21:44:08.683 [info] Getting sessions for user:email...
2023-01-31 21:44:08.683 [info] Getting sessions for all scopes...
2023-01-31 21:44:08.683 [info] Got stored sessions!
2023-01-31 21:44:08.683 [info] Got 4 verified sessions.
2023-01-31 21:44:08.683 [info] Got 1 sessions for user:email...
2023-01-31 21:44:08.683 [info] Got 4 sessions for ...
2023-01-31 21:44:08.683 [info] Getting sessions for codespace,read:user,repo,user:email...
2023-01-31 21:44:08.683 [info] Got 1 sessions for codespace,read:user,repo,user:email...
2023-01-31 21:44:11.508 [info] Getting sessions for all scopes...
2023-01-31 21:44:11.509 [info] Got 4 sessions for ...
2023-01-31 21:44:11.549 [info] Getting sessions for read:user...
2023-01-31 21:44:11.549 [info] Got 1 sessions for read:user...
