2023-01-25 11:53:46.273 [info] Added views:workbench.panel.markers.view in workbench.panel.repl
2023-01-25 11:53:46.273 [info] Added views:workbench.panel.output in workbench.panel.output
2023-01-25 11:53:46.273 [info] Added views:terminal in terminal
2023-01-25 11:53:46.273 [info] Added views:outline in workbench.view.explorer
2023-01-25 11:53:46.273 [info] Added views:workbench.scm in workbench.view.scm
2023-01-25 11:53:46.273 [info] Added views:workbench.view.search in workbench.view.search
2023-01-25 11:53:46.273 [info] Added views:timeline in workbench.view.explorer
2023-01-25 11:53:46.273 [info] Added views:workbench.explorer.fileView in workbench.view.explorer
2023-01-25 11:53:46.390 [info] Added views:workbench.debug.variablesView,workbench.debug.watchExpressionsView,workbench.debug.callStackView,workbench.debug.breakPointsView in workbench.view.debug
2023-01-25 11:53:46.798 [info] Added views:gitlens.views.home in workbench.view.extension.gitlens
2023-01-25 11:53:46.800 [info] Added views:gitlens.views.commits,gitlens.views.commitDetails,gitlens.views.fileHistory,gitlens.views.branches,gitlens.views.remotes,gitlens.views.stashes,gitlens.views.tags,gitlens.views.searchAndCompare in workbench.view.scm
2023-01-25 11:53:46.801 [info] Added views:github.codespaces.explorer in workbench.view.remote
2023-01-25 11:53:46.801 [info] Added views:dockerContainers,dockerImages,dockerRegistries,dockerNetworks,dockerVolumes,vscode-docker.views.dockerContexts,vscode-docker.views.help in workbench.view.extension.dockerView
2023-01-25 11:53:46.802 [info] Added views:targetsContainers,devVolumes in workbench.view.remote
2023-01-25 11:53:46.802 [info] Added views:thunder-client-sidebar in workbench.view.extension.thunder-client
2023-01-25 11:53:47.215 [info] Added views:workbench.panel.repl.view in workbench.panel.repl
2023-01-25 11:53:47.842 [info] Added views:workbench.view.testing in workbench.view.extension.test
2023-01-25 11:53:47.853 [info] Added views:dartDependencyTree in workbench.view.explorer
2023-01-25 11:53:50.109 [info] Added views:gitlens.views.timeline in workbench.view.extension.gitlensPanel
2023-01-25 11:53:50.110 [info] Added views:gitlens.views.worktrees in workbench.view.scm
2023-01-25 11:53:50.226 [info] Removed views:gitlens.views.searchAndCompare,gitlens.views.worktrees,gitlens.views.tags,gitlens.views.stashes,gitlens.views.remotes,gitlens.views.branches,gitlens.views.fileHistory,gitlens.views.commitDetails,gitlens.views.commits from workbench.view.scm
2023-01-25 11:53:50.226 [info] Removed views:gitlens.views.timeline from workbench.view.extension.gitlensPanel
2023-01-25 11:53:52.482 [info] Added views:dartFlutterOutline in workbench.view.extension.flutter
2023-01-25 11:54:00.726 [info] Removed views:workbench.view.testing from workbench.view.extension.test
2023-01-25 11:54:01.248 [info] Added views:workbench.panel.markers.view in workbench.panel.repl
2023-01-25 11:54:01.248 [info] Added views:workbench.panel.output in workbench.panel.output
2023-01-25 11:54:01.248 [info] Added views:terminal in terminal
2023-01-25 11:54:01.248 [info] Added views:outline in workbench.view.explorer
2023-01-25 11:54:01.248 [info] Added views:workbench.scm in workbench.view.scm
2023-01-25 11:54:01.248 [info] Added views:workbench.view.search in workbench.view.search
2023-01-25 11:54:01.248 [info] Added views:timeline in workbench.view.explorer
2023-01-25 11:54:01.248 [info] Added views:workbench.explorer.fileView in workbench.view.explorer
2023-01-25 11:54:01.248 [info] Added views:workbench.debug.variablesView,workbench.debug.watchExpressionsView,workbench.debug.callStackView,workbench.debug.breakPointsView in workbench.view.debug
2023-01-25 11:54:01.653 [info] Added views:gitlens.views.home in workbench.view.extension.gitlens
2023-01-25 11:54:01.657 [info] Added views:gitlens.views.commits,gitlens.views.commitDetails,gitlens.views.fileHistory,gitlens.views.branches,gitlens.views.remotes,gitlens.views.stashes,gitlens.views.tags,gitlens.views.searchAndCompare in workbench.view.scm
2023-01-25 11:54:01.658 [info] Added views:github.codespaces.explorer in workbench.view.remote
2023-01-25 11:54:01.659 [info] Added views:dockerContainers,dockerImages,dockerRegistries,dockerNetworks,dockerVolumes,vscode-docker.views.dockerContexts,vscode-docker.views.help in workbench.view.extension.dockerView
2023-01-25 11:54:01.660 [info] Added views:targetsContainers,devVolumes in workbench.view.remote
2023-01-25 11:54:02.145 [info] Added views:workbench.panel.repl.view in workbench.panel.repl
2023-01-25 11:54:02.146 [info] Removed views:workbench.debug.breakPointsView,workbench.debug.callStackView,workbench.debug.watchExpressionsView,workbench.debug.variablesView from workbench.view.debug
2023-01-25 11:54:02.146 [info] Added views:workbench.debug.welcome in workbench.view.debug
2023-01-25 11:54:02.333 [info] Added views:thunder-client-sidebar in workbench.view.extension.thunder-client
2023-01-25 11:54:04.462 [info] Added views:workbench.view.testing in workbench.view.extension.test
2023-01-25 11:54:04.462 [info] Added views:dartDependencyTree in workbench.view.explorer
2023-01-25 11:54:04.863 [info] Added views:gitlens.views.timeline in workbench.view.extension.gitlensPanel
2023-01-25 11:54:04.864 [info] Added views:gitlens.views.worktrees in workbench.view.scm
2023-01-25 12:04:24.974 [info] Removed views:workbench.view.testing from workbench.view.extension.test
