2023-01-20 20:53:39.279 [warning] [Vue.volar]: Cannot register 'typescript.tsdk'. This property is already registered.
2023-01-20 20:53:42.539 [error] Unexpected end of JSON input: SyntaxError: Unexpected end of JSON input
    at JSON.parse (<anonymous>)
    at /home/mustafaakil/.vscode/extensions/vscodevim.vim-1.24.3/src/register/register.ts:349:33
2023-01-20 20:53:49.133 [error] RequestService#request (browser) - error https://marketplace.visualstudio.com/_apis/public/gallery/extensionquery {}
2023-01-20 20:53:49.134 [warning] Error querying extensions gallery {}
2023-01-20 20:53:49.134 [error] RequestService#request (browser) - error https://marketplace.visualstudio.com/_apis/public/gallery/extensionquery {}
2023-01-20 20:53:49.135 [error] RequestService#request (browser) - error https://marketplace.visualstudio.com/_apis/public/gallery/extensionquery {}
2023-01-20 20:53:49.507 [error] net::ERR_NAME_NOT_RESOLVED: Error: net::ERR_NAME_NOT_RESOLVED
    at SimpleURLLoaderWrapper.<anonymous> (node:electron/js2c/browser_init:105:7047)
    at SimpleURLLoaderWrapper.emit (node:events:526:28)
2023-01-20 20:58:02.340 [warning] CallStackEditorContribution: invalid stack frame line number: 51
2023-01-20 20:58:02.353 [warning] CallStackEditorContribution: invalid stack frame line number: 51
2023-01-20 20:58:02.738 [warning] CallStackEditorContribution: invalid stack frame line number: 51
2023-01-20 21:01:04.774 [warning] CallStackEditorContribution: invalid stack frame line number: 51
2023-01-20 21:01:04.783 [warning] CallStackEditorContribution: invalid stack frame line number: 51
2023-01-20 21:01:05.185 [warning] CallStackEditorContribution: invalid stack frame line number: 51
2023-01-20 21:01:19.729 [warning] CallStackEditorContribution: invalid stack frame line number: 51
2023-01-20 21:01:19.735 [warning] CallStackEditorContribution: invalid stack frame line number: 51
2023-01-20 21:01:20.137 [warning] CallStackEditorContribution: invalid stack frame line number: 51
2023-01-20 21:07:47.423 [warning] CallStackEditorContribution: invalid stack frame line number: 51
2023-01-20 21:07:47.430 [warning] CallStackEditorContribution: invalid stack frame line number: 51
2023-01-20 21:07:47.829 [warning] CallStackEditorContribution: invalid stack frame line number: 51
2023-01-20 21:08:16.175 [warning] CallStackEditorContribution: invalid stack frame line number: 51
2023-01-20 21:08:16.184 [warning] CallStackEditorContribution: invalid stack frame line number: 51
2023-01-20 21:08:16.584 [warning] CallStackEditorContribution: invalid stack frame line number: 51
2023-01-20 21:08:52.047 [warning] CallStackEditorContribution: invalid stack frame line number: 51
2023-01-20 21:08:52.056 [warning] CallStackEditorContribution: invalid stack frame line number: 51
2023-01-20 21:08:52.448 [warning] CallStackEditorContribution: invalid stack frame line number: 51
2023-01-20 21:10:31.661 [warning] CallStackEditorContribution: invalid stack frame line number: 51
2023-01-20 21:10:31.668 [warning] CallStackEditorContribution: invalid stack frame line number: 51
2023-01-20 21:10:32.074 [warning] CallStackEditorContribution: invalid stack frame line number: 51
2023-01-20 21:13:02.518 [warning] CallStackEditorContribution: invalid stack frame line number: 51
2023-01-20 21:13:02.527 [warning] CallStackEditorContribution: invalid stack frame line number: 51
2023-01-20 21:13:02.913 [warning] CallStackEditorContribution: invalid stack frame line number: 51
2023-01-20 21:13:16.113 [warning] CallStackEditorContribution: invalid stack frame line number: 51
2023-01-20 21:13:16.119 [warning] CallStackEditorContribution: invalid stack frame line number: 51
2023-01-20 21:13:16.504 [warning] CallStackEditorContribution: invalid stack frame line number: 51
2023-01-20 21:15:38.174 [warning] CallStackEditorContribution: invalid stack frame line number: 51
2023-01-20 21:15:38.181 [warning] CallStackEditorContribution: invalid stack frame line number: 51
2023-01-20 21:15:38.589 [warning] CallStackEditorContribution: invalid stack frame line number: 51
2023-01-20 21:15:47.284 [warning] CallStackEditorContribution: invalid stack frame line number: 51
2023-01-20 21:15:47.290 [warning] CallStackEditorContribution: invalid stack frame line number: 51
2023-01-20 21:15:47.683 [warning] CallStackEditorContribution: invalid stack frame line number: 51
