2023-01-20 20:53:38.809 [info] Added views:workbench.panel.markers.view in workbench.panel.repl
2023-01-20 20:53:38.809 [info] Added views:workbench.panel.output in workbench.panel.output
2023-01-20 20:53:38.809 [info] Added views:terminal in terminal
2023-01-20 20:53:38.809 [info] Added views:outline in workbench.view.explorer
2023-01-20 20:53:38.809 [info] Added views:workbench.scm in workbench.view.scm
2023-01-20 20:53:38.809 [info] Added views:workbench.view.search in workbench.view.search
2023-01-20 20:53:38.809 [info] Added views:timeline in workbench.view.explorer
2023-01-20 20:53:38.809 [info] Added views:workbench.explorer.fileView in workbench.view.explorer
2023-01-20 20:53:38.919 [info] Added views:workbench.debug.variablesView,workbench.debug.watchExpressionsView,workbench.debug.callStackView,workbench.debug.breakPointsView in workbench.view.debug
2023-01-20 20:53:39.425 [info] Added views:gitlens.views.home in workbench.view.extension.gitlens
2023-01-20 20:53:39.426 [info] Added views:gitlens.views.commits,gitlens.views.commitDetails,gitlens.views.fileHistory,gitlens.views.branches,gitlens.views.remotes,gitlens.views.stashes,gitlens.views.tags,gitlens.views.searchAndCompare in workbench.view.scm
2023-01-20 20:53:39.427 [info] Added views:github.codespaces.explorer in workbench.view.remote
2023-01-20 20:53:39.428 [info] Added views:dockerContainers,dockerImages,dockerRegistries,dockerNetworks,dockerVolumes,vscode-docker.views.dockerContexts,vscode-docker.views.help in workbench.view.extension.dockerView
2023-01-20 20:53:39.429 [info] Added views:targetsContainers,devVolumes in workbench.view.remote
2023-01-20 20:53:39.429 [info] Added views:thunder-client-sidebar in workbench.view.extension.thunder-client
2023-01-20 20:53:39.901 [info] Added views:workbench.panel.repl.view in workbench.panel.repl
2023-01-20 20:53:41.802 [info] Added views:workbench.view.testing in workbench.view.extension.test
2023-01-20 20:53:41.804 [info] Added views:dartDependencyTree in workbench.view.explorer
2023-01-20 20:53:50.371 [info] Added views:gitlens.views.timeline in workbench.view.extension.gitlensPanel
2023-01-20 20:53:50.372 [info] Added views:gitlens.views.worktrees in workbench.view.scm
2023-01-20 20:53:50.472 [info] Removed views:gitlens.views.searchAndCompare,gitlens.views.worktrees,gitlens.views.tags,gitlens.views.stashes,gitlens.views.remotes,gitlens.views.branches,gitlens.views.fileHistory,gitlens.views.commitDetails,gitlens.views.commits from workbench.view.scm
2023-01-20 20:53:50.473 [info] Removed views:gitlens.views.timeline from workbench.view.extension.gitlensPanel
2023-01-20 20:54:01.481 [info] Added views:dartFlutterOutline in workbench.view.extension.flutter
2023-01-20 20:54:22.608 [info] Added views:gitlens.views.timeline in workbench.view.extension.gitlensPanel
2023-01-20 20:54:22.610 [info] Added views:gitlens.views.commits,gitlens.views.commitDetails,gitlens.views.fileHistory,gitlens.views.branches,gitlens.views.remotes,gitlens.views.stashes,gitlens.views.tags,gitlens.views.worktrees,gitlens.views.searchAndCompare in workbench.view.scm
2023-01-20 20:58:02.414 [info] Removed views:dartFlutterOutline from workbench.view.extension.flutter
2023-01-20 20:58:02.847 [info] Added views:dartFlutterOutline in workbench.view.extension.flutter
2023-01-20 21:01:04.860 [info] Removed views:dartFlutterOutline from workbench.view.extension.flutter
2023-01-20 21:01:14.505 [info] Added views:dartFlutterOutline in workbench.view.extension.flutter
2023-01-20 21:01:19.802 [info] Removed views:dartFlutterOutline from workbench.view.extension.flutter
2023-01-20 21:01:20.241 [info] Added views:dartFlutterOutline in workbench.view.extension.flutter
2023-01-20 21:07:47.496 [info] Removed views:dartFlutterOutline from workbench.view.extension.flutter
2023-01-20 21:07:47.945 [info] Added views:dartFlutterOutline in workbench.view.extension.flutter
2023-01-20 21:08:16.268 [info] Removed views:dartFlutterOutline from workbench.view.extension.flutter
2023-01-20 21:08:17.724 [info] Added views:dartFlutterOutline in workbench.view.extension.flutter
2023-01-20 21:08:52.125 [info] Removed views:dartFlutterOutline from workbench.view.extension.flutter
2023-01-20 21:08:52.547 [info] Added views:dartFlutterOutline in workbench.view.extension.flutter
2023-01-20 21:10:31.744 [info] Removed views:dartFlutterOutline from workbench.view.extension.flutter
2023-01-20 21:10:32.175 [info] Added views:dartFlutterOutline in workbench.view.extension.flutter
2023-01-20 21:13:02.593 [info] Removed views:dartFlutterOutline from workbench.view.extension.flutter
2023-01-20 21:13:03.016 [info] Added views:dartFlutterOutline in workbench.view.extension.flutter
2023-01-20 21:13:16.188 [info] Removed views:dartFlutterOutline from workbench.view.extension.flutter
2023-01-20 21:13:16.595 [info] Added views:dartFlutterOutline in workbench.view.extension.flutter
2023-01-20 21:15:38.260 [info] Removed views:dartFlutterOutline from workbench.view.extension.flutter
2023-01-20 21:15:38.690 [info] Added views:dartFlutterOutline in workbench.view.extension.flutter
2023-01-20 21:15:47.359 [info] Removed views:dartFlutterOutline from workbench.view.extension.flutter
2023-01-20 21:15:47.768 [info] Added views:dartFlutterOutline in workbench.view.extension.flutter
2023-01-20 21:15:51.951 [info] Removed views:workbench.view.testing from workbench.view.extension.test
