2023-01-20 20:53:39.285 [info] Using settings sync service https://vscode-sync.trafficmanager.net/
2023-01-20 20:53:39.285 [info] Auto Sync is enabled.
2023-01-20 20:53:39.285 [info] Auto Sync: Suspended until auth token is available.
2023-01-20 20:53:40.572 [info] Auto Sync: Triggered by Interval
2023-01-20 20:53:40.572 [info] Sync started.
2023-01-20 20:53:50.585 [info] Request failed https://vscode-sync.trafficmanager.net/v1/manifest
2023-01-20 20:53:50.585 [error] RequestFailed (UserDataSyncError) syncResource:unknown operationId:unknown: Connection refused for the request 'https://vscode-sync.trafficmanager.net/v1/manifest'.
    at b.w (vscode-file://vscode-app/opt/visual-studio-code/resources/app/out/vs/code/electron-browser/sharedProcess/sharedProcessMain.js:89:141892)
    at async b.manifest (vscode-file://vscode-app/opt/visual-studio-code/resources/app/out/vs/code/electron-browser/sharedProcess/sharedProcessMain.js:89:139904)
    at async s.createSyncTask (vscode-file://vscode-app/opt/visual-studio-code/resources/app/out/vs/code/electron-browser/sharedProcess/sharedProcessMain.js:89:114984)
    at async a.y (vscode-file://vscode-app/opt/visual-studio-code/resources/app/out/vs/code/electron-browser/sharedProcess/sharedProcessMain.js:89:105548)
2023-01-20 20:53:50.585 [error] RequestFailed (UserDataSyncError) syncResource:unknown operationId:unknown: Connection refused for the request 'https://vscode-sync.trafficmanager.net/v1/manifest'.
    at b.w (vscode-file://vscode-app/opt/visual-studio-code/resources/app/out/vs/code/electron-browser/sharedProcess/sharedProcessMain.js:89:141892)
    at async b.manifest (vscode-file://vscode-app/opt/visual-studio-code/resources/app/out/vs/code/electron-browser/sharedProcess/sharedProcessMain.js:89:139904)
    at async s.createSyncTask (vscode-file://vscode-app/opt/visual-studio-code/resources/app/out/vs/code/electron-browser/sharedProcess/sharedProcessMain.js:89:114984)
    at async a.y (vscode-file://vscode-app/opt/visual-studio-code/resources/app/out/vs/code/electron-browser/sharedProcess/sharedProcessMain.js:89:105548)
2023-01-20 20:54:11.441 [info] Auto Sync: Triggered by Activity
2023-01-20 20:54:11.442 [info] Sync started.
2023-01-20 20:54:14.025 [info] Profiles: No changes found during synchronizing profiles.
2023-01-20 20:54:14.064 [info] Settings: No changes found during synchronizing settings.
2023-01-20 20:54:14.072 [info] Keybindings: No changes found during synchronizing keybindings.
2023-01-20 20:54:14.079 [info] Snippets: No changes found during synchronizing snippets.
2023-01-20 20:54:14.084 [info] Tasks: No changes found during synchronizing tasks.
2023-01-20 20:54:14.805 [info] GlobalState: Updated remote ui state. Updated: workbench.panel.pinnedPanels.
2023-01-20 20:54:14.821 [info] GlobalState: Updated last synchronized ui state
2023-01-20 20:54:14.902 [info] Extensions: No changes found during synchronizing extensions.
2023-01-20 20:54:14.906 [info] Sync done. Took 3466ms
2023-01-20 20:54:25.312 [info] Auto Sync: Triggered by Activity
2023-01-20 20:54:25.313 [info] Sync started.
2023-01-20 20:54:25.924 [info] Profiles: No changes found during synchronizing profiles.
2023-01-20 20:54:25.945 [info] Settings: No changes found during synchronizing settings.
2023-01-20 20:54:25.950 [info] Keybindings: No changes found during synchronizing keybindings.
2023-01-20 20:54:25.956 [info] Snippets: No changes found during synchronizing snippets.
2023-01-20 20:54:25.961 [info] Tasks: No changes found during synchronizing tasks.
2023-01-20 20:54:28.530 [info] GlobalState: Updated remote ui state. Updated: workbench.panel.pinnedPanels.
2023-01-20 20:54:28.545 [info] GlobalState: Updated last synchronized ui state
2023-01-20 20:54:28.628 [info] Extensions: No changes found during synchronizing extensions.
2023-01-20 20:54:28.630 [info] Sync done. Took 3320ms
2023-01-20 20:54:47.634 [info] Auto Sync: Triggered by Activity
2023-01-20 20:54:47.635 [info] Sync started.
2023-01-20 20:54:48.585 [info] Profiles: No changes found during synchronizing profiles.
2023-01-20 20:54:48.602 [info] Settings: No changes found during synchronizing settings.
2023-01-20 20:54:48.607 [info] Keybindings: No changes found during synchronizing keybindings.
2023-01-20 20:54:48.614 [info] Snippets: No changes found during synchronizing snippets.
2023-01-20 20:54:48.618 [info] Tasks: No changes found during synchronizing tasks.
2023-01-20 20:54:48.626 [info] GlobalState: No changes found during synchronizing ui state.
2023-01-20 20:54:48.711 [info] Extensions: No changes found during synchronizing extensions.
2023-01-20 20:54:48.714 [info] Sync done. Took 1082ms
2023-01-20 20:55:20.277 [info] Auto Sync: Triggered by Activity
2023-01-20 20:55:20.277 [info] Sync started.
2023-01-20 20:55:21.292 [info] Profiles: No changes found during synchronizing profiles.
2023-01-20 20:55:21.314 [info] Settings: No changes found during synchronizing settings.
2023-01-20 20:55:21.320 [info] Keybindings: No changes found during synchronizing keybindings.
2023-01-20 20:55:21.325 [info] Snippets: No changes found during synchronizing snippets.
2023-01-20 20:55:21.330 [info] Tasks: No changes found during synchronizing tasks.
2023-01-20 20:55:21.337 [info] GlobalState: No changes found during synchronizing ui state.
2023-01-20 20:55:21.424 [info] Extensions: No changes found during synchronizing extensions.
2023-01-20 20:55:21.426 [info] Sync done. Took 1151ms
2023-01-20 20:55:48.496 [info] Auto Sync: Triggered by Activity
2023-01-20 20:55:48.497 [info] Sync started.
2023-01-20 20:55:48.836 [info] Profiles: No changes found during synchronizing profiles.
2023-01-20 20:55:48.850 [info] Settings: No changes found during synchronizing settings.
2023-01-20 20:55:48.855 [info] Keybindings: No changes found during synchronizing keybindings.
2023-01-20 20:55:48.862 [info] Snippets: No changes found during synchronizing snippets.
2023-01-20 20:55:48.868 [info] Tasks: No changes found during synchronizing tasks.
2023-01-20 20:55:48.875 [info] GlobalState: No changes found during synchronizing ui state.
2023-01-20 20:55:48.947 [info] Extensions: No changes found during synchronizing extensions.
2023-01-20 20:55:48.950 [info] Sync done. Took 455ms
2023-01-20 20:56:47.394 [info] Auto Sync: Triggered by Activity
2023-01-20 20:56:47.394 [info] Sync started.
2023-01-20 20:56:48.558 [info] Profiles: No changes found during synchronizing profiles.
2023-01-20 20:56:49.352 [info] Settings: Updated remote settings
2023-01-20 20:56:49.360 [info] Settings: Updated last synchronized settings
2023-01-20 20:56:49.365 [info] Keybindings: No changes found during synchronizing keybindings.
2023-01-20 20:56:49.372 [info] Snippets: No changes found during synchronizing snippets.
2023-01-20 20:56:49.377 [info] Tasks: No changes found during synchronizing tasks.
2023-01-20 20:56:49.382 [info] GlobalState: No changes found during synchronizing ui state.
2023-01-20 20:56:49.471 [info] Extensions: No changes found during synchronizing extensions.
2023-01-20 20:56:49.476 [info] Sync done. Took 2085ms
2023-01-20 20:56:51.859 [info] Auto Sync: Triggered by Activity
2023-01-20 20:56:51.860 [info] Sync started.
2023-01-20 20:56:52.462 [info] Profiles: No changes found during synchronizing profiles.
2023-01-20 20:56:53.011 [info] Settings: Updated remote settings
2023-01-20 20:56:53.030 [info] Settings: Updated last synchronized settings
2023-01-20 20:56:53.036 [info] Keybindings: No changes found during synchronizing keybindings.
2023-01-20 20:56:53.047 [info] Snippets: No changes found during synchronizing snippets.
2023-01-20 20:56:53.055 [info] Tasks: No changes found during synchronizing tasks.
2023-01-20 20:56:53.060 [info] GlobalState: No changes found during synchronizing ui state.
2023-01-20 20:56:53.131 [info] Extensions: No changes found during synchronizing extensions.
2023-01-20 20:56:53.133 [info] Sync done. Took 1275ms
2023-01-20 20:56:56.330 [info] Auto Sync: Triggered by Activity
2023-01-20 20:56:56.330 [info] Sync started.
2023-01-20 20:56:56.869 [info] Profiles: No changes found during synchronizing profiles.
2023-01-20 20:56:56.880 [info] Settings: No changes found during synchronizing settings.
2023-01-20 20:56:56.884 [info] Keybindings: No changes found during synchronizing keybindings.
2023-01-20 20:56:56.889 [info] Snippets: No changes found during synchronizing snippets.
2023-01-20 20:56:56.892 [info] Tasks: No changes found during synchronizing tasks.
2023-01-20 20:56:56.899 [info] GlobalState: No changes found during synchronizing ui state.
2023-01-20 20:56:56.974 [info] Extensions: No changes found during synchronizing extensions.
2023-01-20 20:56:56.976 [info] Sync done. Took 648ms
2023-01-20 20:57:02.375 [info] Auto Sync: Triggered by Activity
2023-01-20 20:57:02.376 [info] Sync started.
2023-01-20 20:57:03.245 [info] Profiles: No changes found during synchronizing profiles.
2023-01-20 20:57:03.254 [info] Settings: No changes found during synchronizing settings.
2023-01-20 20:57:03.259 [info] Keybindings: No changes found during synchronizing keybindings.
2023-01-20 20:57:03.265 [info] Snippets: No changes found during synchronizing snippets.
2023-01-20 20:57:03.269 [info] Tasks: No changes found during synchronizing tasks.
2023-01-20 20:57:03.273 [info] GlobalState: No changes found during synchronizing ui state.
2023-01-20 20:57:03.328 [info] Extensions: No changes found during synchronizing extensions.
2023-01-20 20:57:03.331 [info] Sync done. Took 956ms
2023-01-20 20:57:50.906 [info] Auto Sync: Triggered by Activity
2023-01-20 20:57:50.907 [info] Sync started.
2023-01-20 20:57:52.538 [info] Profiles: No changes found during synchronizing profiles.
2023-01-20 20:57:54.785 [info] Settings: Updated remote settings
2023-01-20 20:57:54.791 [info] Settings: Updated last synchronized settings
2023-01-20 20:57:54.795 [info] Keybindings: No changes found during synchronizing keybindings.
2023-01-20 20:57:54.803 [info] Snippets: No changes found during synchronizing snippets.
2023-01-20 20:57:54.808 [info] Tasks: No changes found during synchronizing tasks.
2023-01-20 20:57:54.814 [info] GlobalState: No changes found during synchronizing ui state.
2023-01-20 20:57:54.901 [info] Extensions: No changes found during synchronizing extensions.
2023-01-20 20:57:54.904 [info] Sync done. Took 3999ms
2023-01-20 20:57:54.906 [info] Auto Sync: Triggered by Activity
2023-01-20 20:57:54.906 [info] Sync started.
2023-01-20 20:57:56.220 [info] Profiles: No changes found during synchronizing profiles.
2023-01-20 20:57:56.692 [info] Settings: Updated remote settings
2023-01-20 20:57:56.699 [info] Settings: Updated last synchronized settings
2023-01-20 20:57:56.704 [info] Keybindings: No changes found during synchronizing keybindings.
2023-01-20 20:57:56.711 [info] Snippets: No changes found during synchronizing snippets.
2023-01-20 20:57:56.716 [info] Tasks: No changes found during synchronizing tasks.
2023-01-20 20:57:56.722 [info] GlobalState: No changes found during synchronizing ui state.
2023-01-20 20:57:56.800 [info] Extensions: No changes found during synchronizing extensions.
2023-01-20 20:57:56.802 [info] Sync done. Took 1898ms
2023-01-20 20:57:58.323 [info] Auto Sync: Triggered by Activity
2023-01-20 20:57:58.323 [info] Sync started.
2023-01-20 20:57:58.785 [info] Profiles: No changes found during synchronizing profiles.
2023-01-20 20:57:58.801 [info] Settings: No changes found during synchronizing settings.
2023-01-20 20:57:58.805 [info] Keybindings: No changes found during synchronizing keybindings.
2023-01-20 20:57:58.810 [info] Snippets: No changes found during synchronizing snippets.
2023-01-20 20:57:58.813 [info] Tasks: No changes found during synchronizing tasks.
2023-01-20 20:57:58.819 [info] GlobalState: No changes found during synchronizing ui state.
2023-01-20 20:57:58.874 [info] Extensions: No changes found during synchronizing extensions.
2023-01-20 20:57:58.876 [info] Sync done. Took 555ms
2023-01-20 20:58:04.679 [info] Auto Sync: Triggered by Activity
2023-01-20 20:58:04.679 [info] Sync started.
2023-01-20 20:58:05.117 [info] Profiles: No changes found during synchronizing profiles.
2023-01-20 20:58:05.141 [info] Settings: No changes found during synchronizing settings.
2023-01-20 20:58:05.146 [info] Keybindings: No changes found during synchronizing keybindings.
2023-01-20 20:58:05.154 [info] Snippets: No changes found during synchronizing snippets.
2023-01-20 20:58:05.158 [info] Tasks: No changes found during synchronizing tasks.
2023-01-20 20:58:05.164 [info] GlobalState: No changes found during synchronizing ui state.
2023-01-20 20:58:05.247 [info] Extensions: No changes found during synchronizing extensions.
2023-01-20 20:58:05.249 [info] Sync done. Took 572ms
2023-01-20 20:59:09.075 [info] Auto Sync: Triggered by Activity
2023-01-20 20:59:09.076 [info] Sync started.
2023-01-20 20:59:09.828 [info] Profiles: No changes found during synchronizing profiles.
2023-01-20 20:59:09.845 [info] Settings: No changes found during synchronizing settings.
2023-01-20 20:59:09.848 [info] Keybindings: No changes found during synchronizing keybindings.
2023-01-20 20:59:09.854 [info] Snippets: No changes found during synchronizing snippets.
2023-01-20 20:59:09.857 [info] Tasks: No changes found during synchronizing tasks.
2023-01-20 20:59:09.863 [info] GlobalState: No changes found during synchronizing ui state.
2023-01-20 20:59:09.959 [info] Extensions: No changes found during synchronizing extensions.
2023-01-20 20:59:09.962 [info] Sync done. Took 887ms
2023-01-20 20:59:24.768 [info] Auto Sync: Triggered by Activity
2023-01-20 20:59:24.769 [info] Sync started.
2023-01-20 20:59:25.303 [info] Profiles: No changes found during synchronizing profiles.
2023-01-20 20:59:26.118 [info] Settings: Updated remote settings
2023-01-20 20:59:26.134 [info] Settings: Updated last synchronized settings
2023-01-20 20:59:26.139 [info] Keybindings: No changes found during synchronizing keybindings.
2023-01-20 20:59:26.143 [info] Snippets: No changes found during synchronizing snippets.
2023-01-20 20:59:26.148 [info] Tasks: No changes found during synchronizing tasks.
2023-01-20 20:59:26.157 [info] GlobalState: No changes found during synchronizing ui state.
2023-01-20 20:59:26.230 [info] Extensions: No changes found during synchronizing extensions.
2023-01-20 20:59:26.234 [info] Sync done. Took 1467ms
2023-01-20 20:59:26.993 [info] Auto Sync: Triggered by Activity
2023-01-20 20:59:26.994 [info] Sync started.
2023-01-20 20:59:27.768 [info] Profiles: No changes found during synchronizing profiles.
2023-01-20 20:59:27.788 [info] Settings: No changes found during synchronizing settings.
2023-01-20 20:59:27.792 [info] Keybindings: No changes found during synchronizing keybindings.
2023-01-20 20:59:27.796 [info] Snippets: No changes found during synchronizing snippets.
2023-01-20 20:59:27.799 [info] Tasks: No changes found during synchronizing tasks.
2023-01-20 20:59:27.804 [info] GlobalState: No changes found during synchronizing ui state.
2023-01-20 20:59:27.872 [info] Extensions: No changes found during synchronizing extensions.
2023-01-20 20:59:27.875 [info] Sync done. Took 883ms
2023-01-20 20:59:33.364 [info] Auto Sync: Triggered by Activity
2023-01-20 20:59:33.364 [info] Sync started.
2023-01-20 20:59:33.748 [info] Profiles: No changes found during synchronizing profiles.
2023-01-20 20:59:33.757 [info] Settings: No changes found during synchronizing settings.
2023-01-20 20:59:33.762 [info] Keybindings: No changes found during synchronizing keybindings.
2023-01-20 20:59:33.769 [info] Snippets: No changes found during synchronizing snippets.
2023-01-20 20:59:33.774 [info] Tasks: No changes found during synchronizing tasks.
2023-01-20 20:59:33.780 [info] GlobalState: No changes found during synchronizing ui state.
2023-01-20 20:59:33.867 [info] Extensions: No changes found during synchronizing extensions.
2023-01-20 20:59:33.869 [info] Sync done. Took 506ms
2023-01-20 20:59:37.040 [info] Auto Sync: Triggered by Activity
2023-01-20 20:59:37.040 [info] Sync started.
2023-01-20 20:59:37.796 [info] Profiles: No changes found during synchronizing profiles.
2023-01-20 20:59:38.251 [info] Settings: Updated remote settings
2023-01-20 20:59:38.268 [info] Settings: Updated last synchronized settings
2023-01-20 20:59:38.272 [info] Keybindings: No changes found during synchronizing keybindings.
2023-01-20 20:59:38.276 [info] Snippets: No changes found during synchronizing snippets.
2023-01-20 20:59:38.279 [info] Tasks: No changes found during synchronizing tasks.
2023-01-20 20:59:38.285 [info] GlobalState: No changes found during synchronizing ui state.
2023-01-20 20:59:38.363 [info] Extensions: No changes found during synchronizing extensions.
2023-01-20 20:59:38.365 [info] Sync done. Took 1326ms
2023-01-20 20:59:39.794 [info] Auto Sync: Triggered by Activity
2023-01-20 20:59:39.794 [info] Sync started.
2023-01-20 20:59:40.263 [info] Profiles: No changes found during synchronizing profiles.
2023-01-20 20:59:40.276 [info] Settings: No changes found during synchronizing settings.
2023-01-20 20:59:40.280 [info] Keybindings: No changes found during synchronizing keybindings.
2023-01-20 20:59:40.284 [info] Snippets: No changes found during synchronizing snippets.
2023-01-20 20:59:40.288 [info] Tasks: No changes found during synchronizing tasks.
2023-01-20 20:59:40.291 [info] GlobalState: No changes found during synchronizing ui state.
2023-01-20 20:59:40.349 [info] Extensions: No changes found during synchronizing extensions.
2023-01-20 20:59:40.351 [info] Sync done. Took 559ms
2023-01-20 20:59:47.914 [info] Auto Sync: Triggered by Activity
2023-01-20 20:59:47.914 [info] Sync started.
2023-01-20 20:59:48.958 [info] Profiles: No changes found during synchronizing profiles.
2023-01-20 20:59:48.981 [info] Settings: No changes found during synchronizing settings.
2023-01-20 20:59:48.986 [info] Keybindings: No changes found during synchronizing keybindings.
2023-01-20 20:59:48.994 [info] Snippets: No changes found during synchronizing snippets.
2023-01-20 20:59:48.999 [info] Tasks: No changes found during synchronizing tasks.
2023-01-20 20:59:49.005 [info] GlobalState: No changes found during synchronizing ui state.
2023-01-20 20:59:49.076 [info] Extensions: No changes found during synchronizing extensions.
2023-01-20 20:59:49.079 [info] Sync done. Took 1167ms
2023-01-20 20:59:57.348 [info] Auto Sync: Triggered by Activity
2023-01-20 20:59:57.349 [info] Sync started.
2023-01-20 20:59:58.585 [info] Profiles: No changes found during synchronizing profiles.
2023-01-20 20:59:58.594 [info] Settings: No changes found during synchronizing settings.
2023-01-20 20:59:58.598 [info] Keybindings: No changes found during synchronizing keybindings.
2023-01-20 20:59:58.604 [info] Snippets: No changes found during synchronizing snippets.
2023-01-20 20:59:58.609 [info] Tasks: No changes found during synchronizing tasks.
2023-01-20 20:59:58.617 [info] GlobalState: No changes found during synchronizing ui state.
2023-01-20 20:59:58.691 [info] Extensions: No changes found during synchronizing extensions.
2023-01-20 20:59:58.695 [info] Sync done. Took 1347ms
2023-01-20 21:00:09.615 [info] Auto Sync: Triggered by Activity
2023-01-20 21:00:09.616 [info] Sync started.
2023-01-20 21:00:10.869 [info] Profiles: No changes found during synchronizing profiles.
2023-01-20 21:00:10.880 [info] Settings: No changes found during synchronizing settings.
2023-01-20 21:00:10.885 [info] Keybindings: No changes found during synchronizing keybindings.
2023-01-20 21:00:10.890 [info] Snippets: No changes found during synchronizing snippets.
2023-01-20 21:00:10.894 [info] Tasks: No changes found during synchronizing tasks.
2023-01-20 21:00:10.901 [info] GlobalState: No changes found during synchronizing ui state.
2023-01-20 21:00:10.979 [info] Extensions: No changes found during synchronizing extensions.
2023-01-20 21:00:10.981 [info] Sync done. Took 1367ms
2023-01-20 21:00:13.343 [info] Auto Sync: Triggered by Activity
2023-01-20 21:00:13.343 [info] Sync started.
2023-01-20 21:00:13.735 [info] Profiles: No changes found during synchronizing profiles.
2023-01-20 21:00:13.746 [info] Settings: No changes found during synchronizing settings.
2023-01-20 21:00:13.749 [info] Keybindings: No changes found during synchronizing keybindings.
2023-01-20 21:00:13.753 [info] Snippets: No changes found during synchronizing snippets.
2023-01-20 21:00:13.756 [info] Tasks: No changes found during synchronizing tasks.
2023-01-20 21:00:13.763 [info] GlobalState: No changes found during synchronizing ui state.
2023-01-20 21:00:13.842 [info] Extensions: No changes found during synchronizing extensions.
2023-01-20 21:00:13.845 [info] Sync done. Took 504ms
2023-01-20 21:00:43.661 [info] Auto Sync: Triggered by Activity
2023-01-20 21:00:43.661 [info] Sync started.
2023-01-20 21:00:53.359 [info] Profiles: No changes found during synchronizing profiles.
2023-01-20 21:00:53.959 [info] Settings: Updated remote settings
2023-01-20 21:00:53.972 [info] Settings: Updated last synchronized settings
2023-01-20 21:00:53.978 [info] Keybindings: No changes found during synchronizing keybindings.
2023-01-20 21:00:53.984 [info] Snippets: No changes found during synchronizing snippets.
2023-01-20 21:00:53.989 [info] Tasks: No changes found during synchronizing tasks.
2023-01-20 21:00:53.994 [info] GlobalState: No changes found during synchronizing ui state.
2023-01-20 21:00:54.095 [info] Extensions: No changes found during synchronizing extensions.
2023-01-20 21:00:54.098 [info] Sync done. Took 10439ms
2023-01-20 21:00:54.510 [info] Auto Sync: Triggered by Activity
2023-01-20 21:00:54.511 [info] Sync started.
2023-01-20 21:01:07.494 [info] Profiles: No changes found during synchronizing profiles.
2023-01-20 21:01:08.052 [info] Settings: Updated remote settings
2023-01-20 21:01:08.070 [info] Settings: Updated last synchronized settings
2023-01-20 21:01:08.077 [info] Keybindings: No changes found during synchronizing keybindings.
2023-01-20 21:01:08.085 [info] Snippets: No changes found during synchronizing snippets.
2023-01-20 21:01:08.090 [info] Tasks: No changes found during synchronizing tasks.
2023-01-20 21:01:09.843 [info] GlobalState: Updated remote ui state. Updated: workbench.activity.pinnedViewlets2.
2023-01-20 21:01:09.857 [info] GlobalState: Updated last synchronized ui state
2023-01-20 21:01:09.949 [info] Extensions: No changes found during synchronizing extensions.
2023-01-20 21:01:09.952 [info] Sync done. Took 15443ms
2023-01-20 21:01:09.952 [info] Auto Sync: Triggered by Activity
2023-01-20 21:01:09.952 [info] Sync started.
2023-01-20 21:01:10.319 [info] Profiles: No changes found during synchronizing profiles.
2023-01-20 21:01:10.333 [info] Settings: No changes found during synchronizing settings.
2023-01-20 21:01:10.337 [info] Keybindings: No changes found during synchronizing keybindings.
2023-01-20 21:01:10.342 [info] Snippets: No changes found during synchronizing snippets.
2023-01-20 21:01:10.347 [info] Tasks: No changes found during synchronizing tasks.
2023-01-20 21:01:10.353 [info] GlobalState: No changes found during synchronizing ui state.
2023-01-20 21:01:10.411 [info] Extensions: No changes found during synchronizing extensions.
2023-01-20 21:01:10.414 [info] Sync done. Took 461ms
2023-01-20 21:01:16.769 [info] Auto Sync: Triggered by Activity
2023-01-20 21:01:16.770 [info] Sync started.
2023-01-20 21:01:17.742 [info] Profiles: No changes found during synchronizing profiles.
2023-01-20 21:01:17.751 [info] Settings: No changes found during synchronizing settings.
2023-01-20 21:01:17.755 [info] Keybindings: No changes found during synchronizing keybindings.
2023-01-20 21:01:17.760 [info] Snippets: No changes found during synchronizing snippets.
2023-01-20 21:01:17.763 [info] Tasks: No changes found during synchronizing tasks.
2023-01-20 21:01:18.377 [info] GlobalState: Updated remote ui state. Updated: workbench.activity.pinnedViewlets2.
2023-01-20 21:01:18.391 [info] GlobalState: Updated last synchronized ui state
2023-01-20 21:01:18.471 [info] Extensions: No changes found during synchronizing extensions.
2023-01-20 21:01:18.473 [info] Sync done. Took 1705ms
2023-01-20 21:01:22.063 [info] Auto Sync: Triggered by Activity
2023-01-20 21:01:22.064 [info] Sync started.
2023-01-20 21:01:22.549 [info] Profiles: No changes found during synchronizing profiles.
2023-01-20 21:01:22.570 [info] Settings: No changes found during synchronizing settings.
2023-01-20 21:01:22.575 [info] Keybindings: No changes found during synchronizing keybindings.
2023-01-20 21:01:22.579 [info] Snippets: No changes found during synchronizing snippets.
2023-01-20 21:01:22.583 [info] Tasks: No changes found during synchronizing tasks.
2023-01-20 21:01:22.588 [info] GlobalState: No changes found during synchronizing ui state.
2023-01-20 21:01:22.652 [info] Extensions: No changes found during synchronizing extensions.
2023-01-20 21:01:22.654 [info] Sync done. Took 593ms
2023-01-20 21:02:00.127 [info] Auto Sync: Triggered by Activity
2023-01-20 21:02:00.128 [info] Sync started.
2023-01-20 21:02:00.543 [info] Profiles: No changes found during synchronizing profiles.
2023-01-20 21:02:00.566 [info] Settings: No changes found during synchronizing settings.
2023-01-20 21:02:00.571 [info] Keybindings: No changes found during synchronizing keybindings.
2023-01-20 21:02:00.577 [info] Snippets: No changes found during synchronizing snippets.
2023-01-20 21:02:00.581 [info] Tasks: No changes found during synchronizing tasks.
2023-01-20 21:02:00.587 [info] GlobalState: No changes found during synchronizing ui state.
2023-01-20 21:02:00.685 [info] Extensions: No changes found during synchronizing extensions.
2023-01-20 21:02:00.688 [info] Sync done. Took 561ms
2023-01-20 21:02:39.716 [info] Auto Sync: Triggered by Activity
2023-01-20 21:02:39.716 [info] Sync started.
2023-01-20 21:02:40.594 [info] Profiles: No changes found during synchronizing profiles.
2023-01-20 21:02:40.607 [info] Settings: No changes found during synchronizing settings.
2023-01-20 21:02:40.613 [info] Keybindings: No changes found during synchronizing keybindings.
2023-01-20 21:02:40.618 [info] Snippets: No changes found during synchronizing snippets.
2023-01-20 21:02:40.623 [info] Tasks: No changes found during synchronizing tasks.
2023-01-20 21:02:40.628 [info] GlobalState: No changes found during synchronizing ui state.
2023-01-20 21:02:40.717 [info] Extensions: No changes found during synchronizing extensions.
2023-01-20 21:02:40.719 [info] Sync done. Took 1004ms
2023-01-20 21:02:45.765 [info] Auto Sync: Triggered by Activity
2023-01-20 21:02:45.766 [info] Sync started.
2023-01-20 21:02:57.708 [info] Profiles: No changes found during synchronizing profiles.
2023-01-20 21:02:57.720 [info] Settings: No changes found during synchronizing settings.
2023-01-20 21:02:57.723 [info] Keybindings: No changes found during synchronizing keybindings.
2023-01-20 21:02:57.729 [info] Snippets: No changes found during synchronizing snippets.
2023-01-20 21:02:57.733 [info] Tasks: No changes found during synchronizing tasks.
2023-01-20 21:02:57.739 [info] GlobalState: No changes found during synchronizing ui state.
2023-01-20 21:02:57.820 [info] Extensions: No changes found during synchronizing extensions.
2023-01-20 21:02:57.823 [info] Sync done. Took 12057ms
2023-01-20 21:03:47.637 [info] Auto Sync: Triggered by Activity
2023-01-20 21:03:47.637 [info] Sync started.
2023-01-20 21:03:48.722 [info] Profiles: No changes found during synchronizing profiles.
2023-01-20 21:03:48.731 [info] Settings: No changes found during synchronizing settings.
2023-01-20 21:03:48.736 [info] Keybindings: No changes found during synchronizing keybindings.
2023-01-20 21:03:48.741 [info] Snippets: No changes found during synchronizing snippets.
2023-01-20 21:03:48.744 [info] Tasks: No changes found during synchronizing tasks.
2023-01-20 21:03:48.748 [info] GlobalState: No changes found during synchronizing ui state.
2023-01-20 21:03:48.862 [info] Extensions: No changes found during synchronizing extensions.
2023-01-20 21:03:48.866 [info] Sync done. Took 1230ms
2023-01-20 21:03:53.925 [info] Auto Sync: Triggered by Activity
2023-01-20 21:03:53.926 [info] Sync started.
2023-01-20 21:03:54.357 [info] Profiles: No changes found during synchronizing profiles.
2023-01-20 21:03:54.368 [info] Settings: No changes found during synchronizing settings.
2023-01-20 21:03:54.379 [info] Keybindings: No changes found during synchronizing keybindings.
2023-01-20 21:03:54.385 [info] Snippets: No changes found during synchronizing snippets.
2023-01-20 21:03:54.389 [info] Tasks: No changes found during synchronizing tasks.
2023-01-20 21:03:54.393 [info] GlobalState: No changes found during synchronizing ui state.
2023-01-20 21:03:54.463 [info] Extensions: No changes found during synchronizing extensions.
2023-01-20 21:03:54.464 [info] Sync done. Took 540ms
2023-01-20 21:03:55.994 [info] Auto Sync: Triggered by Activity
2023-01-20 21:03:55.994 [info] Sync started.
2023-01-20 21:03:56.302 [info] Profiles: No changes found during synchronizing profiles.
2023-01-20 21:03:56.311 [info] Settings: No changes found during synchronizing settings.
2023-01-20 21:03:56.316 [info] Keybindings: No changes found during synchronizing keybindings.
2023-01-20 21:03:56.322 [info] Snippets: No changes found during synchronizing snippets.
2023-01-20 21:03:56.326 [info] Tasks: No changes found during synchronizing tasks.
2023-01-20 21:03:56.330 [info] GlobalState: No changes found during synchronizing ui state.
2023-01-20 21:03:56.405 [info] Extensions: No changes found during synchronizing extensions.
2023-01-20 21:03:56.407 [info] Sync done. Took 415ms
2023-01-20 21:04:07.057 [info] Auto Sync: Triggered by Activity
2023-01-20 21:04:07.058 [info] Sync started.
2023-01-20 21:04:07.466 [info] Profiles: No changes found during synchronizing profiles.
2023-01-20 21:04:07.937 [info] Settings: Updated remote settings
2023-01-20 21:04:07.953 [info] Settings: Updated last synchronized settings
2023-01-20 21:04:07.957 [info] Keybindings: No changes found during synchronizing keybindings.
2023-01-20 21:04:07.964 [info] Snippets: No changes found during synchronizing snippets.
2023-01-20 21:04:07.970 [info] Tasks: No changes found during synchronizing tasks.
2023-01-20 21:04:07.976 [info] GlobalState: No changes found during synchronizing ui state.
2023-01-20 21:04:08.066 [info] Extensions: No changes found during synchronizing extensions.
2023-01-20 21:04:08.069 [info] Sync done. Took 1012ms
2023-01-20 21:04:26.026 [info] Auto Sync: Triggered by Activity
2023-01-20 21:04:26.026 [info] Sync started.
2023-01-20 21:04:26.435 [info] Profiles: No changes found during synchronizing profiles.
2023-01-20 21:04:27.211 [info] Settings: Updated remote settings
2023-01-20 21:04:27.226 [info] Settings: Updated last synchronized settings
2023-01-20 21:04:27.230 [info] Keybindings: No changes found during synchronizing keybindings.
2023-01-20 21:04:27.234 [info] Snippets: No changes found during synchronizing snippets.
2023-01-20 21:04:27.238 [info] Tasks: No changes found during synchronizing tasks.
2023-01-20 21:04:27.244 [info] GlobalState: No changes found during synchronizing ui state.
2023-01-20 21:04:27.331 [info] Extensions: No changes found during synchronizing extensions.
2023-01-20 21:04:27.333 [info] Sync done. Took 1312ms
2023-01-20 21:04:31.929 [info] Auto Sync: Triggered by Activity
2023-01-20 21:04:31.930 [info] Sync started.
2023-01-20 21:04:32.969 [info] Profiles: No changes found during synchronizing profiles.
2023-01-20 21:04:32.979 [info] Settings: No changes found during synchronizing settings.
2023-01-20 21:04:32.984 [info] Keybindings: No changes found during synchronizing keybindings.
2023-01-20 21:04:32.993 [info] Snippets: No changes found during synchronizing snippets.
2023-01-20 21:04:33.000 [info] Tasks: No changes found during synchronizing tasks.
2023-01-20 21:04:33.007 [info] GlobalState: No changes found during synchronizing ui state.
2023-01-20 21:04:33.085 [info] Extensions: No changes found during synchronizing extensions.
2023-01-20 21:04:33.088 [info] Sync done. Took 1160ms
2023-01-20 21:04:44.373 [info] Auto Sync: Triggered by Activity
2023-01-20 21:04:44.373 [info] Sync started.
2023-01-20 21:04:44.742 [info] Profiles: No changes found during synchronizing profiles.
2023-01-20 21:04:44.754 [info] Settings: No changes found during synchronizing settings.
2023-01-20 21:04:44.758 [info] Keybindings: No changes found during synchronizing keybindings.
2023-01-20 21:04:44.764 [info] Snippets: No changes found during synchronizing snippets.
2023-01-20 21:04:44.769 [info] Tasks: No changes found during synchronizing tasks.
2023-01-20 21:04:44.774 [info] GlobalState: No changes found during synchronizing ui state.
2023-01-20 21:04:44.853 [info] Extensions: No changes found during synchronizing extensions.
2023-01-20 21:04:44.857 [info] Sync done. Took 484ms
2023-01-20 21:05:14.951 [info] Auto Sync: Triggered by Activity
2023-01-20 21:05:14.951 [info] Sync started.
2023-01-20 21:05:15.552 [info] Profiles: No changes found during synchronizing profiles.
2023-01-20 21:05:16.124 [info] Settings: Updated remote settings
2023-01-20 21:05:16.139 [info] Settings: Updated last synchronized settings
2023-01-20 21:05:16.146 [info] Keybindings: No changes found during synchronizing keybindings.
2023-01-20 21:05:16.154 [info] Snippets: No changes found during synchronizing snippets.
2023-01-20 21:05:16.158 [info] Tasks: No changes found during synchronizing tasks.
2023-01-20 21:05:16.165 [info] GlobalState: No changes found during synchronizing ui state.
2023-01-20 21:05:16.281 [info] Extensions: No changes found during synchronizing extensions.
2023-01-20 21:05:16.284 [info] Sync done. Took 1335ms
2023-01-20 21:05:18.274 [info] Auto Sync: Triggered by Activity
2023-01-20 21:05:18.274 [info] Sync started.
2023-01-20 21:05:18.732 [info] Profiles: No changes found during synchronizing profiles.
2023-01-20 21:05:18.745 [info] Settings: No changes found during synchronizing settings.
2023-01-20 21:05:18.749 [info] Keybindings: No changes found during synchronizing keybindings.
2023-01-20 21:05:18.755 [info] Snippets: No changes found during synchronizing snippets.
2023-01-20 21:05:18.759 [info] Tasks: No changes found during synchronizing tasks.
2023-01-20 21:05:18.764 [info] GlobalState: No changes found during synchronizing ui state.
2023-01-20 21:05:18.852 [info] Extensions: No changes found during synchronizing extensions.
2023-01-20 21:05:18.854 [info] Sync done. Took 582ms
2023-01-20 21:05:25.323 [info] Auto Sync: Triggered by Activity
2023-01-20 21:05:25.324 [info] Sync started.
2023-01-20 21:05:25.594 [info] Profiles: No changes found during synchronizing profiles.
2023-01-20 21:05:26.178 [info] Settings: Updated remote settings
2023-01-20 21:05:26.194 [info] Settings: Updated last synchronized settings
2023-01-20 21:05:26.200 [info] Keybindings: No changes found during synchronizing keybindings.
2023-01-20 21:05:26.207 [info] Snippets: No changes found during synchronizing snippets.
2023-01-20 21:05:26.210 [info] Tasks: No changes found during synchronizing tasks.
2023-01-20 21:05:26.216 [info] GlobalState: No changes found during synchronizing ui state.
2023-01-20 21:05:26.295 [info] Extensions: No changes found during synchronizing extensions.
2023-01-20 21:05:26.297 [info] Sync done. Took 975ms
2023-01-20 21:05:29.035 [info] Auto Sync: Triggered by Activity
2023-01-20 21:05:29.035 [info] Sync started.
2023-01-20 21:05:29.987 [info] Profiles: No changes found during synchronizing profiles.
2023-01-20 21:05:29.997 [info] Settings: No changes found during synchronizing settings.
2023-01-20 21:05:30.001 [info] Keybindings: No changes found during synchronizing keybindings.
2023-01-20 21:05:30.008 [info] Snippets: No changes found during synchronizing snippets.
2023-01-20 21:05:30.011 [info] Tasks: No changes found during synchronizing tasks.
2023-01-20 21:05:30.017 [info] GlobalState: No changes found during synchronizing ui state.
2023-01-20 21:05:30.073 [info] Extensions: No changes found during synchronizing extensions.
2023-01-20 21:05:30.075 [info] Sync done. Took 1042ms
2023-01-20 21:05:55.693 [info] Auto Sync: Triggered by Activity
2023-01-20 21:05:55.693 [info] Sync started.
2023-01-20 21:05:56.500 [info] Profiles: No changes found during synchronizing profiles.
2023-01-20 21:05:56.510 [info] Settings: No changes found during synchronizing settings.
2023-01-20 21:05:56.514 [info] Keybindings: No changes found during synchronizing keybindings.
2023-01-20 21:05:56.521 [info] Snippets: No changes found during synchronizing snippets.
2023-01-20 21:05:56.524 [info] Tasks: No changes found during synchronizing tasks.
2023-01-20 21:05:56.529 [info] GlobalState: No changes found during synchronizing ui state.
2023-01-20 21:05:56.617 [info] Extensions: No changes found during synchronizing extensions.
2023-01-20 21:05:56.620 [info] Sync done. Took 929ms
2023-01-20 21:06:03.151 [info] Auto Sync: Triggered by Activity
2023-01-20 21:06:03.151 [info] Sync started.
2023-01-20 21:06:04.181 [info] Profiles: No changes found during synchronizing profiles.
2023-01-20 21:06:04.892 [info] Settings: Updated remote settings
2023-01-20 21:06:04.910 [info] Settings: Updated last synchronized settings
2023-01-20 21:06:04.915 [info] Keybindings: No changes found during synchronizing keybindings.
2023-01-20 21:06:04.921 [info] Snippets: No changes found during synchronizing snippets.
2023-01-20 21:06:04.924 [info] Tasks: No changes found during synchronizing tasks.
2023-01-20 21:06:04.928 [info] GlobalState: No changes found during synchronizing ui state.
2023-01-20 21:06:05.008 [info] Extensions: No changes found during synchronizing extensions.
2023-01-20 21:06:05.010 [info] Sync done. Took 1861ms
2023-01-20 21:06:07.935 [info] Auto Sync: Triggered by Activity
2023-01-20 21:06:07.936 [info] Sync started.
2023-01-20 21:06:08.786 [info] Profiles: No changes found during synchronizing profiles.
2023-01-20 21:06:09.391 [info] Settings: Updated remote settings
2023-01-20 21:06:09.406 [info] Settings: Updated last synchronized settings
2023-01-20 21:06:09.410 [info] Keybindings: No changes found during synchronizing keybindings.
2023-01-20 21:06:09.415 [info] Snippets: No changes found during synchronizing snippets.
2023-01-20 21:06:09.420 [info] Tasks: No changes found during synchronizing tasks.
2023-01-20 21:06:09.425 [info] GlobalState: No changes found during synchronizing ui state.
2023-01-20 21:06:09.483 [info] Extensions: No changes found during synchronizing extensions.
2023-01-20 21:06:09.486 [info] Sync done. Took 1551ms
2023-01-20 21:06:28.038 [info] Auto Sync: Triggered by Activity
2023-01-20 21:06:28.039 [info] Sync started.
2023-01-20 21:06:28.446 [info] Profiles: No changes found during synchronizing profiles.
2023-01-20 21:06:28.457 [info] Settings: No changes found during synchronizing settings.
2023-01-20 21:06:28.461 [info] Keybindings: No changes found during synchronizing keybindings.
2023-01-20 21:06:28.466 [info] Snippets: No changes found during synchronizing snippets.
2023-01-20 21:06:28.469 [info] Tasks: No changes found during synchronizing tasks.
2023-01-20 21:06:28.474 [info] GlobalState: No changes found during synchronizing ui state.
2023-01-20 21:06:28.563 [info] Extensions: No changes found during synchronizing extensions.
2023-01-20 21:06:28.566 [info] Sync done. Took 529ms
2023-01-20 21:06:57.607 [info] Auto Sync: Triggered by Activity
2023-01-20 21:06:57.608 [info] Sync started.
2023-01-20 21:06:58.346 [info] Profiles: No changes found during synchronizing profiles.
2023-01-20 21:06:58.881 [info] Settings: Updated remote settings
2023-01-20 21:06:58.899 [info] Settings: Updated last synchronized settings
2023-01-20 21:06:58.905 [info] Keybindings: No changes found during synchronizing keybindings.
2023-01-20 21:06:58.909 [info] Snippets: No changes found during synchronizing snippets.
2023-01-20 21:06:58.914 [info] Tasks: No changes found during synchronizing tasks.
2023-01-20 21:06:58.919 [info] GlobalState: No changes found during synchronizing ui state.
2023-01-20 21:06:59.011 [info] Extensions: No changes found during synchronizing extensions.
2023-01-20 21:06:59.015 [info] Sync done. Took 1410ms
2023-01-20 21:07:05.235 [info] Auto Sync: Triggered by Activity
2023-01-20 21:07:05.235 [info] Sync started.
2023-01-20 21:07:05.615 [info] Profiles: No changes found during synchronizing profiles.
2023-01-20 21:07:06.010 [info] Settings: Updated remote settings
2023-01-20 21:07:06.025 [info] Settings: Updated last synchronized settings
2023-01-20 21:07:06.030 [info] Keybindings: No changes found during synchronizing keybindings.
2023-01-20 21:07:06.039 [info] Snippets: No changes found during synchronizing snippets.
2023-01-20 21:07:06.045 [info] Tasks: No changes found during synchronizing tasks.
2023-01-20 21:07:06.052 [info] GlobalState: No changes found during synchronizing ui state.
2023-01-20 21:07:06.125 [info] Extensions: No changes found during synchronizing extensions.
2023-01-20 21:07:06.128 [info] Sync done. Took 894ms
2023-01-20 21:07:31.198 [info] Auto Sync: Triggered by Activity
2023-01-20 21:07:31.199 [info] Sync started.
2023-01-20 21:07:31.725 [info] Profiles: No changes found during synchronizing profiles.
2023-01-20 21:07:31.737 [info] Settings: No changes found during synchronizing settings.
2023-01-20 21:07:31.742 [info] Keybindings: No changes found during synchronizing keybindings.
2023-01-20 21:07:31.748 [info] Snippets: No changes found during synchronizing snippets.
2023-01-20 21:07:31.752 [info] Tasks: No changes found during synchronizing tasks.
2023-01-20 21:07:31.760 [info] GlobalState: No changes found during synchronizing ui state.
2023-01-20 21:07:31.847 [info] Extensions: No changes found during synchronizing extensions.
2023-01-20 21:07:31.851 [info] Sync done. Took 653ms
2023-01-20 21:07:38.345 [info] Auto Sync: Triggered by Activity
2023-01-20 21:07:38.345 [info] Sync started.
2023-01-20 21:07:38.790 [info] Profiles: No changes found during synchronizing profiles.
2023-01-20 21:07:38.800 [info] Settings: No changes found during synchronizing settings.
2023-01-20 21:07:38.803 [info] Keybindings: No changes found during synchronizing keybindings.
2023-01-20 21:07:38.806 [info] Snippets: No changes found during synchronizing snippets.
2023-01-20 21:07:38.811 [info] Tasks: No changes found during synchronizing tasks.
2023-01-20 21:07:38.818 [info] GlobalState: No changes found during synchronizing ui state.
2023-01-20 21:07:38.903 [info] Extensions: No changes found during synchronizing extensions.
2023-01-20 21:07:38.906 [info] Sync done. Took 563ms
2023-01-20 21:07:50.438 [info] Auto Sync: Triggered by Activity
2023-01-20 21:07:50.439 [info] Sync started.
2023-01-20 21:08:08.355 [info] Profiles: No changes found during synchronizing profiles.
2023-01-20 21:08:08.369 [info] Settings: No changes found during synchronizing settings.
2023-01-20 21:08:08.373 [info] Keybindings: No changes found during synchronizing keybindings.
2023-01-20 21:08:08.379 [info] Snippets: No changes found during synchronizing snippets.
2023-01-20 21:08:08.385 [info] Tasks: No changes found during synchronizing tasks.
2023-01-20 21:08:08.392 [info] GlobalState: No changes found during synchronizing ui state.
2023-01-20 21:08:08.477 [info] Extensions: No changes found during synchronizing extensions.
2023-01-20 21:08:08.481 [info] Sync done. Took 18043ms
2023-01-20 21:08:12.470 [info] Auto Sync: Triggered by Activity
2023-01-20 21:08:12.471 [info] Sync started.
2023-01-20 21:08:12.969 [info] Profiles: No changes found during synchronizing profiles.
2023-01-20 21:08:13.399 [info] Settings: Updated remote settings
2023-01-20 21:08:13.407 [info] Settings: Updated last synchronized settings
2023-01-20 21:08:13.412 [info] Keybindings: No changes found during synchronizing keybindings.
2023-01-20 21:08:13.418 [info] Snippets: No changes found during synchronizing snippets.
2023-01-20 21:08:13.423 [info] Tasks: No changes found during synchronizing tasks.
2023-01-20 21:08:13.429 [info] GlobalState: No changes found during synchronizing ui state.
2023-01-20 21:08:13.510 [info] Extensions: No changes found during synchronizing extensions.
2023-01-20 21:08:13.513 [info] Sync done. Took 1044ms
2023-01-20 21:08:18.529 [info] Auto Sync: Triggered by Activity
2023-01-20 21:08:18.529 [info] Sync started.
2023-01-20 21:08:18.886 [info] Profiles: No changes found during synchronizing profiles.
2023-01-20 21:08:19.332 [info] Settings: Updated remote settings
2023-01-20 21:08:19.339 [info] Settings: Updated last synchronized settings
2023-01-20 21:08:19.343 [info] Keybindings: No changes found during synchronizing keybindings.
2023-01-20 21:08:19.349 [info] Snippets: No changes found during synchronizing snippets.
2023-01-20 21:08:19.355 [info] Tasks: No changes found during synchronizing tasks.
2023-01-20 21:08:19.363 [info] GlobalState: No changes found during synchronizing ui state.
2023-01-20 21:08:19.432 [info] Extensions: No changes found during synchronizing extensions.
2023-01-20 21:08:19.435 [info] Sync done. Took 908ms
2023-01-20 21:08:39.104 [info] Auto Sync: Triggered by Activity
2023-01-20 21:08:39.106 [info] Sync started.
2023-01-20 21:08:39.380 [info] Profiles: No changes found during synchronizing profiles.
2023-01-20 21:08:39.391 [info] Settings: No changes found during synchronizing settings.
2023-01-20 21:08:39.395 [info] Keybindings: No changes found during synchronizing keybindings.
2023-01-20 21:08:39.401 [info] Snippets: No changes found during synchronizing snippets.
2023-01-20 21:08:39.405 [info] Tasks: No changes found during synchronizing tasks.
2023-01-20 21:08:39.411 [info] GlobalState: No changes found during synchronizing ui state.
2023-01-20 21:08:39.497 [info] Extensions: No changes found during synchronizing extensions.
2023-01-20 21:08:39.499 [info] Sync done. Took 397ms
2023-01-20 21:08:41.954 [info] Auto Sync: Triggered by Activity
2023-01-20 21:08:41.954 [info] Sync started.
2023-01-20 21:08:42.484 [info] Profiles: No changes found during synchronizing profiles.
2023-01-20 21:08:42.507 [info] Settings: No changes found during synchronizing settings.
2023-01-20 21:08:42.512 [info] Keybindings: No changes found during synchronizing keybindings.
2023-01-20 21:08:42.520 [info] Snippets: No changes found during synchronizing snippets.
2023-01-20 21:08:42.525 [info] Tasks: No changes found during synchronizing tasks.
2023-01-20 21:08:42.530 [info] GlobalState: No changes found during synchronizing ui state.
2023-01-20 21:08:42.601 [info] Extensions: No changes found during synchronizing extensions.
2023-01-20 21:08:42.604 [info] Sync done. Took 652ms
2023-01-20 21:08:47.588 [info] Auto Sync: Triggered by Activity
2023-01-20 21:08:47.588 [info] Sync started.
2023-01-20 21:08:48.469 [info] Profiles: No changes found during synchronizing profiles.
2023-01-20 21:08:48.480 [info] Settings: No changes found during synchronizing settings.
2023-01-20 21:08:48.485 [info] Keybindings: No changes found during synchronizing keybindings.
2023-01-20 21:08:48.490 [info] Snippets: No changes found during synchronizing snippets.
2023-01-20 21:08:48.494 [info] Tasks: No changes found during synchronizing tasks.
2023-01-20 21:08:48.499 [info] GlobalState: No changes found during synchronizing ui state.
2023-01-20 21:08:48.574 [info] Extensions: No changes found during synchronizing extensions.
2023-01-20 21:08:48.576 [info] Sync done. Took 989ms
2023-01-20 21:08:54.397 [info] Auto Sync: Triggered by Activity
2023-01-20 21:08:54.398 [info] Sync started.
2023-01-20 21:08:54.979 [info] Profiles: No changes found during synchronizing profiles.
2023-01-20 21:08:54.993 [info] Settings: No changes found during synchronizing settings.
2023-01-20 21:08:54.997 [info] Keybindings: No changes found during synchronizing keybindings.
2023-01-20 21:08:55.003 [info] Snippets: No changes found during synchronizing snippets.
2023-01-20 21:08:55.006 [info] Tasks: No changes found during synchronizing tasks.
2023-01-20 21:08:55.012 [info] GlobalState: No changes found during synchronizing ui state.
2023-01-20 21:08:55.070 [info] Extensions: No changes found during synchronizing extensions.
2023-01-20 21:08:55.073 [info] Sync done. Took 676ms
2023-01-20 21:09:07.638 [info] Auto Sync: Triggered by Activity
2023-01-20 21:09:07.638 [info] Sync started.
2023-01-20 21:09:08.602 [info] Profiles: No changes found during synchronizing profiles.
2023-01-20 21:09:08.610 [info] Settings: No changes found during synchronizing settings.
2023-01-20 21:09:08.612 [info] Keybindings: No changes found during synchronizing keybindings.
2023-01-20 21:09:08.618 [info] Snippets: No changes found during synchronizing snippets.
2023-01-20 21:09:08.623 [info] Tasks: No changes found during synchronizing tasks.
2023-01-20 21:09:08.627 [info] GlobalState: No changes found during synchronizing ui state.
2023-01-20 21:09:08.705 [info] Extensions: No changes found during synchronizing extensions.
2023-01-20 21:09:08.708 [info] Sync done. Took 1071ms
2023-01-20 21:10:34.676 [info] Auto Sync: Triggered by Activity
2023-01-20 21:10:34.676 [info] Sync started.
2023-01-20 21:10:35.612 [info] Profiles: No changes found during synchronizing profiles.
2023-01-20 21:10:35.640 [info] Settings: No changes found during synchronizing settings.
2023-01-20 21:10:35.643 [info] Keybindings: No changes found during synchronizing keybindings.
2023-01-20 21:10:35.648 [info] Snippets: No changes found during synchronizing snippets.
2023-01-20 21:10:35.652 [info] Tasks: No changes found during synchronizing tasks.
2023-01-20 21:10:35.658 [info] GlobalState: No changes found during synchronizing ui state.
2023-01-20 21:10:35.750 [info] Extensions: No changes found during synchronizing extensions.
2023-01-20 21:10:35.753 [info] Sync done. Took 1081ms
2023-01-20 21:11:29.439 [info] Auto Sync: Triggered by Activity
2023-01-20 21:11:29.440 [info] Sync started.
2023-01-20 21:11:29.877 [info] Profiles: No changes found during synchronizing profiles.
2023-01-20 21:11:29.898 [info] Settings: No changes found during synchronizing settings.
2023-01-20 21:11:29.904 [info] Keybindings: No changes found during synchronizing keybindings.
2023-01-20 21:11:29.908 [info] Snippets: No changes found during synchronizing snippets.
2023-01-20 21:11:29.914 [info] Tasks: No changes found during synchronizing tasks.
2023-01-20 21:11:29.918 [info] GlobalState: No changes found during synchronizing ui state.
2023-01-20 21:11:30.002 [info] Extensions: No changes found during synchronizing extensions.
2023-01-20 21:11:30.005 [info] Sync done. Took 566ms
2023-01-20 21:11:52.927 [info] Auto Sync: Triggered by Activity
2023-01-20 21:11:52.927 [info] Sync started.
2023-01-20 21:11:53.837 [info] Profiles: No changes found during synchronizing profiles.
2023-01-20 21:11:54.961 [info] Settings: Updated remote settings
2023-01-20 21:11:54.977 [info] Settings: Updated last synchronized settings
2023-01-20 21:11:54.982 [info] Keybindings: No changes found during synchronizing keybindings.
2023-01-20 21:11:54.988 [info] Snippets: No changes found during synchronizing snippets.
2023-01-20 21:11:54.993 [info] Tasks: No changes found during synchronizing tasks.
2023-01-20 21:11:54.999 [info] GlobalState: No changes found during synchronizing ui state.
2023-01-20 21:11:55.084 [info] Extensions: No changes found during synchronizing extensions.
2023-01-20 21:11:55.087 [info] Sync done. Took 2160ms
2023-01-20 21:12:30.495 [info] Auto Sync: Triggered by Activity
2023-01-20 21:12:30.495 [info] Sync started.
2023-01-20 21:12:36.029 [info] Profiles: No changes found during synchronizing profiles.
2023-01-20 21:12:36.054 [info] Settings: No changes found during synchronizing settings.
2023-01-20 21:12:36.061 [info] Keybindings: No changes found during synchronizing keybindings.
2023-01-20 21:12:36.068 [info] Snippets: No changes found during synchronizing snippets.
2023-01-20 21:12:36.075 [info] Tasks: No changes found during synchronizing tasks.
2023-01-20 21:12:36.080 [info] GlobalState: No changes found during synchronizing ui state.
2023-01-20 21:12:36.165 [info] Extensions: No changes found during synchronizing extensions.
2023-01-20 21:12:36.167 [info] Sync done. Took 5672ms
2023-01-20 21:12:44.267 [info] Auto Sync: Triggered by Activity
2023-01-20 21:12:44.268 [info] Sync started.
2023-01-20 21:12:56.313 [info] Profiles: No changes found during synchronizing profiles.
2023-01-20 21:12:57.163 [info] Settings: Updated remote settings
2023-01-20 21:12:57.168 [info] Settings: Updated last synchronized settings
2023-01-20 21:12:57.172 [info] Keybindings: No changes found during synchronizing keybindings.
2023-01-20 21:12:57.179 [info] Snippets: No changes found during synchronizing snippets.
2023-01-20 21:12:57.183 [info] Tasks: No changes found during synchronizing tasks.
2023-01-20 21:12:57.188 [info] GlobalState: No changes found during synchronizing ui state.
2023-01-20 21:12:57.276 [info] Extensions: No changes found during synchronizing extensions.
2023-01-20 21:12:57.279 [info] Sync done. Took 13013ms
2023-01-20 21:12:57.280 [info] Auto Sync: Triggered by Activity
2023-01-20 21:12:57.280 [info] Sync started.
2023-01-20 21:12:57.831 [info] Profiles: No changes found during synchronizing profiles.
2023-01-20 21:12:57.847 [info] Settings: No changes found during synchronizing settings.
2023-01-20 21:12:57.851 [info] Keybindings: No changes found during synchronizing keybindings.
2023-01-20 21:12:57.857 [info] Snippets: No changes found during synchronizing snippets.
2023-01-20 21:12:57.861 [info] Tasks: No changes found during synchronizing tasks.
2023-01-20 21:12:57.868 [info] GlobalState: No changes found during synchronizing ui state.
2023-01-20 21:12:57.952 [info] Extensions: No changes found during synchronizing extensions.
2023-01-20 21:12:57.955 [info] Sync done. Took 675ms
2023-01-20 21:13:04.857 [info] Auto Sync: Triggered by Activity
2023-01-20 21:13:04.857 [info] Sync started.
2023-01-20 21:13:06.025 [info] Profiles: No changes found during synchronizing profiles.
2023-01-20 21:13:06.040 [info] Settings: No changes found during synchronizing settings.
2023-01-20 21:13:06.045 [info] Keybindings: No changes found during synchronizing keybindings.
2023-01-20 21:13:06.052 [info] Snippets: No changes found during synchronizing snippets.
2023-01-20 21:13:06.058 [info] Tasks: No changes found during synchronizing tasks.
2023-01-20 21:13:06.063 [info] GlobalState: No changes found during synchronizing ui state.
2023-01-20 21:13:06.121 [info] Extensions: No changes found during synchronizing extensions.
2023-01-20 21:13:06.123 [info] Sync done. Took 1267ms
2023-01-20 21:13:19.124 [info] Auto Sync: Triggered by Activity
2023-01-20 21:13:19.124 [info] Sync started.
2023-01-20 21:13:19.716 [info] Profiles: No changes found during synchronizing profiles.
2023-01-20 21:13:19.725 [info] Settings: No changes found during synchronizing settings.
2023-01-20 21:13:19.731 [info] Keybindings: No changes found during synchronizing keybindings.
2023-01-20 21:13:19.737 [info] Snippets: No changes found during synchronizing snippets.
2023-01-20 21:13:19.743 [info] Tasks: No changes found during synchronizing tasks.
2023-01-20 21:13:19.749 [info] GlobalState: No changes found during synchronizing ui state.
2023-01-20 21:13:19.833 [info] Extensions: No changes found during synchronizing extensions.
2023-01-20 21:13:19.836 [info] Sync done. Took 713ms
2023-01-20 21:14:45.974 [info] Auto Sync: Triggered by Activity
2023-01-20 21:14:45.974 [info] Sync started.
2023-01-20 21:14:46.886 [info] Profiles: No changes found during synchronizing profiles.
2023-01-20 21:14:46.901 [info] Settings: No changes found during synchronizing settings.
2023-01-20 21:14:46.906 [info] Keybindings: No changes found during synchronizing keybindings.
2023-01-20 21:14:46.910 [info] Snippets: No changes found during synchronizing snippets.
2023-01-20 21:14:46.914 [info] Tasks: No changes found during synchronizing tasks.
2023-01-20 21:14:46.922 [info] GlobalState: No changes found during synchronizing ui state.
2023-01-20 21:14:47.016 [info] Extensions: No changes found during synchronizing extensions.
2023-01-20 21:14:47.019 [info] Sync done. Took 1046ms
2023-01-20 21:15:25.911 [info] Auto Sync: Triggered by Activity
2023-01-20 21:15:25.911 [info] Sync started.
2023-01-20 21:15:27.741 [info] Profiles: No changes found during synchronizing profiles.
2023-01-20 21:15:29.071 [info] Settings: Updated remote settings
2023-01-20 21:15:29.088 [info] Settings: Updated last synchronized settings
2023-01-20 21:15:29.094 [info] Keybindings: No changes found during synchronizing keybindings.
2023-01-20 21:15:29.102 [info] Snippets: No changes found during synchronizing snippets.
2023-01-20 21:15:29.108 [info] Tasks: No changes found during synchronizing tasks.
2023-01-20 21:15:29.112 [info] GlobalState: No changes found during synchronizing ui state.
2023-01-20 21:15:29.205 [info] Extensions: No changes found during synchronizing extensions.
2023-01-20 21:15:29.207 [info] Sync done. Took 3297ms
2023-01-20 21:15:30.512 [info] Auto Sync: Triggered by Activity
2023-01-20 21:15:30.513 [info] Sync started.
2023-01-20 21:15:31.532 [info] Profiles: No changes found during synchronizing profiles.
2023-01-20 21:15:31.545 [info] Settings: No changes found during synchronizing settings.
2023-01-20 21:15:31.548 [info] Keybindings: No changes found during synchronizing keybindings.
2023-01-20 21:15:31.554 [info] Snippets: No changes found during synchronizing snippets.
2023-01-20 21:15:31.558 [info] Tasks: No changes found during synchronizing tasks.
2023-01-20 21:15:31.563 [info] GlobalState: No changes found during synchronizing ui state.
2023-01-20 21:15:31.639 [info] Extensions: No changes found during synchronizing extensions.
2023-01-20 21:15:31.642 [info] Sync done. Took 1130ms
2023-01-20 21:15:37.598 [info] Auto Sync: Triggered by Activity
2023-01-20 21:15:37.599 [info] Sync started.
2023-01-20 21:15:37.982 [info] Profiles: No changes found during synchronizing profiles.
2023-01-20 21:15:38.699 [info] Settings: Updated remote settings
2023-01-20 21:15:38.712 [info] Settings: Updated last synchronized settings
2023-01-20 21:15:38.718 [info] Keybindings: No changes found during synchronizing keybindings.
2023-01-20 21:15:38.724 [info] Snippets: No changes found during synchronizing snippets.
2023-01-20 21:15:38.730 [info] Tasks: No changes found during synchronizing tasks.
2023-01-20 21:15:39.935 [info] GlobalState: Updated remote ui state. Updated: workbench.activity.pinnedViewlets2.
2023-01-20 21:15:39.940 [info] GlobalState: Updated last synchronized ui state
2023-01-20 21:15:40.007 [info] Extensions: No changes found during synchronizing extensions.
2023-01-20 21:15:40.014 [info] Sync done. Took 2421ms
2023-01-20 21:15:40.521 [info] Auto Sync: Triggered by Activity
2023-01-20 21:15:40.521 [info] Sync started.
2023-01-20 21:15:41.055 [info] Profiles: No changes found during synchronizing profiles.
2023-01-20 21:15:41.083 [info] Settings: No changes found during synchronizing settings.
2023-01-20 21:15:41.088 [info] Keybindings: No changes found during synchronizing keybindings.
2023-01-20 21:15:41.094 [info] Snippets: No changes found during synchronizing snippets.
2023-01-20 21:15:41.098 [info] Tasks: No changes found during synchronizing tasks.
2023-01-20 21:15:42.393 [info] GlobalState: Updated remote ui state. Updated: workbench.activity.pinnedViewlets2.
2023-01-20 21:15:42.409 [info] GlobalState: Updated last synchronized ui state
2023-01-20 21:15:42.471 [info] Extensions: No changes found during synchronizing extensions.
2023-01-20 21:15:42.475 [info] Sync done. Took 1956ms
2023-01-20 21:15:49.629 [info] Auto Sync: Triggered by Activity
2023-01-20 21:15:49.629 [info] Sync started.
2023-01-20 21:15:50.678 [info] Profiles: No changes found during synchronizing profiles.
2023-01-20 21:15:50.688 [info] Settings: No changes found during synchronizing settings.
2023-01-20 21:15:50.692 [info] Keybindings: No changes found during synchronizing keybindings.
2023-01-20 21:15:50.699 [info] Snippets: No changes found during synchronizing snippets.
2023-01-20 21:15:50.704 [info] Tasks: No changes found during synchronizing tasks.
2023-01-20 21:15:50.708 [info] GlobalState: No changes found during synchronizing ui state.
2023-01-20 21:15:50.771 [info] Extensions: No changes found during synchronizing extensions.
2023-01-20 21:15:50.774 [info] Sync done. Took 1146ms
