2023-01-16 20:46:55.042 [info] Reading sessions from keychain...
2023-01-16 20:46:55.042 [info] Getting sessions for user:email...
2023-01-16 20:46:55.042 [info] Getting sessions for all scopes...
2023-01-16 20:46:55.043 [info] Got stored sessions!
2023-01-16 20:46:55.043 [info] Got 4 verified sessions.
2023-01-16 20:46:55.043 [info] Got 1 sessions for user:email...
2023-01-16 20:46:55.043 [info] Got 4 sessions for ...
2023-01-16 20:46:55.043 [info] Getting sessions for codespace,read:user,repo,user:email...
2023-01-16 20:46:55.043 [info] Got 1 sessions for codespace,read:user,repo,user:email...
2023-01-16 20:46:57.789 [info] Getting sessions for all scopes...
2023-01-16 20:46:57.790 [info] Got 4 sessions for ...
2023-01-16 20:46:57.871 [info] Getting sessions for read:user...
2023-01-16 20:46:57.871 [info] Got 1 sessions for read:user...
2023-01-16 20:47:13.951 [info] Reading sessions from keychain...
2023-01-16 20:47:13.951 [info] Getting sessions for user:email...
2023-01-16 20:47:13.951 [info] Getting sessions for codespace,read:user,repo,user:email...
2023-01-16 20:47:13.951 [info] Got stored sessions!
2023-01-16 20:47:13.951 [info] Got 4 verified sessions.
2023-01-16 20:47:13.951 [info] Got 1 sessions for user:email...
2023-01-16 20:47:13.951 [info] Got 1 sessions for codespace,read:user,repo,user:email...
2023-01-16 20:47:13.951 [info] Getting sessions for all scopes...
2023-01-16 20:47:13.951 [info] Got 4 sessions for ...
2023-01-16 20:47:23.221 [info] Getting sessions for all scopes...
2023-01-16 20:47:23.222 [info] Got 4 sessions for ...
2023-01-16 20:47:23.284 [info] Getting sessions for read:user...
2023-01-16 20:47:23.284 [info] Got 1 sessions for read:user...
2023-01-16 20:47:23.434 [info] Getting sessions for read:user,repo,user:email...
2023-01-16 20:47:23.434 [info] Got 0 sessions for read:user,repo,user:email...
