[Client I] GitHub Codespaces version 1.13.7
[Client I] isRunningInWeb: "false"
[Client V] Initializing authentication
[API I] Successfully signed in
[Client:extension:9d02 I] initializing
[Client:extension:9d02 I] creating LiveShare ConnectionHub, with type: "main thread"
[Client:extension:9d02 I] 1 connections used: > object #0: [object Object]
[Client:extension:9d02:resolver I] created with protocol "codespaces"
[RemoteExplorer I] Updating codespace performance info
[API E] listCodespaces error. No response received.
[CodespaceInfo E] Failed to fetch codespaces> object #0: list codespaces request failed with status 499 code:ERR_NETWORK
Error: list codespaces request failed with status 499
    at throwCommandError (/home/mustafaakil/.vscode/extensions/github.codespaces-1.13.7/src/api/githubApi.ts:417:19)
    at Dn.<anonymous> (/home/mustafaakil/.vscode/extensions/github.codespaces-1.13.7/src/api/githubApi.ts:440:17)
    at Generator.next (<anonymous>)
    at fulfilled (/home/mustafaakil/.vscode/extensions/github.codespaces-1.13.7/out/bundle/extension-node.js:247:95980)
    at processTicksAndRejections (node:internal/process/task_queues:96:5)
[Client E] Failed to update codespaces list: list codespaces request failed with status 499> object #0: list codespaces request failed with status 499 code:ERR_NETWORK
Error: list codespaces request failed with status 499
    at throwCommandError (/home/mustafaakil/.vscode/extensions/github.codespaces-1.13.7/src/api/githubApi.ts:417:19)
    at Dn.<anonymous> (/home/mustafaakil/.vscode/extensions/github.codespaces-1.13.7/src/api/githubApi.ts:440:17)
    at Generator.next (<anonymous>)
    at fulfilled (/home/mustafaakil/.vscode/extensions/github.codespaces-1.13.7/out/bundle/extension-node.js:247:95980)
    at processTicksAndRejections (node:internal/process/task_queues:96:5)
[Client:extension:9d02:resolver V] disposing reason: 'vscode disposed the resolver', disposing 2 objects
