2023-01-20 20:43:06.635 [info] Added views:workbench.panel.markers.view in workbench.panel.repl
2023-01-20 20:43:06.635 [info] Added views:workbench.panel.output in workbench.panel.output
2023-01-20 20:43:06.635 [info] Added views:terminal in terminal
2023-01-20 20:43:06.635 [info] Added views:outline in workbench.view.explorer
2023-01-20 20:43:06.635 [info] Added views:workbench.scm in workbench.view.scm
2023-01-20 20:43:06.635 [info] Added views:workbench.view.search in workbench.view.search
2023-01-20 20:43:06.635 [info] Added views:timeline in workbench.view.explorer
2023-01-20 20:43:06.635 [info] Added views:workbench.explorer.fileView in workbench.view.explorer
2023-01-20 20:43:06.635 [info] Added views:workbench.debug.variablesView,workbench.debug.watchExpressionsView,workbench.debug.callStackView,workbench.debug.breakPointsView in workbench.view.debug
2023-01-20 20:43:07.132 [info] Added views:gitlens.views.home in workbench.view.extension.gitlens
2023-01-20 20:43:07.136 [info] Added views:gitlens.views.commits,gitlens.views.commitDetails,gitlens.views.fileHistory,gitlens.views.branches,gitlens.views.remotes,gitlens.views.stashes,gitlens.views.tags,gitlens.views.searchAndCompare in workbench.view.scm
2023-01-20 20:43:07.137 [info] Added views:github.codespaces.explorer in workbench.view.remote
2023-01-20 20:43:07.138 [info] Added views:dockerContainers,dockerImages,dockerRegistries,dockerNetworks,dockerVolumes,vscode-docker.views.dockerContexts,vscode-docker.views.help in workbench.view.extension.dockerView
2023-01-20 20:43:07.139 [info] Added views:targetsContainers,devVolumes in workbench.view.remote
2023-01-20 20:43:07.139 [info] Added views:thunder-client-sidebar in workbench.view.extension.thunder-client
2023-01-20 20:43:07.446 [info] Added views:workbench.panel.repl.view in workbench.panel.repl
2023-01-20 20:43:07.871 [info] Added views:workbench.view.testing in workbench.view.extension.test
2023-01-20 20:43:07.877 [info] Added views:dartDependencyTree in workbench.view.explorer
2023-01-20 20:43:10.022 [info] Added views:gitlens.views.timeline in workbench.view.extension.gitlensPanel
2023-01-20 20:43:10.023 [info] Added views:gitlens.views.worktrees in workbench.view.scm
2023-01-20 20:43:10.132 [info] Removed views:gitlens.views.searchAndCompare,gitlens.views.worktrees,gitlens.views.tags,gitlens.views.stashes,gitlens.views.remotes,gitlens.views.branches,gitlens.views.fileHistory,gitlens.views.commitDetails,gitlens.views.commits from workbench.view.scm
2023-01-20 20:43:10.133 [info] Removed views:gitlens.views.timeline from workbench.view.extension.gitlensPanel
2023-01-20 20:43:13.306 [info] Added views:dartFlutterOutline in workbench.view.extension.flutter
2023-01-20 20:43:43.398 [info] Added views:gitlens.views.timeline in workbench.view.extension.gitlensPanel
2023-01-20 20:43:43.399 [info] Added views:gitlens.views.commits,gitlens.views.commitDetails,gitlens.views.fileHistory,gitlens.views.branches,gitlens.views.remotes,gitlens.views.stashes,gitlens.views.tags,gitlens.views.worktrees,gitlens.views.searchAndCompare in workbench.view.scm
2023-01-20 20:51:34.372 [info] Removed views:workbench.view.testing from workbench.view.extension.test
