2023-02-13 15:45:34.405 [info] Using settings sync service https://vscode-sync.trafficmanager.net/
2023-02-13 15:45:34.405 [info] Auto Sync is enabled.
2023-02-13 15:45:34.405 [info] Auto Sync: Suspended until auth token is available.
2023-02-13 15:45:35.300 [info] Deleting non existing profile from backup /home/mustafaakil/.config/Code/User/sync/extensions
2023-02-13 15:45:35.312 [info] Deleting non existing profile from backup /home/mustafaakil/.config/Code/User/sync/globalState
2023-02-13 15:45:35.315 [info] Deleting non existing profile from backup /home/mustafaakil/.config/Code/User/sync/keybindings
2023-02-13 15:45:35.319 [info] Deleting non existing profile from backup /home/mustafaakil/.config/Code/User/sync/profiles
2023-02-13 15:45:35.322 [info] Deleting non existing profile from backup /home/mustafaakil/.config/Code/User/sync/settings
2023-02-13 15:45:35.326 [info] Deleting non existing profile from backup /home/mustafaakil/.config/Code/User/sync/snippets
2023-02-13 15:45:35.327 [info] Deleting non existing profile from backup /home/mustafaakil/.config/Code/User/sync/tasks
2023-02-13 15:45:36.470 [info] Auto Sync: Triggered by Interval
2023-02-13 15:45:36.471 [info] Sync started.
2023-02-13 15:45:37.127 [info] Settings: Last sync resource does not exist locally.
2023-02-13 15:45:37.457 [info] Settings: No changes found during synchronizing settings.
2023-02-13 15:45:37.515 [info] Keybindings: Last sync resource does not exist locally.
2023-02-13 15:45:37.696 [info] Keybindings: No changes found during synchronizing keybindings.
2023-02-13 15:45:37.701 [info] Snippets: Last sync resource does not exist locally.
2023-02-13 15:45:37.881 [info] Snippets: No changes found during synchronizing snippets.
2023-02-13 15:45:37.886 [info] Tasks: Last sync resource does not exist locally.
2023-02-13 15:45:38.054 [info] Tasks: No changes found during synchronizing tasks.
2023-02-13 15:45:38.060 [info] GlobalState: Last sync resource does not exist locally.
2023-02-13 15:45:38.671 [info] GlobalState: Updated remote ui state. Updated: workbench.statusbar.hidden.
2023-02-13 15:45:38.683 [info] GlobalState: Updated last synchronized ui state
2023-02-13 15:45:38.688 [info] Extensions: Last sync resource does not exist locally.
2023-02-13 15:45:38.931 [info] Extensions: No changes found during synchronizing extensions.
2023-02-13 15:45:38.934 [info] Profiles: Last sync resource does not exist locally.
2023-02-13 15:45:39.103 [info] Profiles: No changes found during synchronizing profiles.
2023-02-13 15:45:39.108 [info] Sync done. Took 2639ms
