2023-01-25 11:53:48.194 [info] Reading sessions from keychain...
2023-01-25 11:53:48.194 [info] Getting sessions for user:email...
2023-01-25 11:53:48.194 [info] Getting sessions for all scopes...
2023-01-25 11:53:48.194 [info] Got stored sessions!
2023-01-25 11:53:48.194 [info] Got 4 verified sessions.
2023-01-25 11:53:48.194 [info] Got 1 sessions for user:email...
2023-01-25 11:53:48.194 [info] Got 4 sessions for ...
2023-01-25 11:53:48.194 [info] Getting sessions for codespace,read:user,repo,user:email...
2023-01-25 11:53:48.194 [info] Got 1 sessions for codespace,read:user,repo,user:email...
2023-01-25 11:53:50.133 [info] Getting sessions for all scopes...
2023-01-25 11:53:50.134 [info] Got 4 sessions for ...
2023-01-25 11:53:50.177 [info] Getting sessions for read:user...
2023-01-25 11:53:50.178 [info] Got 1 sessions for read:user...
2023-01-25 11:54:02.897 [info] Reading sessions from keychain...
2023-01-25 11:54:02.897 [info] Getting sessions for user:email...
2023-01-25 11:54:02.897 [info] Getting sessions for all scopes...
2023-01-25 11:54:02.897 [info] Got stored sessions!
2023-01-25 11:54:02.897 [info] Got 4 verified sessions.
2023-01-25 11:54:02.897 [info] Got 1 sessions for user:email...
2023-01-25 11:54:02.897 [info] Got 4 sessions for ...
2023-01-25 11:54:02.897 [info] Getting sessions for codespace,read:user,repo,user:email...
2023-01-25 11:54:02.897 [info] Got 1 sessions for codespace,read:user,repo,user:email...
2023-01-25 11:54:02.919 [info] Getting sessions for read:user...
2023-01-25 11:54:02.919 [info] Got 1 sessions for read:user...
2023-01-25 11:54:04.894 [info] Getting sessions for all scopes...
2023-01-25 11:54:04.894 [info] Got 4 sessions for ...
