2023-01-25 13:26:04.478 [info] Added views:workbench.panel.markers.view in workbench.panel.repl
2023-01-25 13:26:04.478 [info] Added views:workbench.panel.output in workbench.panel.output
2023-01-25 13:26:04.478 [info] Added views:terminal in terminal
2023-01-25 13:26:04.478 [info] Added views:outline in workbench.view.explorer
2023-01-25 13:26:04.478 [info] Added views:workbench.scm in workbench.view.scm
2023-01-25 13:26:04.478 [info] Added views:workbench.view.search in workbench.view.search
2023-01-25 13:26:04.478 [info] Added views:timeline in workbench.view.explorer
2023-01-25 13:26:04.478 [info] Added views:workbench.explorer.fileView in workbench.view.explorer
2023-01-25 13:26:04.478 [info] Added views:workbench.debug.variablesView,workbench.debug.watchExpressionsView,workbench.debug.callStackView,workbench.debug.breakPointsView in workbench.view.debug
2023-01-25 13:26:04.781 [info] Added views:gitlens.views.home in workbench.view.extension.gitlens
2023-01-25 13:26:04.782 [info] Added views:gitlens.views.commits,gitlens.views.commitDetails,gitlens.views.fileHistory,gitlens.views.branches,gitlens.views.remotes,gitlens.views.stashes,gitlens.views.tags,gitlens.views.searchAndCompare in workbench.view.scm
2023-01-25 13:26:04.783 [info] Added views:github.codespaces.explorer in workbench.view.remote
2023-01-25 13:26:04.784 [info] Added views:dockerContainers,dockerImages,dockerRegistries,dockerNetworks,dockerVolumes,vscode-docker.views.dockerContexts,vscode-docker.views.help in workbench.view.extension.dockerView
2023-01-25 13:26:04.784 [info] Added views:targetsContainers,devVolumes in workbench.view.remote
2023-01-25 13:26:04.785 [info] Added views:thunder-client-sidebar in workbench.view.extension.thunder-client
2023-01-25 13:26:05.149 [info] Added views:workbench.panel.repl.view in workbench.panel.repl
2023-01-25 13:26:05.150 [info] Removed views:workbench.debug.breakPointsView,workbench.debug.callStackView,workbench.debug.watchExpressionsView,workbench.debug.variablesView from workbench.view.debug
2023-01-25 13:26:05.151 [info] Added views:workbench.debug.welcome in workbench.view.debug
2023-01-25 13:26:07.083 [info] Added views:gitlens.views.timeline in workbench.view.extension.gitlensPanel
2023-01-25 13:26:07.084 [info] Added views:gitlens.views.worktrees in workbench.view.scm
2023-01-25 13:26:07.182 [info] Removed views:gitlens.views.searchAndCompare,gitlens.views.worktrees,gitlens.views.tags,gitlens.views.stashes,gitlens.views.remotes,gitlens.views.branches,gitlens.views.fileHistory,gitlens.views.commitDetails,gitlens.views.commits from workbench.view.scm
2023-01-25 13:26:07.182 [info] Removed views:gitlens.views.timeline from workbench.view.extension.gitlensPanel
