2023-01-16 20:46:52.670 [info] Added views:workbench.panel.markers.view in workbench.panel.repl
2023-01-16 20:46:52.670 [info] Added views:workbench.panel.output in workbench.panel.output
2023-01-16 20:46:52.670 [info] Added views:terminal in terminal
2023-01-16 20:46:52.670 [info] Added views:outline in workbench.view.explorer
2023-01-16 20:46:52.670 [info] Added views:workbench.scm in workbench.view.scm
2023-01-16 20:46:52.670 [info] Added views:workbench.view.search in workbench.view.search
2023-01-16 20:46:52.670 [info] Added views:timeline in workbench.view.explorer
2023-01-16 20:46:52.670 [info] Added views:workbench.explorer.emptyView in workbench.view.explorer
2023-01-16 20:46:52.670 [info] Added views:workbench.debug.variablesView,workbench.debug.watchExpressionsView,workbench.debug.callStackView,workbench.debug.breakPointsView in workbench.view.debug
2023-01-16 20:46:53.392 [info] Added views:gitlens.views.home in workbench.view.extension.gitlens
2023-01-16 20:46:53.394 [info] Added views:gitlens.views.commits,gitlens.views.commitDetails,gitlens.views.fileHistory,gitlens.views.branches,gitlens.views.remotes,gitlens.views.stashes,gitlens.views.tags,gitlens.views.searchAndCompare in workbench.view.scm
2023-01-16 20:46:53.395 [info] Added views:github.codespaces.explorer in workbench.view.remote
2023-01-16 20:46:53.396 [info] Added views:dockerContainers,dockerImages,dockerRegistries,dockerNetworks,dockerVolumes,vscode-docker.views.dockerContexts,vscode-docker.views.help in workbench.view.extension.dockerView
2023-01-16 20:46:53.397 [info] Added views:targetsContainers,devVolumes in workbench.view.remote
2023-01-16 20:46:53.398 [info] Added views:thunder-client-sidebar in workbench.view.extension.thunder-client
2023-01-16 20:46:53.760 [info] Added views:workbench.panel.repl.view in workbench.panel.repl
2023-01-16 20:46:53.761 [info] Removed views:workbench.debug.breakPointsView,workbench.debug.callStackView,workbench.debug.watchExpressionsView,workbench.debug.variablesView from workbench.view.debug
2023-01-16 20:46:53.762 [info] Added views:workbench.debug.welcome in workbench.view.debug
2023-01-16 20:46:54.540 [info] Added views:workbench.view.testing in workbench.view.extension.test
2023-01-16 20:46:54.543 [info] Added views:dartDependencyTree in workbench.view.explorer
2023-01-16 20:46:57.745 [info] Removed views:gitlens.views.searchAndCompare,gitlens.views.tags,gitlens.views.stashes,gitlens.views.remotes,gitlens.views.branches,gitlens.views.fileHistory,gitlens.views.commitDetails,gitlens.views.commits from workbench.view.scm
2023-01-16 20:47:10.622 [info] Removed views:workbench.view.testing from workbench.view.extension.test
2023-01-16 20:47:11.341 [info] Added views:workbench.panel.markers.view in workbench.panel.repl
2023-01-16 20:47:11.341 [info] Added views:workbench.panel.output in workbench.panel.output
2023-01-16 20:47:11.341 [info] Added views:terminal in terminal
2023-01-16 20:47:11.341 [info] Added views:outline in workbench.view.explorer
2023-01-16 20:47:11.341 [info] Added views:workbench.scm in workbench.view.scm
2023-01-16 20:47:11.341 [info] Added views:workbench.view.search in workbench.view.search
2023-01-16 20:47:11.341 [info] Added views:timeline in workbench.view.explorer
2023-01-16 20:47:11.341 [info] Added views:workbench.explorer.fileView in workbench.view.explorer
2023-01-16 20:47:11.456 [info] Added views:workbench.debug.welcome in workbench.view.debug
2023-01-16 20:47:11.918 [info] Added views:gitlens.views.home in workbench.view.extension.gitlens
2023-01-16 20:47:11.919 [info] Added views:gitlens.views.commits,gitlens.views.commitDetails,gitlens.views.fileHistory,gitlens.views.branches,gitlens.views.remotes,gitlens.views.stashes,gitlens.views.tags,gitlens.views.searchAndCompare in workbench.view.scm
2023-01-16 20:47:11.921 [info] Added views:github.codespaces.explorer in workbench.view.remote
2023-01-16 20:47:11.922 [info] Added views:dockerContainers,dockerImages,dockerRegistries,dockerNetworks,dockerVolumes,vscode-docker.views.dockerContexts,vscode-docker.views.help in workbench.view.extension.dockerView
2023-01-16 20:47:11.923 [info] Added views:targetsContainers,devVolumes in workbench.view.remote
2023-01-16 20:47:11.923 [info] Added views:thunder-client-sidebar in workbench.view.extension.thunder-client
2023-01-16 20:47:12.766 [info] Added views:workbench.panel.repl.view in workbench.panel.repl
2023-01-16 20:47:13.561 [info] Added views:workbench.view.testing in workbench.view.extension.test
2023-01-16 20:47:13.566 [info] Added views:dartDependencyTree in workbench.view.explorer
2023-01-16 20:47:17.191 [info] Added views:dartFlutterOutline in workbench.view.extension.flutter
2023-01-16 20:47:23.147 [info] Added views:gitlens.views.timeline in workbench.view.extension.gitlensPanel
2023-01-16 20:47:23.148 [info] Added views:gitlens.views.worktrees in workbench.view.scm
2023-01-16 20:47:55.827 [info] Removed views:workbench.view.testing from workbench.view.extension.test
