2023-01-25 11:53:48.194 [info] Log level: Info
2023-01-25 11:53:48.194 [info] Validating found git in: "git"
2023-01-25 11:53:48.194 [info] Using git "2.39.1" from "git"
2023-01-25 11:53:48.194 [info] > git rev-parse --show-toplevel [2ms]
2023-01-25 11:53:48.194 [info] fatal: not a git repository (or any parent up to mount point /)
Stopping at filesystem boundary (GIT_DISCOVERY_ACROSS_FILESYSTEM not set).
2023-01-25 11:53:48.194 [info] > git rev-parse --show-toplevel [22ms]
2023-01-25 11:53:48.194 [info] fatal: not a git repository (or any parent up to mount point /)
Stopping at filesystem boundary (GIT_DISCOVERY_ACROSS_FILESYSTEM not set).
2023-01-25 11:53:48.194 [info] > git rev-parse --show-toplevel [2ms]
2023-01-25 11:53:48.194 [info] fatal: not a git repository (or any parent up to mount point /)
Stopping at filesystem boundary (GIT_DISCOVERY_ACROSS_FILESYSTEM not set).
2023-01-25 11:53:48.194 [info] > git rev-parse --show-toplevel [4ms]
2023-01-25 11:53:48.194 [info] fatal: not a git repository (or any parent up to mount point /)
Stopping at filesystem boundary (GIT_DISCOVERY_ACROSS_FILESYSTEM not set).
2023-01-25 11:53:48.194 [info] > git rev-parse --show-toplevel [2ms]
2023-01-25 11:53:48.194 [info] fatal: not a git repository (or any parent up to mount point /)
Stopping at filesystem boundary (GIT_DISCOVERY_ACROSS_FILESYSTEM not set).
2023-01-25 11:53:48.194 [info] > git rev-parse --show-toplevel [1ms]
2023-01-25 11:53:48.194 [info] fatal: not a git repository (or any parent up to mount point /)
Stopping at filesystem boundary (GIT_DISCOVERY_ACROSS_FILESYSTEM not set).
2023-01-25 11:53:48.194 [info] > git rev-parse --show-toplevel [74ms]
2023-01-25 11:53:48.194 [info] fatal: not a git repository (or any parent up to mount point /)
Stopping at filesystem boundary (GIT_DISCOVERY_ACROSS_FILESYSTEM not set).
2023-01-25 11:53:48.277 [info] > git rev-parse --show-toplevel [144ms]
2023-01-25 11:53:48.277 [info] fatal: not a git repository (or any parent up to mount point /)
Stopping at filesystem boundary (GIT_DISCOVERY_ACROSS_FILESYSTEM not set).
2023-01-25 11:53:49.395 [info] > git rev-parse --show-toplevel [1110ms]
2023-01-25 11:53:49.395 [info] fatal: not a git repository (or any parent up to mount point /)
Stopping at filesystem boundary (GIT_DISCOVERY_ACROSS_FILESYSTEM not set).
2023-01-25 11:53:49.408 [info] > git rev-parse --show-toplevel [4ms]
2023-01-25 11:53:49.408 [info] fatal: not a git repository (or any parent up to mount point /)
Stopping at filesystem boundary (GIT_DISCOVERY_ACROSS_FILESYSTEM not set).
2023-01-25 11:53:49.440 [info] > git rev-parse --show-toplevel [19ms]
2023-01-25 11:53:49.440 [info] fatal: not a git repository (or any parent up to mount point /)
Stopping at filesystem boundary (GIT_DISCOVERY_ACROSS_FILESYSTEM not set).
2023-01-25 11:53:49.474 [info] > git rev-parse --show-toplevel [23ms]
2023-01-25 11:53:49.474 [info] fatal: not a git repository (or any parent up to mount point /)
Stopping at filesystem boundary (GIT_DISCOVERY_ACROSS_FILESYSTEM not set).
2023-01-25 11:53:49.497 [info] > git rev-parse --show-toplevel [12ms]
2023-01-25 11:53:49.497 [info] fatal: not a git repository (or any parent up to mount point /)
Stopping at filesystem boundary (GIT_DISCOVERY_ACROSS_FILESYSTEM not set).
2023-01-25 11:53:49.527 [info] > git rev-parse --show-toplevel [19ms]
2023-01-25 11:53:49.527 [info] fatal: not a git repository (or any parent up to mount point /)
Stopping at filesystem boundary (GIT_DISCOVERY_ACROSS_FILESYSTEM not set).
2023-01-25 11:53:49.540 [info] > git rev-parse --show-toplevel [2ms]
2023-01-25 11:53:49.540 [info] fatal: not a git repository (or any parent up to mount point /)
Stopping at filesystem boundary (GIT_DISCOVERY_ACROSS_FILESYSTEM not set).
2023-01-25 11:54:02.941 [info] Log level: Info
2023-01-25 11:54:02.941 [info] Validating found git in: "git"
2023-01-25 11:54:02.941 [info] Using git "2.39.1" from "git"
2023-01-25 11:54:03.672 [info] > git rev-parse --show-toplevel [756ms]
2023-01-25 11:54:03.696 [info] > git rev-parse --git-dir --git-common-dir [13ms]
2023-01-25 11:54:03.711 [info] Open repository: /home/mustafaakil/Documents/projects/work/pau-flutter
2023-01-25 11:54:03.769 [info] > git rev-parse --show-toplevel [46ms]
2023-01-25 11:54:03.820 [info] > git rev-parse --show-toplevel [38ms]
2023-01-25 11:54:03.833 [info] > git config --get commit.template [97ms]
2023-01-25 11:54:03.905 [info] > git rev-parse --show-toplevel [73ms]
2023-01-25 11:54:03.932 [info] > git rev-parse --show-toplevel [15ms]
2023-01-25 11:54:03.989 [info] > git for-each-ref --format=%(refname)%00%(upstream:short)%00%(objectname)%00%(upstream:track)%00%(upstream:remotename)%00%(upstream:remoteref) refs/heads/develop refs/remotes/develop [59ms]
2023-01-25 11:54:04.029 [info] > git status -z -uall [29ms]
2023-01-25 11:54:04.030 [info] > git for-each-ref --sort -committerdate --format %(refname) %(objectname) %(*objectname) [17ms]
2023-01-25 11:54:04.034 [info] > git rev-parse --show-toplevel [88ms]
2023-01-25 11:54:04.083 [info] > git rev-parse --show-toplevel [38ms]
2023-01-25 11:54:04.100 [info] > git config --get commit.template [42ms]
2023-01-25 11:54:04.101 [info] > git fetch [390ms]
2023-01-25 11:54:04.101 [info] Missing or invalid credentials.
Skip silent fetch commands
Missing or invalid credentials.
Skip silent fetch commands
remote: HTTP Basic: Access denied. The provided password or token is incorrect or your account has 2FA enabled and you must use a personal access token instead of a password. See https://git.pau.edu.tr/help/topics/git/troubleshooting_git#error-on-git-fetch-http-basic-access-denied
fatal: Authentication failed for 'https://git.pau.edu.tr/mobile/pau-flutter.git/'
2023-01-25 11:54:04.109 [info] > git rev-parse --show-toplevel [15ms]
2023-01-25 11:54:04.137 [info] > git rev-parse --show-toplevel [17ms]
2023-01-25 11:54:04.164 [info] > git rev-parse --show-toplevel [12ms]
2023-01-25 11:54:04.177 [info] > git for-each-ref --format=%(refname)%00%(upstream:short)%00%(objectname)%00%(upstream:track)%00%(upstream:remotename)%00%(upstream:remoteref) refs/heads/develop refs/remotes/develop [42ms]
2023-01-25 11:54:04.232 [info] > git status -z -uall [43ms]
2023-01-25 11:54:04.233 [info] > git rev-parse --show-toplevel [57ms]
2023-01-25 11:54:04.248 [info] > git rev-parse --show-toplevel [2ms]
2023-01-25 11:54:04.249 [info] > git for-each-ref --sort -committerdate --format %(refname) %(objectname) %(*objectname) [49ms]
2023-01-25 11:54:04.450 [info] > git check-ignore -v -z --stdin [42ms]
2023-01-25 11:54:04.515 [info] > git show --textconv :pau_mobil/analysis_options.yaml [31ms]
2023-01-25 11:54:04.516 [info] > git ls-files --stage -- /home/mustafaakil/Documents/projects/work/pau-flutter/pau_mobil/analysis_options.yaml [17ms]
2023-01-25 11:54:04.533 [info] > git cat-file -s 61b6c4de17c96863d24279f06b85e01b6ebbdb34 [4ms]
2023-01-25 11:54:05.486 [info] > git check-ignore -v -z --stdin [1ms]
2023-01-25 11:54:06.450 [info] > git check-ignore -v -z --stdin [3ms]
2023-01-25 11:54:11.892 [info] > git check-ignore -v -z --stdin [1ms]
2023-01-25 11:54:12.432 [info] > git config --get commit.template [1ms]
2023-01-25 11:54:12.447 [info] > git for-each-ref --format=%(refname)%00%(upstream:short)%00%(objectname)%00%(upstream:track)%00%(upstream:remotename)%00%(upstream:remoteref) refs/heads/develop refs/remotes/develop [1ms]
2023-01-25 11:54:12.475 [info] > git status -z -uall [14ms]
2023-01-25 11:54:12.476 [info] > git for-each-ref --sort -committerdate --format %(refname) %(objectname) %(*objectname) [2ms]
2023-01-25 11:54:21.943 [info] > git check-ignore -v -z --stdin [1ms]
2023-01-25 11:54:22.496 [info] > git config --get commit.template [15ms]
2023-01-25 11:54:22.496 [info] > git for-each-ref --format=%(refname)%00%(upstream:short)%00%(objectname)%00%(upstream:track)%00%(upstream:remotename)%00%(upstream:remoteref) refs/heads/develop refs/remotes/develop [1ms]
2023-01-25 11:54:22.521 [info] > git status -z -uall [11ms]
2023-01-25 11:54:22.522 [info] > git for-each-ref --sort -committerdate --format %(refname) %(objectname) %(*objectname) [2ms]
2023-01-25 11:54:32.851 [info] > git check-ignore -v -z --stdin [0ms]
2023-01-25 11:54:33.392 [info] > git config --get commit.template [1ms]
2023-01-25 11:54:33.406 [info] > git for-each-ref --format=%(refname)%00%(upstream:short)%00%(objectname)%00%(upstream:track)%00%(upstream:remotename)%00%(upstream:remoteref) refs/heads/develop refs/remotes/develop [1ms]
2023-01-25 11:54:33.430 [info] > git status -z -uall [12ms]
2023-01-25 11:54:33.431 [info] > git for-each-ref --sort -committerdate --format %(refname) %(objectname) %(*objectname) [1ms]
2023-01-25 11:54:45.030 [info] > git check-ignore -v -z --stdin [1ms]
2023-01-25 11:54:45.567 [info] > git config --get commit.template [1ms]
2023-01-25 11:54:45.580 [info] > git for-each-ref --format=%(refname)%00%(upstream:short)%00%(objectname)%00%(upstream:track)%00%(upstream:remotename)%00%(upstream:remoteref) refs/heads/develop refs/remotes/develop [1ms]
2023-01-25 11:54:45.603 [info] > git status -z -uall [10ms]
2023-01-25 11:54:45.604 [info] > git for-each-ref --sort -committerdate --format %(refname) %(objectname) %(*objectname) [1ms]
2023-01-25 11:54:52.518 [info] > git check-ignore -v -z --stdin [1ms]
2023-01-25 11:54:53.064 [info] > git config --get commit.template [11ms]
2023-01-25 11:54:53.065 [info] > git for-each-ref --format=%(refname)%00%(upstream:short)%00%(objectname)%00%(upstream:track)%00%(upstream:remotename)%00%(upstream:remoteref) refs/heads/develop refs/remotes/develop [1ms]
2023-01-25 11:54:53.087 [info] > git status -z -uall [10ms]
2023-01-25 11:54:53.088 [info] > git for-each-ref --sort -committerdate --format %(refname) %(objectname) %(*objectname) [1ms]
2023-01-25 11:55:06.468 [info] > git check-ignore -v -z --stdin [0ms]
2023-01-25 11:55:07.017 [info] > git config --get commit.template [2ms]
2023-01-25 11:55:07.028 [info] > git for-each-ref --format=%(refname)%00%(upstream:short)%00%(objectname)%00%(upstream:track)%00%(upstream:remotename)%00%(upstream:remoteref) refs/heads/develop refs/remotes/develop [1ms]
2023-01-25 11:55:07.053 [info] > git status -z -uall [13ms]
2023-01-25 11:55:07.053 [info] > git for-each-ref --sort -committerdate --format %(refname) %(objectname) %(*objectname) [0ms]
2023-01-25 11:55:26.328 [info] > git check-ignore -v -z --stdin [0ms]
2023-01-25 11:55:26.839 [info] > git config --get commit.template [0ms]
2023-01-25 11:55:26.849 [info] > git for-each-ref --format=%(refname)%00%(upstream:short)%00%(objectname)%00%(upstream:track)%00%(upstream:remotename)%00%(upstream:remoteref) refs/heads/develop refs/remotes/develop [1ms]
2023-01-25 11:55:26.872 [info] > git status -z -uall [13ms]
2023-01-25 11:55:26.872 [info] > git for-each-ref --sort -committerdate --format %(refname) %(objectname) %(*objectname) [1ms]
2023-01-25 11:55:53.013 [info] > git check-ignore -v -z --stdin [1ms]
2023-01-25 11:55:53.548 [info] > git config --get commit.template [0ms]
2023-01-25 11:55:53.559 [info] > git for-each-ref --format=%(refname)%00%(upstream:short)%00%(objectname)%00%(upstream:track)%00%(upstream:remotename)%00%(upstream:remoteref) refs/heads/develop refs/remotes/develop [1ms]
2023-01-25 11:55:53.582 [info] > git status -z -uall [11ms]
2023-01-25 11:55:53.583 [info] > git for-each-ref --sort -committerdate --format %(refname) %(objectname) %(*objectname) [1ms]
2023-01-25 11:56:12.138 [info] > git check-ignore -v -z --stdin [2ms]
2023-01-25 11:56:12.670 [info] > git config --get commit.template [1ms]
2023-01-25 11:56:12.682 [info] > git for-each-ref --format=%(refname)%00%(upstream:short)%00%(objectname)%00%(upstream:track)%00%(upstream:remotename)%00%(upstream:remoteref) refs/heads/develop refs/remotes/develop [1ms]
2023-01-25 11:56:12.707 [info] > git status -z -uall [13ms]
2023-01-25 11:56:12.708 [info] > git for-each-ref --sort -committerdate --format %(refname) %(objectname) %(*objectname) [2ms]
2023-01-25 11:56:18.415 [info] > git check-ignore -v -z --stdin [1ms]
2023-01-25 11:56:25.257 [info] > git config --get commit.template [10ms]
2023-01-25 11:56:25.258 [info] > git for-each-ref --format=%(refname)%00%(upstream:short)%00%(objectname)%00%(upstream:track)%00%(upstream:remotename)%00%(upstream:remoteref) refs/heads/develop refs/remotes/develop [1ms]
2023-01-25 11:56:25.281 [info] > git status -z -uall [12ms]
2023-01-25 11:56:25.282 [info] > git for-each-ref --sort -committerdate --format %(refname) %(objectname) %(*objectname) [2ms]
2023-01-25 11:56:28.771 [info] > git check-ignore -v -z --stdin [0ms]
2023-01-25 11:56:30.312 [info] > git config --get commit.template [13ms]
2023-01-25 11:56:30.312 [info] > git for-each-ref --format=%(refname)%00%(upstream:short)%00%(objectname)%00%(upstream:track)%00%(upstream:remotename)%00%(upstream:remoteref) refs/heads/develop refs/remotes/develop [1ms]
2023-01-25 11:56:30.337 [info] > git status -z -uall [14ms]
2023-01-25 11:56:30.338 [info] > git for-each-ref --sort -committerdate --format %(refname) %(objectname) %(*objectname) [1ms]
2023-01-25 11:57:01.310 [info] > git check-ignore -v -z --stdin [1ms]
2023-01-25 11:57:01.845 [info] > git config --get commit.template [1ms]
2023-01-25 11:57:01.857 [info] > git for-each-ref --format=%(refname)%00%(upstream:short)%00%(objectname)%00%(upstream:track)%00%(upstream:remotename)%00%(upstream:remoteref) refs/heads/develop refs/remotes/develop [1ms]
2023-01-25 11:57:01.881 [info] > git status -z -uall [12ms]
2023-01-25 11:57:01.882 [info] > git for-each-ref --sort -committerdate --format %(refname) %(objectname) %(*objectname) [2ms]
2023-01-25 11:57:12.101 [info] > git check-ignore -v -z --stdin [2ms]
2023-01-25 11:57:12.637 [info] > git config --get commit.template [1ms]
2023-01-25 11:57:12.649 [info] > git for-each-ref --format=%(refname)%00%(upstream:short)%00%(objectname)%00%(upstream:track)%00%(upstream:remotename)%00%(upstream:remoteref) refs/heads/develop refs/remotes/develop [1ms]
2023-01-25 11:57:12.676 [info] > git status -z -uall [13ms]
2023-01-25 11:57:12.677 [info] > git for-each-ref --sort -committerdate --format %(refname) %(objectname) %(*objectname) [2ms]
2023-01-25 11:57:15.364 [info] > git check-ignore -v -z --stdin [1ms]
2023-01-25 11:57:17.691 [info] > git config --get commit.template [1ms]
2023-01-25 11:57:17.704 [info] > git for-each-ref --format=%(refname)%00%(upstream:short)%00%(objectname)%00%(upstream:track)%00%(upstream:remotename)%00%(upstream:remoteref) refs/heads/develop refs/remotes/develop [1ms]
2023-01-25 11:57:17.728 [info] > git status -z -uall [12ms]
2023-01-25 11:57:17.728 [info] > git for-each-ref --sort -committerdate --format %(refname) %(objectname) %(*objectname) [1ms]
2023-01-25 11:57:36.880 [info] > git check-ignore -v -z --stdin [2ms]
2023-01-25 11:57:37.412 [info] > git config --get commit.template [0ms]
2023-01-25 11:57:37.424 [info] > git for-each-ref --format=%(refname)%00%(upstream:short)%00%(objectname)%00%(upstream:track)%00%(upstream:remotename)%00%(upstream:remoteref) refs/heads/develop refs/remotes/develop [1ms]
2023-01-25 11:57:37.449 [info] > git status -z -uall [12ms]
2023-01-25 11:57:37.449 [info] > git for-each-ref --sort -committerdate --format %(refname) %(objectname) %(*objectname) [1ms]
2023-01-25 11:58:12.999 [info] > git check-ignore -v -z --stdin [1ms]
2023-01-25 11:58:13.544 [info] > git config --get commit.template [1ms]
2023-01-25 11:58:13.557 [info] > git for-each-ref --format=%(refname)%00%(upstream:short)%00%(objectname)%00%(upstream:track)%00%(upstream:remotename)%00%(upstream:remoteref) refs/heads/develop refs/remotes/develop [1ms]
2023-01-25 11:58:13.580 [info] > git status -z -uall [11ms]
2023-01-25 11:58:13.581 [info] > git for-each-ref --sort -committerdate --format %(refname) %(objectname) %(*objectname) [1ms]
2023-01-25 11:58:49.280 [info] > git check-ignore -v -z --stdin [0ms]
2023-01-25 11:58:49.821 [info] > git config --get commit.template [14ms]
2023-01-25 11:58:49.821 [info] > git for-each-ref --format=%(refname)%00%(upstream:short)%00%(objectname)%00%(upstream:track)%00%(upstream:remotename)%00%(upstream:remoteref) refs/heads/develop refs/remotes/develop [1ms]
2023-01-25 11:58:49.843 [info] > git status -z -uall [10ms]
2023-01-25 11:58:49.844 [info] > git for-each-ref --sort -committerdate --format %(refname) %(objectname) %(*objectname) [1ms]
2023-01-25 11:59:09.500 [info] > git check-ignore -v -z --stdin [1ms]
2023-01-25 11:59:10.003 [info] > git config --get commit.template [1ms]
2023-01-25 11:59:10.016 [info] > git for-each-ref --format=%(refname)%00%(upstream:short)%00%(objectname)%00%(upstream:track)%00%(upstream:remotename)%00%(upstream:remoteref) refs/heads/develop refs/remotes/develop [1ms]
2023-01-25 11:59:10.040 [info] > git status -z -uall [11ms]
2023-01-25 11:59:10.041 [info] > git for-each-ref --sort -committerdate --format %(refname) %(objectname) %(*objectname) [2ms]
2023-01-25 11:59:20.938 [info] > git check-ignore -v -z --stdin [1ms]
2023-01-25 11:59:21.478 [info] > git config --get commit.template [0ms]
2023-01-25 11:59:21.492 [info] > git for-each-ref --format=%(refname)%00%(upstream:short)%00%(objectname)%00%(upstream:track)%00%(upstream:remotename)%00%(upstream:remoteref) refs/heads/develop refs/remotes/develop [1ms]
2023-01-25 11:59:21.518 [info] > git status -z -uall [12ms]
2023-01-25 11:59:21.519 [info] > git for-each-ref --sort -committerdate --format %(refname) %(objectname) %(*objectname) [1ms]
2023-01-25 12:00:02.535 [info] > git check-ignore -v -z --stdin [1ms]
2023-01-25 12:00:03.076 [info] > git config --get commit.template [14ms]
2023-01-25 12:00:03.076 [info] > git for-each-ref --format=%(refname)%00%(upstream:short)%00%(objectname)%00%(upstream:track)%00%(upstream:remotename)%00%(upstream:remoteref) refs/heads/develop refs/remotes/develop [1ms]
2023-01-25 12:00:03.100 [info] > git status -z -uall [11ms]
2023-01-25 12:00:03.101 [info] > git for-each-ref --sort -committerdate --format %(refname) %(objectname) %(*objectname) [1ms]
2023-01-25 12:00:22.725 [info] > git check-ignore -v -z --stdin [1ms]
2023-01-25 12:00:23.249 [info] > git config --get commit.template [0ms]
2023-01-25 12:00:23.262 [info] > git for-each-ref --format=%(refname)%00%(upstream:short)%00%(objectname)%00%(upstream:track)%00%(upstream:remotename)%00%(upstream:remoteref) refs/heads/develop refs/remotes/develop [1ms]
2023-01-25 12:00:23.288 [info] > git status -z -uall [13ms]
2023-01-25 12:00:23.290 [info] > git for-each-ref --sort -committerdate --format %(refname) %(objectname) %(*objectname) [1ms]
2023-01-25 12:00:53.553 [info] > git check-ignore -v -z --stdin [1ms]
2023-01-25 12:00:54.084 [info] > git config --get commit.template [1ms]
2023-01-25 12:00:54.097 [info] > git for-each-ref --format=%(refname)%00%(upstream:short)%00%(objectname)%00%(upstream:track)%00%(upstream:remotename)%00%(upstream:remoteref) refs/heads/develop refs/remotes/develop [0ms]
2023-01-25 12:00:54.121 [info] > git status -z -uall [13ms]
2023-01-25 12:00:54.122 [info] > git for-each-ref --sort -committerdate --format %(refname) %(objectname) %(*objectname) [1ms]
2023-01-25 12:02:16.302 [info] > git check-ignore -v -z --stdin [1ms]
2023-01-25 12:02:16.843 [info] > git config --get commit.template [1ms]
2023-01-25 12:02:16.856 [info] > git for-each-ref --format=%(refname)%00%(upstream:short)%00%(objectname)%00%(upstream:track)%00%(upstream:remotename)%00%(upstream:remoteref) refs/heads/develop refs/remotes/develop [0ms]
2023-01-25 12:02:16.878 [info] > git status -z -uall [10ms]
2023-01-25 12:02:16.879 [info] > git for-each-ref --sort -committerdate --format %(refname) %(objectname) %(*objectname) [1ms]
2023-01-25 12:02:22.717 [info] > git check-ignore -v -z --stdin [0ms]
2023-01-25 12:02:23.258 [info] > git config --get commit.template [0ms]
2023-01-25 12:02:23.272 [info] > git for-each-ref --format=%(refname)%00%(upstream:short)%00%(objectname)%00%(upstream:track)%00%(upstream:remotename)%00%(upstream:remoteref) refs/heads/develop refs/remotes/develop [1ms]
2023-01-25 12:02:23.296 [info] > git status -z -uall [12ms]
2023-01-25 12:02:23.297 [info] > git for-each-ref --sort -committerdate --format %(refname) %(objectname) %(*objectname) [1ms]
2023-01-25 12:02:55.590 [info] > git check-ignore -v -z --stdin [0ms]
2023-01-25 12:02:56.130 [info] > git config --get commit.template [1ms]
2023-01-25 12:02:56.143 [info] > git for-each-ref --format=%(refname)%00%(upstream:short)%00%(objectname)%00%(upstream:track)%00%(upstream:remotename)%00%(upstream:remoteref) refs/heads/develop refs/remotes/develop [1ms]
2023-01-25 12:02:56.167 [info] > git status -z -uall [13ms]
2023-01-25 12:02:56.167 [info] > git for-each-ref --sort -committerdate --format %(refname) %(objectname) %(*objectname) [2ms]
2023-01-25 12:02:59.481 [info] > git check-ignore -v -z --stdin [1ms]
2023-01-25 12:03:00.641 [info] > git check-ignore -v -z --stdin [0ms]
2023-01-25 12:03:01.183 [info] > git config --get commit.template [1ms]
2023-01-25 12:03:01.197 [info] > git for-each-ref --format=%(refname)%00%(upstream:short)%00%(objectname)%00%(upstream:track)%00%(upstream:remotename)%00%(upstream:remoteref) refs/heads/develop refs/remotes/develop [1ms]
2023-01-25 12:03:01.224 [info] > git status -z -uall [13ms]
2023-01-25 12:03:01.225 [info] > git for-each-ref --sort -committerdate --format %(refname) %(objectname) %(*objectname) [2ms]
2023-01-25 12:03:01.742 [info] > git check-ignore -v -z --stdin [1ms]
2023-01-25 12:03:02.727 [info] > git check-ignore -v -z --stdin [0ms]
2023-01-25 12:03:04.184 [info] > git check-ignore -v -z --stdin [1ms]
2023-01-25 12:03:06.241 [info] > git config --get commit.template [1ms]
2023-01-25 12:03:06.253 [info] > git for-each-ref --format=%(refname)%00%(upstream:short)%00%(objectname)%00%(upstream:track)%00%(upstream:remotename)%00%(upstream:remoteref) refs/heads/develop refs/remotes/develop [1ms]
2023-01-25 12:03:06.277 [info] > git status -z -uall [13ms]
2023-01-25 12:03:06.278 [info] > git for-each-ref --sort -committerdate --format %(refname) %(objectname) %(*objectname) [1ms]
2023-01-25 12:03:10.761 [info] > git check-ignore -v -z --stdin [1ms]
2023-01-25 12:03:11.295 [info] > git config --get commit.template [1ms]
2023-01-25 12:03:11.308 [info] > git for-each-ref --format=%(refname)%00%(upstream:short)%00%(objectname)%00%(upstream:track)%00%(upstream:remotename)%00%(upstream:remoteref) refs/heads/develop refs/remotes/develop [1ms]
2023-01-25 12:03:11.331 [info] > git status -z -uall [11ms]
2023-01-25 12:03:11.331 [info] > git for-each-ref --sort -committerdate --format %(refname) %(objectname) %(*objectname) [1ms]
2023-01-25 12:03:11.764 [info] > git check-ignore -v -z --stdin [1ms]
2023-01-25 12:03:12.617 [info] > git check-ignore -v -z --stdin [1ms]
2023-01-25 12:03:13.619 [info] > git check-ignore -v -z --stdin [1ms]
2023-01-25 12:03:14.829 [info] > git check-ignore -v -z --stdin [0ms]
2023-01-25 12:03:16.006 [info] > git check-ignore -v -z --stdin [0ms]
2023-01-25 12:03:16.346 [info] > git config --get commit.template [1ms]
2023-01-25 12:03:16.358 [info] > git for-each-ref --format=%(refname)%00%(upstream:short)%00%(objectname)%00%(upstream:track)%00%(upstream:remotename)%00%(upstream:remoteref) refs/heads/develop refs/remotes/develop [1ms]
2023-01-25 12:03:16.380 [info] > git status -z -uall [12ms]
2023-01-25 12:03:16.380 [info] > git for-each-ref --sort -committerdate --format %(refname) %(objectname) %(*objectname) [1ms]
2023-01-25 12:03:16.831 [info] > git check-ignore -v -z --stdin [1ms]
2023-01-25 12:03:21.407 [info] > git config --get commit.template [13ms]
2023-01-25 12:03:21.408 [info] > git for-each-ref --format=%(refname)%00%(upstream:short)%00%(objectname)%00%(upstream:track)%00%(upstream:remotename)%00%(upstream:remoteref) refs/heads/develop refs/remotes/develop [1ms]
2023-01-25 12:03:21.430 [info] > git status -z -uall [11ms]
2023-01-25 12:03:21.431 [info] > git for-each-ref --sort -committerdate --format %(refname) %(objectname) %(*objectname) [1ms]
2023-01-25 12:03:22.905 [info] > git check-ignore -v -z --stdin [0ms]
2023-01-25 12:03:24.850 [info] > git check-ignore -v -z --stdin [1ms]
2023-01-25 12:03:26.445 [info] > git config --get commit.template [1ms]
2023-01-25 12:03:26.458 [info] > git for-each-ref --format=%(refname)%00%(upstream:short)%00%(objectname)%00%(upstream:track)%00%(upstream:remotename)%00%(upstream:remoteref) refs/heads/develop refs/remotes/develop [1ms]
2023-01-25 12:03:26.482 [info] > git status -z -uall [12ms]
2023-01-25 12:03:26.483 [info] > git for-each-ref --sort -committerdate --format %(refname) %(objectname) %(*objectname) [1ms]
2023-01-25 12:03:26.558 [info] > git check-ignore -v -z --stdin [1ms]
2023-01-25 12:03:27.865 [info] > git check-ignore -v -z --stdin [1ms]
2023-01-25 12:03:29.257 [info] > git check-ignore -v -z --stdin [0ms]
2023-01-25 12:03:31.060 [info] > git check-ignore -v -z --stdin [1ms]
2023-01-25 12:03:31.497 [info] > git config --get commit.template [0ms]
2023-01-25 12:03:31.509 [info] > git for-each-ref --format=%(refname)%00%(upstream:short)%00%(objectname)%00%(upstream:track)%00%(upstream:remotename)%00%(upstream:remoteref) refs/heads/develop refs/remotes/develop [1ms]
2023-01-25 12:03:31.535 [info] > git status -z -uall [12ms]
2023-01-25 12:03:31.536 [info] > git for-each-ref --sort -committerdate --format %(refname) %(objectname) %(*objectname) [1ms]
2023-01-25 12:03:32.765 [info] > git check-ignore -v -z --stdin [0ms]
2023-01-25 12:03:34.441 [info] > git check-ignore -v -z --stdin [1ms]
2023-01-25 12:03:36.563 [info] > git config --get commit.template [12ms]
2023-01-25 12:03:36.564 [info] > git for-each-ref --format=%(refname)%00%(upstream:short)%00%(objectname)%00%(upstream:track)%00%(upstream:remotename)%00%(upstream:remoteref) refs/heads/develop refs/remotes/develop [1ms]
2023-01-25 12:03:36.587 [info] > git status -z -uall [12ms]
2023-01-25 12:03:36.588 [info] > git for-each-ref --sort -committerdate --format %(refname) %(objectname) %(*objectname) [2ms]
2023-01-25 12:03:43.511 [info] > git check-ignore -v -z --stdin [0ms]
2023-01-25 12:03:45.091 [info] > git show --textconv HEAD:.idea/.gitignore [15ms]
2023-01-25 12:03:45.091 [info] > git ls-tree -l HEAD -- /home/mustafaakil/Documents/projects/work/pau-flutter/.idea/.gitignore [4ms]
2023-01-25 12:03:45.604 [info] > git check-ignore -v -z --stdin [1ms]
2023-01-25 12:03:49.945 [info] > git show --textconv :pau_mobil/.gitignore [13ms]
2023-01-25 12:03:49.945 [info] > git ls-files --stage -- /home/mustafaakil/Documents/projects/work/pau-flutter/pau_mobil/.gitignore [1ms]
2023-01-25 12:03:49.960 [info] > git cat-file -s 24476c5d1eb55824c76d8b01a3965f94abad1ef8 [1ms]
2023-01-25 12:04:04.787 [info] > git check-ignore -v -z --stdin [1ms]
2023-01-25 12:04:05.236 [info] > git config --get commit.template [0ms]
2023-01-25 12:04:05.251 [info] > git for-each-ref --format=%(refname)%00%(upstream:short)%00%(objectname)%00%(upstream:track)%00%(upstream:remotename)%00%(upstream:remoteref) refs/heads/develop refs/remotes/develop [1ms]
2023-01-25 12:04:05.275 [info] > git status -z -uall [12ms]
2023-01-25 12:04:05.275 [info] > git for-each-ref --sort -committerdate --format %(refname) %(objectname) %(*objectname) [1ms]
