2023-01-25 13:26:16.478 [info] Reading sessions from keychain...
2023-01-25 13:26:16.478 [info] Getting sessions for user:email...
2023-01-25 13:26:16.478 [info] Getting sessions for all scopes...
2023-01-25 13:26:16.478 [info] Got stored sessions!
2023-01-25 13:26:16.478 [info] Got 4 verified sessions.
2023-01-25 13:26:16.478 [info] Got 1 sessions for user:email...
2023-01-25 13:26:16.478 [info] Got 4 sessions for ...
2023-01-25 13:26:16.478 [info] Getting sessions for codespace,read:user,repo,user:email...
2023-01-25 13:26:16.478 [info] Got 1 sessions for codespace,read:user,repo,user:email...
2023-01-25 13:26:18.246 [info] Getting sessions for all scopes...
2023-01-25 13:26:18.246 [info] Got 4 sessions for ...
2023-01-25 13:26:18.289 [info] Getting sessions for read:user...
2023-01-25 13:26:18.289 [info] Got 1 sessions for read:user...
2023-01-25 13:26:34.576 [info] Reading sessions from keychain...
2023-01-25 13:26:34.576 [info] Getting sessions for user:email...
2023-01-25 13:26:34.576 [info] Getting sessions for all scopes...
2023-01-25 13:26:34.576 [info] Got stored sessions!
2023-01-25 13:26:34.576 [info] Got 4 verified sessions.
2023-01-25 13:26:34.576 [info] Got 1 sessions for user:email...
2023-01-25 13:26:34.576 [info] Got 4 sessions for ...
2023-01-25 13:26:34.576 [info] Getting sessions for codespace,read:user,repo,user:email...
2023-01-25 13:26:34.576 [info] Got 1 sessions for codespace,read:user,repo,user:email...
2023-01-25 13:26:35.607 [info] Getting sessions for read:user...
2023-01-25 13:26:35.607 [info] Got 1 sessions for read:user...
2023-01-25 13:26:36.878 [info] Getting sessions for all scopes...
2023-01-25 13:26:36.910 [info] Got 4 sessions for ...
