2023-01-07 17:32:57.356 [info] Starting worker process with pid 28619 (type: fileWatcher, window: 1).
2023-01-07 17:32:57.570 [info] Deleted from disk vue.vscode-typescript-vue-plugin /home/mustafaakil/.vscode/extensions/vue.vscode-typescript-vue-plugin-1.0.19
2023-01-07 17:32:57.572 [info] Deleted from disk vue.volar /home/mustafaakil/.vscode/extensions/vue.volar-1.0.19-linux-x64
2023-01-07 17:32:57.573 [info] Deleted from disk rangav.vscode-thunder-client /home/mustafaakil/.vscode/extensions/rangav.vscode-thunder-client-2.2.4
2023-01-07 17:33:06.069 [info] Getting Manifest... ms-python.vscode-pylance
2023-01-07 17:33:06.070 [info] Getting Manifest... prisma.prisma
2023-01-07 17:33:06.071 [info] Getting Manifest... visualstudioexptteam.vscodeintellicode
2023-01-07 17:33:06.734 [info] Installing extension: visualstudioexptteam.vscodeintellicode
2023-01-07 17:33:06.994 [info] Installing extension: ms-python.vscode-pylance
2023-01-07 17:33:07.112 [info] Installing extension: prisma.prisma
2023-01-07 17:33:07.682 [info] Getting Manifest... ms-python.python
2023-01-07 17:33:22.489 [info] Extracted extension to /home/mustafaakil/.vscode/extensions/.3404b58b-841c-4d27-8d8e-399f3e6197b9: prisma.prisma
2023-01-07 17:33:22.492 [info] Renamed to /home/mustafaakil/.vscode/extensions/prisma.prisma-4.8.1
2023-01-07 17:33:22.493 [info] Extracting completed. prisma.prisma
2023-01-07 17:33:22.501 [info] Extension installed successfully: prisma.prisma
2023-01-07 17:33:22.539 [info] Marked extension as uninstalled prisma.prisma-4.8.0
2023-01-07 17:34:27.807 [info] Extracted extension to /home/mustafaakil/.vscode/extensions/.3ff55cc8-3f42-4ba2-b24b-2b543415b3d8: ms-python.vscode-pylance
2023-01-07 17:34:27.810 [info] Renamed to /home/mustafaakil/.vscode/extensions/ms-python.vscode-pylance-2023.1.10
2023-01-07 17:34:27.812 [info] Extracting completed. ms-python.vscode-pylance
2023-01-07 17:34:27.821 [info] Extension installed successfully: ms-python.vscode-pylance
2023-01-07 17:34:27.863 [info] Marked extension as uninstalled ms-python.vscode-pylance-2022.12.20
2023-01-07 17:37:16.287 [info] Extracted extension to /home/mustafaakil/.vscode/extensions/.6f1d0609-3219-4ec7-9813-8820922ace95: visualstudioexptteam.vscodeintellicode
2023-01-07 17:37:16.300 [info] Renamed to /home/mustafaakil/.vscode/extensions/visualstudioexptteam.vscodeintellicode-1.2.30
2023-01-07 17:37:16.301 [info] Extracting completed. visualstudioexptteam.vscodeintellicode
2023-01-07 17:37:16.312 [info] Extension installed successfully: visualstudioexptteam.vscodeintellicode
2023-01-07 17:37:16.353 [info] Marked extension as uninstalled visualstudioexptteam.vscodeintellicode-1.2.29
