2023-01-07 17:32:57.131 [info] Using settings sync service https://vscode-sync.trafficmanager.net/
2023-01-07 17:32:57.131 [info] Auto Sync is enabled.
2023-01-07 17:32:57.131 [info] Auto Sync: Suspended until auth token is available.
2023-01-07 17:32:58.222 [info] Auto Sync: Triggered by Interval
2023-01-07 17:32:58.222 [info] Sync started.
2023-01-07 17:33:04.082 [info] Profiles: No changes found during synchronizing profiles.
2023-01-07 17:33:04.118 [info] Settings: No changes found during synchronizing settings.
2023-01-07 17:33:04.128 [info] Keybindings: No changes found during synchronizing keybindings.
2023-01-07 17:33:04.138 [info] Snippets: No changes found during synchronizing snippets.
2023-01-07 17:33:04.143 [info] Tasks: No changes found during synchronizing tasks.
2023-01-07 17:33:04.531 [info] GlobalState: Updated remote ui state. Updated: cpp.1.lastSessionDate,cpp.1.sessionCount,java.2.lastSessionDate,java.2.sessionCount,workbench.activity.pinnedViewlets2,workbench.panel.pinnedPanels,workbench.statusbar.hidden.
2023-01-07 17:33:04.545 [info] GlobalState: Updated last synchronized ui state
2023-01-07 17:33:04.639 [info] Extensions: No changes found during synchronizing extensions.
2023-01-07 17:33:04.644 [info] Sync done. Took 6423ms
2023-01-07 17:33:26.870 [info] Auto Sync: Triggered by Activity
2023-01-07 17:33:26.870 [info] Sync started.
2023-01-07 17:33:27.048 [info] Profiles: No changes found during synchronizing profiles.
2023-01-07 17:33:27.076 [info] Settings: No changes found during synchronizing settings.
2023-01-07 17:33:27.082 [info] Keybindings: No changes found during synchronizing keybindings.
2023-01-07 17:33:27.088 [info] Snippets: No changes found during synchronizing snippets.
2023-01-07 17:33:27.092 [info] Tasks: No changes found during synchronizing tasks.
2023-01-07 17:33:27.497 [info] GlobalState: Updated remote ui state. Updated: workbench.panel.pinnedPanels.
2023-01-07 17:33:27.501 [info] GlobalState: Updated last synchronized ui state
2023-01-07 17:33:27.580 [info] Extensions: No changes found during synchronizing extensions.
2023-01-07 17:33:27.583 [info] Sync done. Took 715ms
2023-01-07 17:33:54.198 [info] Auto Sync: Triggered by Activity
2023-01-07 17:33:54.199 [info] Sync started.
2023-01-07 17:33:54.370 [info] Profiles: No changes found during synchronizing profiles.
2023-01-07 17:33:54.647 [info] Settings: Updated remote settings
2023-01-07 17:33:54.655 [info] Settings: Updated last synchronized settings
2023-01-07 17:33:54.659 [info] Keybindings: No changes found during synchronizing keybindings.
2023-01-07 17:33:54.665 [info] Snippets: No changes found during synchronizing snippets.
2023-01-07 17:33:54.670 [info] Tasks: No changes found during synchronizing tasks.
2023-01-07 17:33:54.675 [info] GlobalState: No changes found during synchronizing ui state.
2023-01-07 17:33:54.766 [info] Extensions: No changes found during synchronizing extensions.
2023-01-07 17:33:54.770 [info] Sync done. Took 574ms
2023-01-07 17:34:08.673 [info] Auto Sync: Triggered by Activity
2023-01-07 17:34:08.674 [info] Sync started.
2023-01-07 17:34:08.853 [info] Profiles: No changes found during synchronizing profiles.
2023-01-07 17:34:08.865 [info] Settings: No changes found during synchronizing settings.
2023-01-07 17:34:08.870 [info] Keybindings: No changes found during synchronizing keybindings.
2023-01-07 17:34:08.877 [info] Snippets: No changes found during synchronizing snippets.
2023-01-07 17:34:08.883 [info] Tasks: No changes found during synchronizing tasks.
2023-01-07 17:34:08.890 [info] GlobalState: No changes found during synchronizing ui state.
2023-01-07 17:34:08.988 [info] Extensions: No changes found during synchronizing extensions.
2023-01-07 17:34:08.990 [info] Sync done. Took 318ms
2023-01-07 17:34:13.972 [info] Auto Sync: Triggered by Activity
2023-01-07 17:34:13.972 [info] Sync started.
2023-01-07 17:34:14.138 [info] Profiles: No changes found during synchronizing profiles.
2023-01-07 17:34:14.469 [info] Settings: Updated remote settings
2023-01-07 17:34:14.478 [info] Settings: Updated last synchronized settings
2023-01-07 17:34:14.483 [info] Keybindings: No changes found during synchronizing keybindings.
2023-01-07 17:34:14.491 [info] Snippets: No changes found during synchronizing snippets.
2023-01-07 17:34:14.495 [info] Tasks: No changes found during synchronizing tasks.
2023-01-07 17:34:14.501 [info] GlobalState: No changes found during synchronizing ui state.
2023-01-07 17:34:14.591 [info] Extensions: No changes found during synchronizing extensions.
2023-01-07 17:34:14.594 [info] Sync done. Took 623ms
2023-01-07 17:34:46.192 [info] Auto Sync: Triggered by Activity
2023-01-07 17:34:46.192 [info] Sync started.
2023-01-07 17:34:46.357 [info] Profiles: No changes found during synchronizing profiles.
2023-01-07 17:34:46.625 [info] Settings: Updated remote settings
2023-01-07 17:34:46.632 [info] Settings: Updated last synchronized settings
2023-01-07 17:34:46.635 [info] Keybindings: No changes found during synchronizing keybindings.
2023-01-07 17:34:46.646 [info] Snippets: No changes found during synchronizing snippets.
2023-01-07 17:34:46.653 [info] Tasks: No changes found during synchronizing tasks.
2023-01-07 17:34:46.663 [info] GlobalState: No changes found during synchronizing ui state.
2023-01-07 17:34:46.766 [info] Extensions: No changes found during synchronizing extensions.
2023-01-07 17:34:46.770 [info] Sync done. Took 580ms
2023-01-07 17:34:52.334 [info] Auto Sync: Triggered by Activity
2023-01-07 17:34:52.334 [info] Sync started.
2023-01-07 17:34:52.488 [info] Profiles: No changes found during synchronizing profiles.
2023-01-07 17:34:52.745 [info] Settings: Updated remote settings
2023-01-07 17:34:52.751 [info] Settings: Updated last synchronized settings
2023-01-07 17:34:52.765 [info] Keybindings: No changes found during synchronizing keybindings.
2023-01-07 17:34:52.772 [info] Snippets: No changes found during synchronizing snippets.
2023-01-07 17:34:52.776 [info] Tasks: No changes found during synchronizing tasks.
2023-01-07 17:34:52.781 [info] GlobalState: No changes found during synchronizing ui state.
2023-01-07 17:34:52.848 [info] Extensions: No changes found during synchronizing extensions.
2023-01-07 17:34:52.851 [info] Sync done. Took 518ms
2023-01-07 17:35:29.074 [info] Auto Sync: Triggered by Activity
2023-01-07 17:35:29.074 [info] Sync started.
2023-01-07 17:35:29.235 [info] Profiles: No changes found during synchronizing profiles.
2023-01-07 17:35:29.246 [info] Settings: No changes found during synchronizing settings.
2023-01-07 17:35:29.251 [info] Keybindings: No changes found during synchronizing keybindings.
2023-01-07 17:35:29.256 [info] Snippets: No changes found during synchronizing snippets.
2023-01-07 17:35:29.261 [info] Tasks: No changes found during synchronizing tasks.
2023-01-07 17:35:29.667 [info] GlobalState: Updated remote ui state. Updated: snippets.usageTimestamps.
2023-01-07 17:35:29.684 [info] GlobalState: Updated last synchronized ui state
2023-01-07 17:35:29.765 [info] Extensions: No changes found during synchronizing extensions.
2023-01-07 17:35:29.768 [info] Sync done. Took 696ms
2023-01-07 17:35:33.343 [info] Auto Sync: Triggered by Activity
2023-01-07 17:35:33.343 [info] Sync started.
2023-01-07 17:35:33.519 [info] Profiles: No changes found during synchronizing profiles.
2023-01-07 17:35:33.528 [info] Settings: No changes found during synchronizing settings.
2023-01-07 17:35:33.538 [info] Keybindings: No changes found during synchronizing keybindings.
2023-01-07 17:35:33.541 [info] Snippets: No changes found during synchronizing snippets.
2023-01-07 17:35:33.546 [info] Tasks: No changes found during synchronizing tasks.
2023-01-07 17:35:33.552 [info] GlobalState: No changes found during synchronizing ui state.
2023-01-07 17:35:33.622 [info] Extensions: No changes found during synchronizing extensions.
2023-01-07 17:35:33.625 [info] Sync done. Took 283ms
2023-01-07 17:35:37.436 [info] Auto Sync: Triggered by Activity
2023-01-07 17:35:37.437 [info] Sync started.
2023-01-07 17:35:37.601 [info] Profiles: No changes found during synchronizing profiles.
2023-01-07 17:35:37.615 [info] Settings: No changes found during synchronizing settings.
2023-01-07 17:35:37.620 [info] Keybindings: No changes found during synchronizing keybindings.
2023-01-07 17:35:37.628 [info] Snippets: No changes found during synchronizing snippets.
2023-01-07 17:35:37.634 [info] Tasks: No changes found during synchronizing tasks.
2023-01-07 17:35:37.641 [info] GlobalState: No changes found during synchronizing ui state.
2023-01-07 17:35:37.713 [info] Extensions: No changes found during synchronizing extensions.
2023-01-07 17:35:37.718 [info] Sync done. Took 282ms
2023-01-07 17:35:39.771 [info] Auto Sync: Triggered by Activity
2023-01-07 17:35:39.772 [info] Sync started.
2023-01-07 17:35:39.931 [info] Profiles: No changes found during synchronizing profiles.
2023-01-07 17:35:39.941 [info] Settings: No changes found during synchronizing settings.
2023-01-07 17:35:39.944 [info] Keybindings: No changes found during synchronizing keybindings.
2023-01-07 17:35:39.950 [info] Snippets: No changes found during synchronizing snippets.
2023-01-07 17:35:39.956 [info] Tasks: No changes found during synchronizing tasks.
2023-01-07 17:35:39.961 [info] GlobalState: No changes found during synchronizing ui state.
2023-01-07 17:35:40.028 [info] Extensions: No changes found during synchronizing extensions.
2023-01-07 17:35:40.034 [info] Sync done. Took 264ms
2023-01-07 17:37:46.840 [info] Auto Sync: Triggered by Activity
2023-01-07 17:37:46.840 [info] Sync started.
2023-01-07 17:37:47.018 [info] Profiles: No changes found during synchronizing profiles.
2023-01-07 17:37:47.029 [info] Settings: No changes found during synchronizing settings.
2023-01-07 17:37:47.035 [info] Keybindings: No changes found during synchronizing keybindings.
2023-01-07 17:37:47.041 [info] Snippets: No changes found during synchronizing snippets.
2023-01-07 17:37:47.046 [info] Tasks: No changes found during synchronizing tasks.
2023-01-07 17:37:47.055 [info] GlobalState: No changes found during synchronizing ui state.
2023-01-07 17:37:47.138 [info] Extensions: No changes found during synchronizing extensions.
2023-01-07 17:37:47.140 [info] Sync done. Took 302ms
2023-01-07 17:37:55.336 [info] Auto Sync: Triggered by Activity
2023-01-07 17:37:55.337 [info] Sync started.
2023-01-07 17:37:55.504 [info] Profiles: No changes found during synchronizing profiles.
2023-01-07 17:37:55.514 [info] Settings: No changes found during synchronizing settings.
2023-01-07 17:37:55.519 [info] Keybindings: No changes found during synchronizing keybindings.
2023-01-07 17:37:55.524 [info] Snippets: No changes found during synchronizing snippets.
2023-01-07 17:37:55.528 [info] Tasks: No changes found during synchronizing tasks.
2023-01-07 17:37:55.534 [info] GlobalState: No changes found during synchronizing ui state.
2023-01-07 17:37:55.605 [info] Extensions: No changes found during synchronizing extensions.
2023-01-07 17:37:55.608 [info] Sync done. Took 272ms
2023-01-07 17:37:58.134 [info] Auto Sync: Triggered by Activity
2023-01-07 17:37:58.134 [info] Sync started.
2023-01-07 17:37:58.303 [info] Profiles: No changes found during synchronizing profiles.
2023-01-07 17:37:58.313 [info] Settings: No changes found during synchronizing settings.
2023-01-07 17:37:58.317 [info] Keybindings: No changes found during synchronizing keybindings.
2023-01-07 17:37:58.323 [info] Snippets: No changes found during synchronizing snippets.
2023-01-07 17:37:58.328 [info] Tasks: No changes found during synchronizing tasks.
2023-01-07 17:37:58.334 [info] GlobalState: No changes found during synchronizing ui state.
2023-01-07 17:37:58.416 [info] Extensions: No changes found during synchronizing extensions.
2023-01-07 17:37:58.419 [info] Sync done. Took 286ms
2023-01-07 17:38:06.534 [info] Auto Sync: Triggered by Activity
2023-01-07 17:38:06.534 [info] Sync started.
2023-01-07 17:38:06.724 [info] Profiles: No changes found during synchronizing profiles.
2023-01-07 17:38:06.745 [info] Settings: No changes found during synchronizing settings.
2023-01-07 17:38:06.751 [info] Keybindings: No changes found during synchronizing keybindings.
2023-01-07 17:38:06.756 [info] Snippets: No changes found during synchronizing snippets.
2023-01-07 17:38:06.761 [info] Tasks: No changes found during synchronizing tasks.
2023-01-07 17:38:06.768 [info] GlobalState: No changes found during synchronizing ui state.
2023-01-07 17:38:06.831 [info] Extensions: No changes found during synchronizing extensions.
2023-01-07 17:38:06.835 [info] Sync done. Took 305ms
2023-01-07 17:38:29.638 [info] Auto Sync: Triggered by Activity
2023-01-07 17:38:29.638 [info] Sync started.
2023-01-07 17:38:29.792 [info] Profiles: No changes found during synchronizing profiles.
2023-01-07 17:38:29.803 [info] Settings: No changes found during synchronizing settings.
2023-01-07 17:38:29.807 [info] Keybindings: No changes found during synchronizing keybindings.
2023-01-07 17:38:29.812 [info] Snippets: No changes found during synchronizing snippets.
2023-01-07 17:38:29.816 [info] Tasks: No changes found during synchronizing tasks.
2023-01-07 17:38:29.822 [info] GlobalState: No changes found during synchronizing ui state.
2023-01-07 17:38:29.906 [info] Extensions: No changes found during synchronizing extensions.
2023-01-07 17:38:29.908 [info] Sync done. Took 272ms
2023-01-07 17:38:34.369 [info] Auto Sync: Triggered by Activity
2023-01-07 17:38:34.370 [info] Sync started.
2023-01-07 17:38:34.536 [info] Profiles: No changes found during synchronizing profiles.
2023-01-07 17:38:34.547 [info] Settings: No changes found during synchronizing settings.
2023-01-07 17:38:34.550 [info] Keybindings: No changes found during synchronizing keybindings.
2023-01-07 17:38:34.556 [info] Snippets: No changes found during synchronizing snippets.
2023-01-07 17:38:34.567 [info] Tasks: No changes found during synchronizing tasks.
2023-01-07 17:38:34.571 [info] GlobalState: No changes found during synchronizing ui state.
2023-01-07 17:38:34.655 [info] Extensions: No changes found during synchronizing extensions.
2023-01-07 17:38:34.658 [info] Sync done. Took 290ms
2023-01-07 17:38:53.164 [info] Auto Sync: Triggered by Activity
2023-01-07 17:38:53.165 [info] Sync started.
2023-01-07 17:38:53.655 [info] Profiles: No changes found during synchronizing profiles.
2023-01-07 17:38:53.667 [info] Settings: No changes found during synchronizing settings.
2023-01-07 17:38:53.672 [info] Keybindings: No changes found during synchronizing keybindings.
2023-01-07 17:38:53.676 [info] Snippets: No changes found during synchronizing snippets.
2023-01-07 17:38:53.681 [info] Tasks: No changes found during synchronizing tasks.
2023-01-07 17:38:53.687 [info] GlobalState: No changes found during synchronizing ui state.
2023-01-07 17:38:53.779 [info] Extensions: No changes found during synchronizing extensions.
2023-01-07 17:38:53.781 [info] Sync done. Took 619ms
2023-01-07 17:39:01.227 [info] Auto Sync: Triggered by Activity
2023-01-07 17:39:01.228 [info] Sync started.
2023-01-07 17:39:01.376 [info] Profiles: No changes found during synchronizing profiles.
2023-01-07 17:39:01.388 [info] Settings: No changes found during synchronizing settings.
2023-01-07 17:39:01.394 [info] Keybindings: No changes found during synchronizing keybindings.
2023-01-07 17:39:01.401 [info] Snippets: No changes found during synchronizing snippets.
2023-01-07 17:39:01.407 [info] Tasks: No changes found during synchronizing tasks.
2023-01-07 17:39:01.415 [info] GlobalState: No changes found during synchronizing ui state.
2023-01-07 17:39:01.502 [info] Extensions: No changes found during synchronizing extensions.
2023-01-07 17:39:01.505 [info] Sync done. Took 280ms
2023-01-07 17:39:09.149 [info] Auto Sync: Triggered by Activity
2023-01-07 17:39:09.149 [info] Sync started.
2023-01-07 17:39:09.342 [info] Profiles: No changes found during synchronizing profiles.
2023-01-07 17:39:09.621 [info] Settings: Updated remote settings
2023-01-07 17:39:09.637 [info] Settings: Updated last synchronized settings
2023-01-07 17:39:09.643 [info] Keybindings: No changes found during synchronizing keybindings.
2023-01-07 17:39:09.651 [info] Snippets: No changes found during synchronizing snippets.
2023-01-07 17:39:09.656 [info] Tasks: No changes found during synchronizing tasks.
2023-01-07 17:39:09.660 [info] GlobalState: No changes found during synchronizing ui state.
2023-01-07 17:39:09.734 [info] Extensions: No changes found during synchronizing extensions.
2023-01-07 17:39:09.737 [info] Sync done. Took 590ms
2023-01-07 17:39:12.181 [info] Auto Sync: Triggered by Activity
2023-01-07 17:39:12.181 [info] Sync started.
2023-01-07 17:39:12.339 [info] Profiles: No changes found during synchronizing profiles.
2023-01-07 17:39:12.641 [info] Settings: Updated remote settings
2023-01-07 17:39:12.660 [info] Settings: Updated last synchronized settings
2023-01-07 17:39:12.666 [info] Keybindings: No changes found during synchronizing keybindings.
2023-01-07 17:39:12.672 [info] Snippets: No changes found during synchronizing snippets.
2023-01-07 17:39:12.677 [info] Tasks: No changes found during synchronizing tasks.
2023-01-07 17:39:12.683 [info] GlobalState: No changes found during synchronizing ui state.
2023-01-07 17:39:12.761 [info] Extensions: No changes found during synchronizing extensions.
2023-01-07 17:39:12.770 [info] Sync done. Took 591ms
2023-01-07 17:39:14.919 [info] Auto Sync: Triggered by Activity
2023-01-07 17:39:14.920 [info] Sync started.
2023-01-07 17:39:15.105 [info] Profiles: No changes found during synchronizing profiles.
2023-01-07 17:39:15.117 [info] Settings: No changes found during synchronizing settings.
2023-01-07 17:39:15.122 [info] Keybindings: No changes found during synchronizing keybindings.
2023-01-07 17:39:15.126 [info] Snippets: No changes found during synchronizing snippets.
2023-01-07 17:39:15.131 [info] Tasks: No changes found during synchronizing tasks.
2023-01-07 17:39:15.136 [info] GlobalState: No changes found during synchronizing ui state.
2023-01-07 17:39:15.198 [info] Extensions: No changes found during synchronizing extensions.
2023-01-07 17:39:15.200 [info] Sync done. Took 282ms
2023-01-07 17:40:16.886 [info] Auto Sync: Triggered by Activity
2023-01-07 17:40:16.886 [info] Sync started.
2023-01-07 17:40:17.080 [info] Profiles: No changes found during synchronizing profiles.
2023-01-07 17:40:17.091 [info] Settings: No changes found during synchronizing settings.
2023-01-07 17:40:17.096 [info] Keybindings: No changes found during synchronizing keybindings.
2023-01-07 17:40:17.103 [info] Snippets: No changes found during synchronizing snippets.
2023-01-07 17:40:17.109 [info] Tasks: No changes found during synchronizing tasks.
2023-01-07 17:40:17.116 [info] GlobalState: No changes found during synchronizing ui state.
2023-01-07 17:40:17.220 [info] Extensions: No changes found during synchronizing extensions.
2023-01-07 17:40:17.226 [info] Sync done. Took 341ms
2023-01-07 17:41:50.187 [info] Auto Sync: Triggered by Activity
2023-01-07 17:41:50.187 [info] Sync started.
2023-01-07 17:41:50.338 [info] Profiles: No changes found during synchronizing profiles.
2023-01-07 17:41:50.352 [info] Settings: No changes found during synchronizing settings.
2023-01-07 17:41:50.356 [info] Keybindings: No changes found during synchronizing keybindings.
2023-01-07 17:41:50.361 [info] Snippets: No changes found during synchronizing snippets.
2023-01-07 17:41:50.364 [info] Tasks: No changes found during synchronizing tasks.
2023-01-07 17:41:50.370 [info] GlobalState: No changes found during synchronizing ui state.
2023-01-07 17:41:50.451 [info] Extensions: No changes found during synchronizing extensions.
2023-01-07 17:41:50.454 [info] Sync done. Took 268ms
2023-01-07 17:44:05.150 [info] Auto Sync: Triggered by Activity
2023-01-07 17:44:05.150 [info] Sync started.
2023-01-07 17:44:05.952 [info] Profiles: No changes found during synchronizing profiles.
2023-01-07 17:44:05.967 [info] Settings: No changes found during synchronizing settings.
2023-01-07 17:44:05.973 [info] Keybindings: No changes found during synchronizing keybindings.
2023-01-07 17:44:05.979 [info] Snippets: No changes found during synchronizing snippets.
2023-01-07 17:44:05.985 [info] Tasks: No changes found during synchronizing tasks.
2023-01-07 17:44:05.990 [info] GlobalState: No changes found during synchronizing ui state.
2023-01-07 17:44:06.084 [info] Extensions: No changes found during synchronizing extensions.
2023-01-07 17:44:06.087 [info] Sync done. Took 941ms
2023-01-07 17:44:20.036 [info] Auto Sync: Triggered by Activity
2023-01-07 17:44:20.037 [info] Sync started.
2023-01-07 17:44:20.201 [info] Profiles: No changes found during synchronizing profiles.
2023-01-07 17:44:20.486 [info] Settings: Updated remote settings
2023-01-07 17:44:20.503 [info] Settings: Updated last synchronized settings
2023-01-07 17:44:20.507 [info] Keybindings: No changes found during synchronizing keybindings.
2023-01-07 17:44:20.513 [info] Snippets: No changes found during synchronizing snippets.
2023-01-07 17:44:20.518 [info] Tasks: No changes found during synchronizing tasks.
2023-01-07 17:44:20.523 [info] GlobalState: No changes found during synchronizing ui state.
2023-01-07 17:44:20.606 [info] Extensions: No changes found during synchronizing extensions.
2023-01-07 17:44:20.609 [info] Sync done. Took 574ms
2023-01-07 17:44:30.117 [info] Auto Sync: Triggered by Activity
2023-01-07 17:44:30.117 [info] Sync started.
2023-01-07 17:44:30.273 [info] Profiles: No changes found during synchronizing profiles.
2023-01-07 17:44:30.580 [info] Settings: Updated remote settings
2023-01-07 17:44:30.597 [info] Settings: Updated last synchronized settings
2023-01-07 17:44:30.600 [info] Keybindings: No changes found during synchronizing keybindings.
2023-01-07 17:44:30.605 [info] Snippets: No changes found during synchronizing snippets.
2023-01-07 17:44:30.608 [info] Tasks: No changes found during synchronizing tasks.
2023-01-07 17:44:30.613 [info] GlobalState: No changes found during synchronizing ui state.
2023-01-07 17:44:30.688 [info] Extensions: No changes found during synchronizing extensions.
2023-01-07 17:44:30.691 [info] Sync done. Took 575ms
2023-01-07 17:44:36.623 [info] Auto Sync: Triggered by Activity
2023-01-07 17:44:36.624 [info] Sync started.
2023-01-07 17:44:36.781 [info] Profiles: No changes found during synchronizing profiles.
2023-01-07 17:44:37.059 [info] Settings: Updated remote settings
2023-01-07 17:44:37.078 [info] Settings: Updated last synchronized settings
2023-01-07 17:44:37.083 [info] Keybindings: No changes found during synchronizing keybindings.
2023-01-07 17:44:37.089 [info] Snippets: No changes found during synchronizing snippets.
2023-01-07 17:44:37.096 [info] Tasks: No changes found during synchronizing tasks.
2023-01-07 17:44:37.103 [info] GlobalState: No changes found during synchronizing ui state.
2023-01-07 17:44:37.182 [info] Extensions: No changes found during synchronizing extensions.
2023-01-07 17:44:37.184 [info] Sync done. Took 562ms
2023-01-07 17:44:40.281 [info] Auto Sync: Triggered by Activity
2023-01-07 17:44:40.281 [info] Sync started.
2023-01-07 17:44:40.447 [info] Profiles: No changes found during synchronizing profiles.
2023-01-07 17:44:40.460 [info] Settings: No changes found during synchronizing settings.
2023-01-07 17:44:40.465 [info] Keybindings: No changes found during synchronizing keybindings.
2023-01-07 17:44:40.471 [info] Snippets: No changes found during synchronizing snippets.
2023-01-07 17:44:40.474 [info] Tasks: No changes found during synchronizing tasks.
2023-01-07 17:44:40.481 [info] GlobalState: No changes found during synchronizing ui state.
2023-01-07 17:44:40.557 [info] Extensions: No changes found during synchronizing extensions.
2023-01-07 17:44:40.559 [info] Sync done. Took 280ms
2023-01-07 17:44:52.011 [info] Auto Sync: Triggered by Activity
2023-01-07 17:44:52.011 [info] Sync started.
2023-01-07 17:44:52.170 [info] Profiles: No changes found during synchronizing profiles.
2023-01-07 17:44:52.184 [info] Settings: No changes found during synchronizing settings.
2023-01-07 17:44:52.188 [info] Keybindings: No changes found during synchronizing keybindings.
2023-01-07 17:44:52.195 [info] Snippets: No changes found during synchronizing snippets.
2023-01-07 17:44:52.198 [info] Tasks: No changes found during synchronizing tasks.
2023-01-07 17:44:52.206 [info] GlobalState: No changes found during synchronizing ui state.
2023-01-07 17:44:52.291 [info] Extensions: No changes found during synchronizing extensions.
2023-01-07 17:44:52.294 [info] Sync done. Took 284ms
2023-01-07 17:45:01.970 [info] Auto Sync: Triggered by Activity
2023-01-07 17:45:01.971 [info] Sync started.
2023-01-07 17:45:02.319 [info] Profiles: No changes found during synchronizing profiles.
2023-01-07 17:45:02.760 [info] Settings: Updated remote settings
2023-01-07 17:45:02.777 [info] Settings: Updated last synchronized settings
2023-01-07 17:45:02.782 [info] Keybindings: No changes found during synchronizing keybindings.
2023-01-07 17:45:02.789 [info] Snippets: No changes found during synchronizing snippets.
2023-01-07 17:45:02.792 [info] Tasks: No changes found during synchronizing tasks.
2023-01-07 17:45:02.798 [info] GlobalState: No changes found during synchronizing ui state.
2023-01-07 17:45:02.891 [info] Extensions: No changes found during synchronizing extensions.
2023-01-07 17:45:02.894 [info] Sync done. Took 925ms
2023-01-07 17:45:06.067 [info] Auto Sync: Triggered by Activity
2023-01-07 17:45:06.067 [info] Sync started.
2023-01-07 17:45:06.246 [info] Profiles: No changes found during synchronizing profiles.
2023-01-07 17:45:06.259 [info] Settings: No changes found during synchronizing settings.
2023-01-07 17:45:06.262 [info] Keybindings: No changes found during synchronizing keybindings.
2023-01-07 17:45:06.267 [info] Snippets: No changes found during synchronizing snippets.
2023-01-07 17:45:06.271 [info] Tasks: No changes found during synchronizing tasks.
2023-01-07 17:45:06.276 [info] GlobalState: No changes found during synchronizing ui state.
2023-01-07 17:45:06.341 [info] Extensions: No changes found during synchronizing extensions.
2023-01-07 17:45:06.345 [info] Sync done. Took 280ms
2023-01-07 17:45:28.608 [info] Auto Sync: Triggered by Activity
2023-01-07 17:45:28.608 [info] Sync started.
2023-01-07 17:45:28.766 [info] Profiles: No changes found during synchronizing profiles.
2023-01-07 17:45:28.788 [info] Settings: No changes found during synchronizing settings.
2023-01-07 17:45:28.793 [info] Keybindings: No changes found during synchronizing keybindings.
2023-01-07 17:45:28.798 [info] Snippets: No changes found during synchronizing snippets.
2023-01-07 17:45:28.802 [info] Tasks: No changes found during synchronizing tasks.
2023-01-07 17:45:28.808 [info] GlobalState: No changes found during synchronizing ui state.
2023-01-07 17:45:28.889 [info] Extensions: No changes found during synchronizing extensions.
2023-01-07 17:45:28.895 [info] Sync done. Took 289ms
2023-01-07 17:45:31.397 [info] Auto Sync: Triggered by Activity
2023-01-07 17:45:31.397 [info] Sync started.
2023-01-07 17:45:31.557 [info] Profiles: No changes found during synchronizing profiles.
2023-01-07 17:45:31.825 [info] Settings: Updated remote settings
2023-01-07 17:45:31.850 [info] Settings: Updated last synchronized settings
2023-01-07 17:45:31.854 [info] Keybindings: No changes found during synchronizing keybindings.
2023-01-07 17:45:31.858 [info] Snippets: No changes found during synchronizing snippets.
2023-01-07 17:45:31.864 [info] Tasks: No changes found during synchronizing tasks.
2023-01-07 17:45:31.869 [info] GlobalState: No changes found during synchronizing ui state.
2023-01-07 17:45:31.944 [info] Extensions: No changes found during synchronizing extensions.
2023-01-07 17:45:31.946 [info] Sync done. Took 551ms
2023-01-07 17:45:39.617 [info] Auto Sync: Triggered by Activity
2023-01-07 17:45:39.618 [info] Sync started.
2023-01-07 17:45:39.797 [info] Profiles: No changes found during synchronizing profiles.
2023-01-07 17:45:40.044 [info] Settings: Updated remote settings
2023-01-07 17:45:40.051 [info] Settings: Updated last synchronized settings
2023-01-07 17:45:40.055 [info] Keybindings: No changes found during synchronizing keybindings.
2023-01-07 17:45:40.068 [info] Snippets: No changes found during synchronizing snippets.
2023-01-07 17:45:40.074 [info] Tasks: No changes found during synchronizing tasks.
2023-01-07 17:45:40.079 [info] GlobalState: No changes found during synchronizing ui state.
2023-01-07 17:45:40.152 [info] Extensions: No changes found during synchronizing extensions.
2023-01-07 17:45:40.156 [info] Sync done. Took 539ms
2023-01-07 17:45:41.955 [info] Auto Sync: Triggered by Activity
2023-01-07 17:45:41.955 [info] Sync started.
2023-01-07 17:45:42.120 [info] Profiles: No changes found during synchronizing profiles.
2023-01-07 17:45:42.131 [info] Settings: No changes found during synchronizing settings.
2023-01-07 17:45:42.139 [info] Keybindings: No changes found during synchronizing keybindings.
2023-01-07 17:45:42.143 [info] Snippets: No changes found during synchronizing snippets.
2023-01-07 17:45:42.146 [info] Tasks: No changes found during synchronizing tasks.
2023-01-07 17:45:42.150 [info] GlobalState: No changes found during synchronizing ui state.
2023-01-07 17:45:42.221 [info] Extensions: No changes found during synchronizing extensions.
2023-01-07 17:45:42.224 [info] Sync done. Took 271ms
2023-01-07 17:45:51.014 [info] Auto Sync: Triggered by Activity
2023-01-07 17:45:51.014 [info] Sync started.
2023-01-07 17:45:51.183 [info] Profiles: No changes found during synchronizing profiles.
2023-01-07 17:45:51.430 [info] Settings: Updated remote settings
2023-01-07 17:45:51.439 [info] Settings: Updated last synchronized settings
2023-01-07 17:45:51.446 [info] Keybindings: No changes found during synchronizing keybindings.
2023-01-07 17:45:51.463 [info] Snippets: No changes found during synchronizing snippets.
2023-01-07 17:45:51.468 [info] Tasks: No changes found during synchronizing tasks.
2023-01-07 17:45:51.473 [info] GlobalState: No changes found during synchronizing ui state.
2023-01-07 17:45:51.559 [info] Extensions: No changes found during synchronizing extensions.
2023-01-07 17:45:51.561 [info] Sync done. Took 548ms
2023-01-07 17:45:53.041 [info] Auto Sync: Triggered by Activity
2023-01-07 17:45:53.042 [info] Sync started.
2023-01-07 17:45:53.205 [info] Profiles: No changes found during synchronizing profiles.
2023-01-07 17:45:53.219 [info] Settings: No changes found during synchronizing settings.
2023-01-07 17:45:53.224 [info] Keybindings: No changes found during synchronizing keybindings.
2023-01-07 17:45:53.228 [info] Snippets: No changes found during synchronizing snippets.
2023-01-07 17:45:53.231 [info] Tasks: No changes found during synchronizing tasks.
2023-01-07 17:45:53.236 [info] GlobalState: No changes found during synchronizing ui state.
2023-01-07 17:45:53.311 [info] Extensions: No changes found during synchronizing extensions.
2023-01-07 17:45:53.314 [info] Sync done. Took 273ms
2023-01-07 17:46:06.495 [info] Auto Sync: Triggered by Activity
2023-01-07 17:46:06.496 [info] Sync started.
2023-01-07 17:46:06.683 [info] Profiles: No changes found during synchronizing profiles.
2023-01-07 17:46:06.697 [info] Settings: No changes found during synchronizing settings.
2023-01-07 17:46:06.702 [info] Keybindings: No changes found during synchronizing keybindings.
2023-01-07 17:46:06.708 [info] Snippets: No changes found during synchronizing snippets.
2023-01-07 17:46:06.712 [info] Tasks: No changes found during synchronizing tasks.
2023-01-07 17:46:06.718 [info] GlobalState: No changes found during synchronizing ui state.
2023-01-07 17:46:06.777 [info] Extensions: No changes found during synchronizing extensions.
2023-01-07 17:46:06.780 [info] Sync done. Took 287ms
2023-01-07 17:46:15.558 [info] Auto Sync: Triggered by Activity
2023-01-07 17:46:15.558 [info] Sync started.
2023-01-07 17:46:15.710 [info] Profiles: No changes found during synchronizing profiles.
2023-01-07 17:46:15.720 [info] Settings: No changes found during synchronizing settings.
2023-01-07 17:46:15.723 [info] Keybindings: No changes found during synchronizing keybindings.
2023-01-07 17:46:15.730 [info] Snippets: No changes found during synchronizing snippets.
2023-01-07 17:46:15.735 [info] Tasks: No changes found during synchronizing tasks.
2023-01-07 17:46:15.740 [info] GlobalState: No changes found during synchronizing ui state.
2023-01-07 17:46:15.811 [info] Extensions: No changes found during synchronizing extensions.
2023-01-07 17:46:15.814 [info] Sync done. Took 256ms
2023-01-07 17:46:22.677 [info] Auto Sync: Triggered by Activity
2023-01-07 17:46:22.678 [info] Sync started.
2023-01-07 17:46:22.835 [info] Profiles: No changes found during synchronizing profiles.
2023-01-07 17:46:23.074 [info] Settings: Updated remote settings
2023-01-07 17:46:23.090 [info] Settings: Updated last synchronized settings
2023-01-07 17:46:23.097 [info] Keybindings: No changes found during synchronizing keybindings.
2023-01-07 17:46:23.103 [info] Snippets: No changes found during synchronizing snippets.
2023-01-07 17:46:23.107 [info] Tasks: No changes found during synchronizing tasks.
2023-01-07 17:46:23.114 [info] GlobalState: No changes found during synchronizing ui state.
2023-01-07 17:46:23.168 [info] Extensions: No changes found during synchronizing extensions.
2023-01-07 17:46:23.171 [info] Sync done. Took 496ms
2023-01-07 17:46:34.840 [info] Auto Sync: Triggered by Activity
2023-01-07 17:46:34.841 [info] Sync started.
2023-01-07 17:46:34.992 [info] Profiles: No changes found during synchronizing profiles.
2023-01-07 17:46:35.002 [info] Settings: No changes found during synchronizing settings.
2023-01-07 17:46:35.007 [info] Keybindings: No changes found during synchronizing keybindings.
2023-01-07 17:46:35.012 [info] Snippets: No changes found during synchronizing snippets.
2023-01-07 17:46:35.015 [info] Tasks: No changes found during synchronizing tasks.
2023-01-07 17:46:35.020 [info] GlobalState: No changes found during synchronizing ui state.
2023-01-07 17:46:35.100 [info] Extensions: No changes found during synchronizing extensions.
2023-01-07 17:46:35.102 [info] Sync done. Took 263ms
2023-01-07 17:46:37.400 [info] Auto Sync: Triggered by Activity
2023-01-07 17:46:37.400 [info] Sync started.
2023-01-07 17:46:37.552 [info] Profiles: No changes found during synchronizing profiles.
2023-01-07 17:46:37.791 [info] Settings: Updated remote settings
2023-01-07 17:46:37.796 [info] Settings: Updated last synchronized settings
2023-01-07 17:46:37.799 [info] Keybindings: No changes found during synchronizing keybindings.
2023-01-07 17:46:37.805 [info] Snippets: No changes found during synchronizing snippets.
2023-01-07 17:46:37.809 [info] Tasks: No changes found during synchronizing tasks.
2023-01-07 17:46:37.817 [info] GlobalState: No changes found during synchronizing ui state.
2023-01-07 17:46:37.912 [info] Extensions: No changes found during synchronizing extensions.
2023-01-07 17:46:37.914 [info] Sync done. Took 516ms
2023-01-07 17:46:41.577 [info] Auto Sync: Triggered by Activity
2023-01-07 17:46:41.577 [info] Sync started.
2023-01-07 17:46:41.730 [info] Profiles: No changes found during synchronizing profiles.
2023-01-07 17:46:41.970 [info] Settings: Updated remote settings
2023-01-07 17:46:41.987 [info] Settings: Updated last synchronized settings
2023-01-07 17:46:41.991 [info] Keybindings: No changes found during synchronizing keybindings.
2023-01-07 17:46:42.007 [info] Snippets: No changes found during synchronizing snippets.
2023-01-07 17:46:42.012 [info] Tasks: No changes found during synchronizing tasks.
2023-01-07 17:46:42.015 [info] GlobalState: No changes found during synchronizing ui state.
2023-01-07 17:46:42.085 [info] Extensions: No changes found during synchronizing extensions.
2023-01-07 17:46:42.088 [info] Sync done. Took 514ms
2023-01-07 17:46:51.854 [info] Auto Sync: Triggered by Activity
2023-01-07 17:46:51.854 [info] Sync started.
2023-01-07 17:46:52.025 [info] Profiles: No changes found during synchronizing profiles.
2023-01-07 17:46:52.035 [info] Settings: No changes found during synchronizing settings.
2023-01-07 17:46:52.038 [info] Keybindings: No changes found during synchronizing keybindings.
2023-01-07 17:46:52.043 [info] Snippets: No changes found during synchronizing snippets.
2023-01-07 17:46:52.047 [info] Tasks: No changes found during synchronizing tasks.
2023-01-07 17:46:52.052 [info] GlobalState: No changes found during synchronizing ui state.
2023-01-07 17:46:52.113 [info] Extensions: No changes found during synchronizing extensions.
2023-01-07 17:46:52.115 [info] Sync done. Took 261ms
2023-01-07 17:46:56.539 [info] Auto Sync: Triggered by Activity
2023-01-07 17:46:56.539 [info] Sync started.
2023-01-07 17:46:56.746 [info] Profiles: No changes found during synchronizing profiles.
2023-01-07 17:46:57.008 [info] Settings: Updated remote settings
2023-01-07 17:46:57.035 [info] Settings: Updated last synchronized settings
2023-01-07 17:46:57.039 [info] Keybindings: No changes found during synchronizing keybindings.
2023-01-07 17:46:57.044 [info] Snippets: No changes found during synchronizing snippets.
2023-01-07 17:46:57.047 [info] Tasks: No changes found during synchronizing tasks.
2023-01-07 17:46:57.053 [info] GlobalState: No changes found during synchronizing ui state.
2023-01-07 17:46:57.118 [info] Extensions: No changes found during synchronizing extensions.
2023-01-07 17:46:57.123 [info] Sync done. Took 585ms
2023-01-07 17:47:00.461 [info] Auto Sync: Triggered by Activity
2023-01-07 17:47:00.462 [info] Sync started.
2023-01-07 17:47:00.615 [info] Profiles: No changes found during synchronizing profiles.
2023-01-07 17:47:00.861 [info] Settings: Updated remote settings
2023-01-07 17:47:00.868 [info] Settings: Updated last synchronized settings
2023-01-07 17:47:00.878 [info] Keybindings: No changes found during synchronizing keybindings.
2023-01-07 17:47:00.894 [info] Snippets: No changes found during synchronizing snippets.
2023-01-07 17:47:00.900 [info] Tasks: No changes found during synchronizing tasks.
2023-01-07 17:47:00.905 [info] GlobalState: No changes found during synchronizing ui state.
2023-01-07 17:47:00.981 [info] Extensions: No changes found during synchronizing extensions.
2023-01-07 17:47:00.983 [info] Sync done. Took 523ms
2023-01-07 17:47:02.877 [info] Auto Sync: Triggered by Activity
2023-01-07 17:47:02.877 [info] Sync started.
2023-01-07 17:47:03.035 [info] Profiles: No changes found during synchronizing profiles.
2023-01-07 17:47:03.047 [info] Settings: No changes found during synchronizing settings.
2023-01-07 17:47:03.052 [info] Keybindings: No changes found during synchronizing keybindings.
2023-01-07 17:47:03.057 [info] Snippets: No changes found during synchronizing snippets.
2023-01-07 17:47:03.060 [info] Tasks: No changes found during synchronizing tasks.
2023-01-07 17:47:03.065 [info] GlobalState: No changes found during synchronizing ui state.
2023-01-07 17:47:03.126 [info] Extensions: No changes found during synchronizing extensions.
2023-01-07 17:47:03.132 [info] Sync done. Took 257ms
2023-01-07 17:47:05.941 [info] Auto Sync: Triggered by Activity
2023-01-07 17:47:05.941 [info] Sync started.
2023-01-07 17:47:06.090 [info] Profiles: No changes found during synchronizing profiles.
2023-01-07 17:47:06.100 [info] Settings: No changes found during synchronizing settings.
2023-01-07 17:47:06.103 [info] Keybindings: No changes found during synchronizing keybindings.
2023-01-07 17:47:06.108 [info] Snippets: No changes found during synchronizing snippets.
2023-01-07 17:47:06.111 [info] Tasks: No changes found during synchronizing tasks.
2023-01-07 17:47:06.117 [info] GlobalState: No changes found during synchronizing ui state.
2023-01-07 17:47:06.176 [info] Extensions: No changes found during synchronizing extensions.
2023-01-07 17:47:06.179 [info] Sync done. Took 240ms
2023-01-07 17:47:12.713 [info] Auto Sync: Triggered by Activity
2023-01-07 17:47:12.714 [info] Sync started.
2023-01-07 17:47:12.868 [info] Profiles: No changes found during synchronizing profiles.
2023-01-07 17:47:13.111 [info] Settings: Updated remote settings
2023-01-07 17:47:13.128 [info] Settings: Updated last synchronized settings
2023-01-07 17:47:13.132 [info] Keybindings: No changes found during synchronizing keybindings.
2023-01-07 17:47:13.147 [info] Snippets: No changes found during synchronizing snippets.
2023-01-07 17:47:13.151 [info] Tasks: No changes found during synchronizing tasks.
2023-01-07 17:47:13.155 [info] GlobalState: No changes found during synchronizing ui state.
2023-01-07 17:47:13.217 [info] Extensions: No changes found during synchronizing extensions.
2023-01-07 17:47:13.220 [info] Sync done. Took 508ms
2023-01-07 17:47:15.630 [info] Auto Sync: Triggered by Activity
2023-01-07 17:47:15.631 [info] Sync started.
2023-01-07 17:47:15.786 [info] Profiles: No changes found during synchronizing profiles.
2023-01-07 17:47:16.065 [info] Settings: Updated remote settings
2023-01-07 17:47:16.082 [info] Settings: Updated last synchronized settings
2023-01-07 17:47:16.088 [info] Keybindings: No changes found during synchronizing keybindings.
2023-01-07 17:47:16.093 [info] Snippets: No changes found during synchronizing snippets.
2023-01-07 17:47:16.096 [info] Tasks: No changes found during synchronizing tasks.
2023-01-07 17:47:16.103 [info] GlobalState: No changes found during synchronizing ui state.
2023-01-07 17:47:16.167 [info] Extensions: No changes found during synchronizing extensions.
2023-01-07 17:47:16.170 [info] Sync done. Took 540ms
2023-01-07 17:47:21.953 [info] Auto Sync: Triggered by Activity
2023-01-07 17:47:21.954 [info] Sync started.
2023-01-07 17:47:22.107 [info] Profiles: No changes found during synchronizing profiles.
2023-01-07 17:47:22.347 [info] Settings: Updated remote settings
2023-01-07 17:47:22.364 [info] Settings: Updated last synchronized settings
2023-01-07 17:47:22.368 [info] Keybindings: No changes found during synchronizing keybindings.
2023-01-07 17:47:22.381 [info] Snippets: No changes found during synchronizing snippets.
2023-01-07 17:47:22.387 [info] Tasks: No changes found during synchronizing tasks.
2023-01-07 17:47:22.392 [info] GlobalState: No changes found during synchronizing ui state.
2023-01-07 17:47:22.451 [info] Extensions: No changes found during synchronizing extensions.
2023-01-07 17:47:22.455 [info] Sync done. Took 503ms
2023-01-07 17:47:25.524 [info] Auto Sync: Triggered by Activity
2023-01-07 17:47:25.525 [info] Sync started.
2023-01-07 17:47:25.689 [info] Profiles: No changes found during synchronizing profiles.
2023-01-07 17:47:25.965 [info] Settings: Updated remote settings
2023-01-07 17:47:25.983 [info] Settings: Updated last synchronized settings
2023-01-07 17:47:25.988 [info] Keybindings: No changes found during synchronizing keybindings.
2023-01-07 17:47:25.996 [info] Snippets: No changes found during synchronizing snippets.
2023-01-07 17:47:26.000 [info] Tasks: No changes found during synchronizing tasks.
2023-01-07 17:47:26.005 [info] GlobalState: No changes found during synchronizing ui state.
2023-01-07 17:47:26.075 [info] Extensions: No changes found during synchronizing extensions.
2023-01-07 17:47:26.078 [info] Sync done. Took 554ms
2023-01-07 17:48:21.210 [info] Auto Sync: Triggered by Activity
2023-01-07 17:48:21.211 [info] Sync started.
2023-01-07 17:48:21.367 [info] Profiles: No changes found during synchronizing profiles.
2023-01-07 17:48:21.616 [info] Settings: Updated remote settings
2023-01-07 17:48:21.633 [info] Settings: Updated last synchronized settings
2023-01-07 17:48:21.637 [info] Keybindings: No changes found during synchronizing keybindings.
2023-01-07 17:48:21.649 [info] Snippets: No changes found during synchronizing snippets.
2023-01-07 17:48:21.653 [info] Tasks: No changes found during synchronizing tasks.
2023-01-07 17:48:21.659 [info] GlobalState: No changes found during synchronizing ui state.
2023-01-07 17:48:21.736 [info] Extensions: No changes found during synchronizing extensions.
2023-01-07 17:48:21.739 [info] Sync done. Took 530ms
2023-01-07 17:48:26.982 [info] Auto Sync: Triggered by Activity
2023-01-07 17:48:26.982 [info] Sync started.
2023-01-07 17:48:27.134 [info] Profiles: No changes found during synchronizing profiles.
2023-01-07 17:48:27.394 [info] Settings: Updated remote settings
2023-01-07 17:48:27.419 [info] Settings: Updated last synchronized settings
2023-01-07 17:48:27.424 [info] Keybindings: No changes found during synchronizing keybindings.
2023-01-07 17:48:27.430 [info] Snippets: No changes found during synchronizing snippets.
2023-01-07 17:48:27.434 [info] Tasks: No changes found during synchronizing tasks.
2023-01-07 17:48:27.439 [info] GlobalState: No changes found during synchronizing ui state.
2023-01-07 17:48:27.514 [info] Extensions: No changes found during synchronizing extensions.
2023-01-07 17:48:27.516 [info] Sync done. Took 537ms
2023-01-07 17:48:32.523 [info] Auto Sync: Triggered by Activity
2023-01-07 17:48:32.524 [info] Sync started.
2023-01-07 17:48:32.693 [info] Profiles: No changes found during synchronizing profiles.
2023-01-07 17:48:32.703 [info] Settings: No changes found during synchronizing settings.
2023-01-07 17:48:32.707 [info] Keybindings: No changes found during synchronizing keybindings.
2023-01-07 17:48:32.712 [info] Snippets: No changes found during synchronizing snippets.
2023-01-07 17:48:32.716 [info] Tasks: No changes found during synchronizing tasks.
2023-01-07 17:48:32.720 [info] GlobalState: No changes found during synchronizing ui state.
2023-01-07 17:48:32.795 [info] Extensions: No changes found during synchronizing extensions.
2023-01-07 17:48:32.797 [info] Sync done. Took 276ms
2023-01-07 17:48:48.935 [info] Auto Sync: Triggered by Activity
2023-01-07 17:48:48.935 [info] Sync started.
2023-01-07 17:48:49.090 [info] Profiles: No changes found during synchronizing profiles.
2023-01-07 17:48:49.349 [info] Settings: Updated remote settings
2023-01-07 17:48:49.353 [info] Settings: Updated last synchronized settings
2023-01-07 17:48:49.355 [info] Keybindings: No changes found during synchronizing keybindings.
2023-01-07 17:48:49.369 [info] Snippets: No changes found during synchronizing snippets.
2023-01-07 17:48:49.376 [info] Tasks: No changes found during synchronizing tasks.
2023-01-07 17:48:49.381 [info] GlobalState: No changes found during synchronizing ui state.
2023-01-07 17:48:49.463 [info] Extensions: No changes found during synchronizing extensions.
2023-01-07 17:48:49.465 [info] Sync done. Took 532ms
2023-01-07 17:48:53.912 [info] Auto Sync: Triggered by Activity
2023-01-07 17:48:53.912 [info] Sync started.
2023-01-07 17:48:54.063 [info] Profiles: No changes found during synchronizing profiles.
2023-01-07 17:48:54.309 [info] Settings: Updated remote settings
2023-01-07 17:48:54.325 [info] Settings: Updated last synchronized settings
2023-01-07 17:48:54.340 [info] Keybindings: No changes found during synchronizing keybindings.
2023-01-07 17:48:54.347 [info] Snippets: No changes found during synchronizing snippets.
2023-01-07 17:48:54.350 [info] Tasks: No changes found during synchronizing tasks.
2023-01-07 17:48:54.354 [info] GlobalState: No changes found during synchronizing ui state.
2023-01-07 17:48:54.440 [info] Extensions: No changes found during synchronizing extensions.
2023-01-07 17:48:54.442 [info] Sync done. Took 532ms
2023-01-07 17:49:06.319 [info] Auto Sync: Triggered by Activity
2023-01-07 17:49:06.320 [info] Sync started.
2023-01-07 17:49:06.473 [info] Profiles: No changes found during synchronizing profiles.
2023-01-07 17:49:06.489 [info] Settings: No changes found during synchronizing settings.
2023-01-07 17:49:06.495 [info] Keybindings: No changes found during synchronizing keybindings.
2023-01-07 17:49:06.503 [info] Snippets: No changes found during synchronizing snippets.
2023-01-07 17:49:06.511 [info] Tasks: No changes found during synchronizing tasks.
2023-01-07 17:49:06.520 [info] GlobalState: No changes found during synchronizing ui state.
2023-01-07 17:49:06.614 [info] Extensions: No changes found during synchronizing extensions.
2023-01-07 17:49:06.617 [info] Sync done. Took 301ms
2023-01-07 17:49:45.945 [info] Auto Sync: Triggered by Activity
2023-01-07 17:49:45.946 [info] Sync started.
2023-01-07 17:49:46.130 [info] Profiles: No changes found during synchronizing profiles.
2023-01-07 17:49:46.147 [info] Settings: No changes found during synchronizing settings.
2023-01-07 17:49:46.151 [info] Keybindings: No changes found during synchronizing keybindings.
2023-01-07 17:49:46.156 [info] Snippets: No changes found during synchronizing snippets.
2023-01-07 17:49:46.160 [info] Tasks: No changes found during synchronizing tasks.
2023-01-07 17:49:46.165 [info] GlobalState: No changes found during synchronizing ui state.
2023-01-07 17:49:46.244 [info] Extensions: No changes found during synchronizing extensions.
2023-01-07 17:49:46.247 [info] Sync done. Took 303ms
2023-01-07 17:50:04.505 [info] Auto Sync: Triggered by Activity
2023-01-07 17:50:04.505 [info] Sync started.
2023-01-07 17:50:04.663 [info] Profiles: No changes found during synchronizing profiles.
2023-01-07 17:50:04.680 [info] Settings: No changes found during synchronizing settings.
2023-01-07 17:50:04.685 [info] Keybindings: No changes found during synchronizing keybindings.
2023-01-07 17:50:04.691 [info] Snippets: No changes found during synchronizing snippets.
2023-01-07 17:50:04.695 [info] Tasks: No changes found during synchronizing tasks.
2023-01-07 17:50:04.701 [info] GlobalState: No changes found during synchronizing ui state.
2023-01-07 17:50:04.771 [info] Extensions: No changes found during synchronizing extensions.
2023-01-07 17:50:04.773 [info] Sync done. Took 270ms
2023-01-07 17:50:19.759 [info] Auto Sync: Triggered by Activity
2023-01-07 17:50:19.760 [info] Sync started.
2023-01-07 17:50:19.912 [info] Profiles: No changes found during synchronizing profiles.
2023-01-07 17:50:19.929 [info] Settings: No changes found during synchronizing settings.
2023-01-07 17:50:19.934 [info] Keybindings: No changes found during synchronizing keybindings.
2023-01-07 17:50:19.941 [info] Snippets: No changes found during synchronizing snippets.
2023-01-07 17:50:19.946 [info] Tasks: No changes found during synchronizing tasks.
2023-01-07 17:50:19.952 [info] GlobalState: No changes found during synchronizing ui state.
2023-01-07 17:50:20.022 [info] Extensions: No changes found during synchronizing extensions.
2023-01-07 17:50:20.025 [info] Sync done. Took 268ms
2023-01-07 17:50:35.182 [info] Auto Sync: Triggered by Activity
2023-01-07 17:50:35.183 [info] Sync started.
2023-01-07 17:50:35.336 [info] Profiles: No changes found during synchronizing profiles.
2023-01-07 17:50:35.350 [info] Settings: No changes found during synchronizing settings.
2023-01-07 17:50:35.354 [info] Keybindings: No changes found during synchronizing keybindings.
2023-01-07 17:50:35.364 [info] Snippets: No changes found during synchronizing snippets.
2023-01-07 17:50:35.369 [info] Tasks: No changes found during synchronizing tasks.
2023-01-07 17:50:35.374 [info] GlobalState: No changes found during synchronizing ui state.
2023-01-07 17:50:35.451 [info] Extensions: No changes found during synchronizing extensions.
2023-01-07 17:50:35.453 [info] Sync done. Took 272ms
2023-01-07 17:50:57.800 [info] Auto Sync: Triggered by Activity
2023-01-07 17:50:57.801 [info] Sync started.
2023-01-07 17:50:57.956 [info] Profiles: No changes found during synchronizing profiles.
2023-01-07 17:50:58.203 [info] Settings: Updated remote settings
2023-01-07 17:50:58.208 [info] Settings: Updated last synchronized settings
2023-01-07 17:50:58.212 [info] Keybindings: No changes found during synchronizing keybindings.
2023-01-07 17:50:58.216 [info] Snippets: No changes found during synchronizing snippets.
2023-01-07 17:50:58.229 [info] Tasks: No changes found during synchronizing tasks.
2023-01-07 17:50:58.237 [info] GlobalState: No changes found during synchronizing ui state.
2023-01-07 17:50:58.319 [info] Extensions: No changes found during synchronizing extensions.
2023-01-07 17:50:58.322 [info] Sync done. Took 522ms
2023-01-07 17:51:12.247 [info] Auto Sync: Triggered by Activity
2023-01-07 17:51:12.247 [info] Sync started.
2023-01-07 17:51:12.409 [info] Profiles: No changes found during synchronizing profiles.
2023-01-07 17:51:12.667 [info] Settings: Updated remote settings
2023-01-07 17:51:12.685 [info] Settings: Updated last synchronized settings
2023-01-07 17:51:12.690 [info] Keybindings: No changes found during synchronizing keybindings.
2023-01-07 17:51:12.697 [info] Snippets: No changes found during synchronizing snippets.
2023-01-07 17:51:12.702 [info] Tasks: No changes found during synchronizing tasks.
2023-01-07 17:51:12.706 [info] GlobalState: No changes found during synchronizing ui state.
2023-01-07 17:51:12.782 [info] Extensions: No changes found during synchronizing extensions.
2023-01-07 17:51:12.785 [info] Sync done. Took 540ms
2023-01-07 17:51:16.030 [info] Auto Sync: Triggered by Activity
2023-01-07 17:51:16.031 [info] Sync started.
2023-01-07 17:51:16.188 [info] Profiles: No changes found during synchronizing profiles.
2023-01-07 17:51:16.197 [info] Settings: No changes found during synchronizing settings.
2023-01-07 17:51:16.201 [info] Keybindings: No changes found during synchronizing keybindings.
2023-01-07 17:51:16.204 [info] Snippets: No changes found during synchronizing snippets.
2023-01-07 17:51:16.207 [info] Tasks: No changes found during synchronizing tasks.
2023-01-07 17:51:16.210 [info] GlobalState: No changes found during synchronizing ui state.
2023-01-07 17:51:16.286 [info] Extensions: No changes found during synchronizing extensions.
2023-01-07 17:51:16.289 [info] Sync done. Took 259ms
2023-01-07 17:51:24.509 [info] Auto Sync: Triggered by Activity
2023-01-07 17:51:24.509 [info] Sync started.
2023-01-07 17:51:24.660 [info] Profiles: No changes found during synchronizing profiles.
2023-01-07 17:51:24.669 [info] Settings: No changes found during synchronizing settings.
2023-01-07 17:51:24.673 [info] Keybindings: No changes found during synchronizing keybindings.
2023-01-07 17:51:24.679 [info] Snippets: No changes found during synchronizing snippets.
2023-01-07 17:51:24.682 [info] Tasks: No changes found during synchronizing tasks.
2023-01-07 17:51:24.687 [info] GlobalState: No changes found during synchronizing ui state.
2023-01-07 17:51:24.760 [info] Extensions: No changes found during synchronizing extensions.
2023-01-07 17:51:24.763 [info] Sync done. Took 257ms
2023-01-07 17:51:30.767 [info] Auto Sync: Triggered by Activity
2023-01-07 17:51:30.767 [info] Sync started.
2023-01-07 17:51:30.951 [info] Profiles: No changes found during synchronizing profiles.
2023-01-07 17:51:30.963 [info] Settings: No changes found during synchronizing settings.
2023-01-07 17:51:30.967 [info] Keybindings: No changes found during synchronizing keybindings.
2023-01-07 17:51:30.972 [info] Snippets: No changes found during synchronizing snippets.
2023-01-07 17:51:30.975 [info] Tasks: No changes found during synchronizing tasks.
2023-01-07 17:51:30.978 [info] GlobalState: No changes found during synchronizing ui state.
2023-01-07 17:51:31.054 [info] Extensions: No changes found during synchronizing extensions.
2023-01-07 17:51:31.056 [info] Sync done. Took 291ms
2023-01-07 17:51:33.183 [info] Auto Sync: Triggered by Activity
2023-01-07 17:51:33.184 [info] Sync started.
2023-01-07 17:51:33.348 [info] Profiles: No changes found during synchronizing profiles.
2023-01-07 17:51:33.604 [info] Settings: Updated remote settings
2023-01-07 17:51:33.621 [info] Settings: Updated last synchronized settings
2023-01-07 17:51:33.628 [info] Keybindings: No changes found during synchronizing keybindings.
2023-01-07 17:51:33.635 [info] Snippets: No changes found during synchronizing snippets.
2023-01-07 17:51:33.639 [info] Tasks: No changes found during synchronizing tasks.
2023-01-07 17:51:33.644 [info] GlobalState: No changes found during synchronizing ui state.
2023-01-07 17:51:33.712 [info] Extensions: No changes found during synchronizing extensions.
2023-01-07 17:51:33.715 [info] Sync done. Took 532ms
2023-01-07 17:52:13.561 [info] Auto Sync: Triggered by Activity
2023-01-07 17:52:13.561 [info] Sync started.
2023-01-07 17:52:13.708 [info] Profiles: No changes found during synchronizing profiles.
2023-01-07 17:52:13.942 [info] Settings: Updated remote settings
2023-01-07 17:52:13.959 [info] Settings: Updated last synchronized settings
2023-01-07 17:52:13.965 [info] Keybindings: No changes found during synchronizing keybindings.
2023-01-07 17:52:13.970 [info] Snippets: No changes found during synchronizing snippets.
2023-01-07 17:52:13.974 [info] Tasks: No changes found during synchronizing tasks.
2023-01-07 17:52:13.988 [info] GlobalState: No changes found during synchronizing ui state.
2023-01-07 17:52:14.066 [info] Extensions: No changes found during synchronizing extensions.
2023-01-07 17:52:14.069 [info] Sync done. Took 509ms
2023-01-07 17:52:15.683 [info] Auto Sync: Triggered by Activity
2023-01-07 17:52:15.683 [info] Sync started.
2023-01-07 17:52:15.849 [info] Profiles: No changes found during synchronizing profiles.
2023-01-07 17:52:15.864 [info] Settings: No changes found during synchronizing settings.
2023-01-07 17:52:15.868 [info] Keybindings: No changes found during synchronizing keybindings.
2023-01-07 17:52:15.874 [info] Snippets: No changes found during synchronizing snippets.
2023-01-07 17:52:15.877 [info] Tasks: No changes found during synchronizing tasks.
2023-01-07 17:52:15.883 [info] GlobalState: No changes found during synchronizing ui state.
2023-01-07 17:52:15.957 [info] Extensions: No changes found during synchronizing extensions.
2023-01-07 17:52:15.962 [info] Sync done. Took 281ms
2023-01-07 17:52:21.377 [info] Auto Sync: Triggered by Activity
2023-01-07 17:52:21.377 [info] Sync started.
2023-01-07 17:52:21.538 [info] Profiles: No changes found during synchronizing profiles.
2023-01-07 17:52:21.548 [info] Settings: No changes found during synchronizing settings.
2023-01-07 17:52:21.552 [info] Keybindings: No changes found during synchronizing keybindings.
2023-01-07 17:52:21.557 [info] Snippets: No changes found during synchronizing snippets.
2023-01-07 17:52:21.562 [info] Tasks: No changes found during synchronizing tasks.
2023-01-07 17:52:21.567 [info] GlobalState: No changes found during synchronizing ui state.
2023-01-07 17:52:21.642 [info] Extensions: No changes found during synchronizing extensions.
2023-01-07 17:52:21.645 [info] Sync done. Took 270ms
2023-01-07 17:52:23.780 [info] Auto Sync: Triggered by Activity
2023-01-07 17:52:23.781 [info] Sync started.
2023-01-07 17:52:23.934 [info] Profiles: No changes found during synchronizing profiles.
2023-01-07 17:52:23.944 [info] Settings: No changes found during synchronizing settings.
2023-01-07 17:52:23.948 [info] Keybindings: No changes found during synchronizing keybindings.
2023-01-07 17:52:23.952 [info] Snippets: No changes found during synchronizing snippets.
2023-01-07 17:52:23.956 [info] Tasks: No changes found during synchronizing tasks.
2023-01-07 17:52:23.961 [info] GlobalState: No changes found during synchronizing ui state.
2023-01-07 17:52:24.038 [info] Extensions: No changes found during synchronizing extensions.
2023-01-07 17:52:24.040 [info] Sync done. Took 261ms
2023-01-07 17:52:46.179 [info] Auto Sync: Triggered by Activity
2023-01-07 17:52:46.179 [info] Sync started.
2023-01-07 17:52:46.334 [info] Profiles: No changes found during synchronizing profiles.
2023-01-07 17:52:46.347 [info] Settings: No changes found during synchronizing settings.
2023-01-07 17:52:46.353 [info] Keybindings: No changes found during synchronizing keybindings.
2023-01-07 17:52:46.362 [info] Snippets: No changes found during synchronizing snippets.
2023-01-07 17:52:46.365 [info] Tasks: No changes found during synchronizing tasks.
2023-01-07 17:52:46.371 [info] GlobalState: No changes found during synchronizing ui state.
2023-01-07 17:52:46.463 [info] Extensions: No changes found during synchronizing extensions.
2023-01-07 17:52:46.465 [info] Sync done. Took 287ms
2023-01-07 17:52:50.938 [info] Auto Sync: Triggered by Activity
2023-01-07 17:52:50.938 [info] Sync started.
2023-01-07 17:52:51.096 [info] Profiles: No changes found during synchronizing profiles.
2023-01-07 17:52:51.105 [info] Settings: No changes found during synchronizing settings.
2023-01-07 17:52:51.110 [info] Keybindings: No changes found during synchronizing keybindings.
2023-01-07 17:52:51.115 [info] Snippets: No changes found during synchronizing snippets.
2023-01-07 17:52:51.120 [info] Tasks: No changes found during synchronizing tasks.
2023-01-07 17:52:51.126 [info] GlobalState: No changes found during synchronizing ui state.
2023-01-07 17:52:51.196 [info] Extensions: No changes found during synchronizing extensions.
2023-01-07 17:52:51.198 [info] Sync done. Took 262ms
2023-01-07 17:53:19.891 [info] Auto Sync: Triggered by Activity
2023-01-07 17:53:19.891 [info] Sync started.
2023-01-07 17:53:20.046 [info] Profiles: No changes found during synchronizing profiles.
2023-01-07 17:53:20.061 [info] Settings: No changes found during synchronizing settings.
2023-01-07 17:53:20.066 [info] Keybindings: No changes found during synchronizing keybindings.
2023-01-07 17:53:20.071 [info] Snippets: No changes found during synchronizing snippets.
2023-01-07 17:53:20.074 [info] Tasks: No changes found during synchronizing tasks.
2023-01-07 17:53:20.079 [info] GlobalState: No changes found during synchronizing ui state.
2023-01-07 17:53:20.157 [info] Extensions: No changes found during synchronizing extensions.
2023-01-07 17:53:20.159 [info] Sync done. Took 270ms
