2023-01-07 17:32:59.447 [info] Log level: Info
2023-01-07 17:32:59.447 [info] Validating found git in: "git"
2023-01-07 17:32:59.447 [info] Using git "2.39.0" from "git"
2023-01-07 17:32:59.447 [info] > git rev-parse --show-toplevel [742ms]
2023-01-07 17:32:59.447 [info] > git rev-parse --git-dir --git-common-dir [42ms]
2023-01-07 17:32:59.447 [info] Open repository: /home/mustafaakil/Desktop/Dart
2023-01-07 17:32:59.458 [info] > git rev-parse --show-toplevel [12ms]
2023-01-07 17:32:59.479 [info] > git config --get commit.template [22ms]
2023-01-07 17:32:59.493 [info] > git rev-parse --show-toplevel [23ms]
2023-01-07 17:32:59.606 [info] > git rev-parse --show-toplevel [102ms]
2023-01-07 17:32:59.619 [info] > git rev-parse --show-toplevel [2ms]
2023-01-07 17:32:59.632 [info] > git for-each-ref --format=%(refname)%00%(upstream:short)%00%(objectname)%00%(upstream:track)%00%(upstream:remotename)%00%(upstream:remoteref) refs/heads/master refs/remotes/master [114ms]
2023-01-07 17:32:59.658 [info] > git for-each-ref --sort -committerdate --format %(refname) %(objectname) %(*objectname) [2ms]
2023-01-07 17:32:59.659 [info] > git rev-parse --show-toplevel [28ms]
2023-01-07 17:32:59.688 [info] > git status -z -uall [43ms]
2023-01-07 17:32:59.704 [info] > git rev-parse --show-toplevel [34ms]
2023-01-07 17:32:59.717 [info] > git config --get commit.template [13ms]
2023-01-07 17:32:59.718 [info] > git rev-parse --show-toplevel [3ms]
2023-01-07 17:32:59.744 [info] > git rev-parse --show-toplevel [14ms]
2023-01-07 17:32:59.757 [info] > git for-each-ref --format=%(refname)%00%(upstream:short)%00%(objectname)%00%(upstream:track)%00%(upstream:remotename)%00%(upstream:remoteref) refs/heads/master refs/remotes/master [14ms]
2023-01-07 17:32:59.782 [info] > git status -z -uall [12ms]
2023-01-07 17:32:59.783 [info] > git rev-parse --show-toplevel [27ms]
2023-01-07 17:32:59.796 [info] > git rev-parse --show-toplevel [1ms]
2023-01-07 17:32:59.809 [info] > git for-each-ref --sort -committerdate --format %(refname) %(objectname) %(*objectname) [27ms]
2023-01-07 17:32:59.811 [info] > git rev-parse --show-toplevel [3ms]
2023-01-07 17:32:59.824 [info] > git rev-parse --show-toplevel [2ms]
2023-01-07 17:32:59.837 [info] > git rev-parse --show-toplevel [1ms]
2023-01-07 17:32:59.850 [info] > git rev-parse --show-toplevel [1ms]
2023-01-07 17:32:59.864 [info] > git rev-parse --show-toplevel [1ms]
2023-01-07 17:33:00.025 [info] > git check-ignore -v -z --stdin [23ms]
2023-01-07 17:33:05.128 [info] > git fetch [5693ms]
2023-01-07 17:33:05.259 [info] > git config --get commit.template [115ms]
2023-01-07 17:33:05.314 [info] > git for-each-ref --format=%(refname)%00%(upstream:short)%00%(objectname)%00%(upstream:track)%00%(upstream:remotename)%00%(upstream:remoteref) refs/heads/master refs/remotes/master [15ms]
2023-01-07 17:33:05.356 [info] > git status -z -uall [25ms]
2023-01-07 17:33:05.356 [info] > git for-each-ref --sort -committerdate --format %(refname) %(objectname) %(*objectname) [8ms]
2023-01-07 17:33:05.657 [info] > git show --textconv :pubspec.yaml [19ms]
2023-01-07 17:33:05.677 [info] > git ls-files --stage -- /home/mustafaakil/Desktop/Dart/pubspec.yaml [24ms]
2023-01-07 17:33:05.695 [info] > git cat-file -s 0ce0039ee343f83dd10e22d5849e6dfc3fd4adfe [5ms]
2023-01-07 17:33:06.409 [info] > git ls-files --stage -- /home/mustafaakil/Desktop/Dart/pubspec.yaml [20ms]
2023-01-07 17:33:06.427 [info] > git cat-file -s 0ce0039ee343f83dd10e22d5849e6dfc3fd4adfe [4ms]
2023-01-07 17:33:06.464 [info] > git show --textconv :pubspec.yaml [1ms]
2023-01-07 17:33:10.165 [info] > git check-ignore -v -z --stdin [1ms]
2023-01-07 17:33:10.399 [info] > git show --textconv :array/sorted_squared_array.dart [15ms]
2023-01-07 17:33:10.399 [info] > git ls-files --stage -- /home/mustafaakil/Desktop/Dart/array/sorted_squared_array.dart [3ms]
2023-01-07 17:33:10.433 [info] > git cat-file -s cc0c040783214875373e1d3be95fbced5b5b6ae4 [21ms]
2023-01-07 17:33:28.853 [info] > git config --get commit.template [16ms]
2023-01-07 17:33:28.868 [info] > git for-each-ref --format=%(refname)%00%(upstream:short)%00%(objectname)%00%(upstream:track)%00%(upstream:remotename)%00%(upstream:remoteref) refs/heads/master refs/remotes/master [16ms]
2023-01-07 17:33:28.898 [info] > git check-ignore -v -z --stdin [31ms]
2023-01-07 17:33:28.899 [info] > git status -z -uall [15ms]
2023-01-07 17:33:28.900 [info] > git for-each-ref --sort -committerdate --format %(refname) %(objectname) %(*objectname) [4ms]
2023-01-07 17:33:30.032 [info] > git show --textconv :array/two_sum.dart [13ms]
2023-01-07 17:33:30.033 [info] > git ls-files --stage -- /home/mustafaakil/Desktop/Dart/array/two_sum.dart [1ms]
2023-01-07 17:33:30.047 [info] > git cat-file -s 29994eee1fbb60a7b6c6f9383c41e026f7e510e7 [2ms]
2023-01-07 17:34:12.972 [info] > git config --get commit.template [1ms]
2023-01-07 17:34:12.987 [info] > git for-each-ref --format=%(refname)%00%(upstream:short)%00%(objectname)%00%(upstream:track)%00%(upstream:remotename)%00%(upstream:remoteref) refs/heads/master refs/remotes/master [1ms]
2023-01-07 17:34:13.014 [info] > git status -z -uall [13ms]
2023-01-07 17:34:13.015 [info] > git for-each-ref --sort -committerdate --format %(refname) %(objectname) %(*objectname) [2ms]
2023-01-07 17:34:51.314 [info] > git config --get commit.template [18ms]
2023-01-07 17:34:51.315 [info] > git for-each-ref --format=%(refname)%00%(upstream:short)%00%(objectname)%00%(upstream:track)%00%(upstream:remotename)%00%(upstream:remoteref) refs/heads/master refs/remotes/master [2ms]
2023-01-07 17:34:51.350 [info] > git status -z -uall [19ms]
2023-01-07 17:34:51.351 [info] > git for-each-ref --sort -committerdate --format %(refname) %(objectname) %(*objectname) [3ms]
2023-01-07 17:35:39.038 [info] > git config --get commit.template [15ms]
2023-01-07 17:35:39.038 [info] > git for-each-ref --format=%(refname)%00%(upstream:short)%00%(objectname)%00%(upstream:track)%00%(upstream:remotename)%00%(upstream:remoteref) refs/heads/master refs/remotes/master [2ms]
2023-01-07 17:35:39.067 [info] > git status -z -uall [14ms]
2023-01-07 17:35:39.068 [info] > git for-each-ref --sort -committerdate --format %(refname) %(objectname) %(*objectname) [1ms]
2023-01-07 17:36:06.564 [info] > git ls-files --stage -- /home/mustafaakil/Desktop/Dart/array/two_sum.dart [1ms]
2023-01-07 17:36:06.579 [info] > git cat-file -s 29994eee1fbb60a7b6c6f9383c41e026f7e510e7 [1ms]
2023-01-07 17:36:06.595 [info] > git show --textconv :array/two_sum.dart [1ms]
2023-01-07 17:36:10.986 [info] > git fetch [5614ms]
2023-01-07 17:36:11.000 [info] > git config --get commit.template [0ms]
2023-01-07 17:36:11.016 [info] > git for-each-ref --format=%(refname)%00%(upstream:short)%00%(objectname)%00%(upstream:track)%00%(upstream:remotename)%00%(upstream:remoteref) refs/heads/master refs/remotes/master [3ms]
2023-01-07 17:36:11.041 [info] > git status -z -uall [14ms]
2023-01-07 17:36:11.041 [info] > git for-each-ref --sort -committerdate --format %(refname) %(objectname) %(*objectname) [1ms]
2023-01-07 17:36:12.159 [info] > git ls-files --stage -- /home/mustafaakil/Desktop/Dart/array/two_sum.dart [0ms]
2023-01-07 17:36:12.174 [info] > git cat-file -s 29994eee1fbb60a7b6c6f9383c41e026f7e510e7 [1ms]
2023-01-07 17:36:12.189 [info] > git show --textconv :array/two_sum.dart [0ms]
2023-01-07 17:37:46.143 [info] > git config --get commit.template [1ms]
2023-01-07 17:37:46.157 [info] > git for-each-ref --format=%(refname)%00%(upstream:short)%00%(objectname)%00%(upstream:track)%00%(upstream:remotename)%00%(upstream:remoteref) refs/heads/master refs/remotes/master [1ms]
2023-01-07 17:37:46.183 [info] > git status -z -uall [13ms]
2023-01-07 17:37:46.184 [info] > git for-each-ref --sort -committerdate --format %(refname) %(objectname) %(*objectname) [2ms]
2023-01-07 17:37:57.619 [info] > git config --get commit.template [14ms]
2023-01-07 17:37:57.619 [info] > git for-each-ref --format=%(refname)%00%(upstream:short)%00%(objectname)%00%(upstream:track)%00%(upstream:remotename)%00%(upstream:remoteref) refs/heads/master refs/remotes/master [1ms]
2023-01-07 17:37:57.643 [info] > git status -z -uall [11ms]
2023-01-07 17:37:57.644 [info] > git for-each-ref --sort -committerdate --format %(refname) %(objectname) %(*objectname) [1ms]
2023-01-07 17:38:33.631 [info] > git config --get commit.template [14ms]
2023-01-07 17:38:33.632 [info] > git for-each-ref --format=%(refname)%00%(upstream:short)%00%(objectname)%00%(upstream:track)%00%(upstream:remotename)%00%(upstream:remoteref) refs/heads/master refs/remotes/master [2ms]
2023-01-07 17:38:33.661 [info] > git status -z -uall [16ms]
2023-01-07 17:38:33.662 [info] > git for-each-ref --sort -committerdate --format %(refname) %(objectname) %(*objectname) [2ms]
2023-01-07 17:38:52.468 [info] > git config --get commit.template [15ms]
2023-01-07 17:38:52.468 [info] > git for-each-ref --format=%(refname)%00%(upstream:short)%00%(objectname)%00%(upstream:track)%00%(upstream:remotename)%00%(upstream:remoteref) refs/heads/master refs/remotes/master [1ms]
2023-01-07 17:38:52.499 [info] > git status -z -uall [16ms]
2023-01-07 17:38:52.500 [info] > git for-each-ref --sort -committerdate --format %(refname) %(objectname) %(*objectname) [2ms]
2023-01-07 17:39:00.462 [info] > git config --get commit.template [1ms]
2023-01-07 17:39:00.477 [info] > git for-each-ref --format=%(refname)%00%(upstream:short)%00%(objectname)%00%(upstream:track)%00%(upstream:remotename)%00%(upstream:remoteref) refs/heads/master refs/remotes/master [1ms]
2023-01-07 17:39:00.506 [info] > git status -z -uall [15ms]
2023-01-07 17:39:00.507 [info] > git for-each-ref --sort -committerdate --format %(refname) %(objectname) %(*objectname) [1ms]
2023-01-07 17:39:12.228 [info] > git ls-files --stage -- /home/mustafaakil/Desktop/Dart/array/two_sum.dart [1ms]
2023-01-07 17:39:12.242 [info] > git cat-file -s 29994eee1fbb60a7b6c6f9383c41e026f7e510e7 [1ms]
2023-01-07 17:39:12.260 [info] > git show --textconv :array/two_sum.dart [1ms]
2023-01-07 17:39:16.637 [info] > git fetch [5581ms]
2023-01-07 17:39:16.654 [info] > git config --get commit.template [1ms]
2023-01-07 17:39:16.668 [info] > git for-each-ref --format=%(refname)%00%(upstream:short)%00%(objectname)%00%(upstream:track)%00%(upstream:remotename)%00%(upstream:remoteref) refs/heads/master refs/remotes/master [1ms]
2023-01-07 17:39:16.696 [info] > git status -z -uall [15ms]
2023-01-07 17:39:16.697 [info] > git for-each-ref --sort -committerdate --format %(refname) %(objectname) %(*objectname) [3ms]
2023-01-07 17:39:17.816 [info] > git ls-files --stage -- /home/mustafaakil/Desktop/Dart/array/two_sum.dart [0ms]
2023-01-07 17:39:17.831 [info] > git cat-file -s 29994eee1fbb60a7b6c6f9383c41e026f7e510e7 [1ms]
2023-01-07 17:39:17.852 [info] > git show --textconv :array/two_sum.dart [1ms]
2023-01-07 17:39:22.149 [info] > git show --textconv :conversions/hexadecimal_to_decimal.dart [15ms]
2023-01-07 17:39:22.150 [info] > git ls-files --stage -- /home/mustafaakil/Desktop/Dart/conversions/hexadecimal_to_decimal.dart [1ms]
2023-01-07 17:39:22.177 [info] > git cat-file -s 9d12772c886aba761eb871f73bf52302554cec79 [15ms]
2023-01-07 17:39:22.587 [info] > git check-ignore -v -z --stdin [1ms]
2023-01-07 17:44:05.539 [info] > git check-ignore -v -z --stdin [1ms]
2023-01-07 17:44:07.772 [info] > git fetch [5602ms]
2023-01-07 17:44:07.788 [info] > git config --get commit.template [2ms]
2023-01-07 17:44:07.802 [info] > git for-each-ref --format=%(refname)%00%(upstream:short)%00%(objectname)%00%(upstream:track)%00%(upstream:remotename)%00%(upstream:remoteref) refs/heads/master refs/remotes/master [1ms]
2023-01-07 17:44:07.829 [info] > git status -z -uall [14ms]
2023-01-07 17:44:07.830 [info] > git for-each-ref --sort -committerdate --format %(refname) %(objectname) %(*objectname) [2ms]
2023-01-07 17:44:10.630 [info] > git show --textconv :backtracking/combination.dart [16ms]
2023-01-07 17:44:10.631 [info] > git ls-files --stage -- /home/mustafaakil/Desktop/Dart/backtracking/combination.dart [2ms]
2023-01-07 17:44:10.908 [info] > git check-ignore -v -z --stdin [0ms]
2023-01-07 17:44:17.077 [info] > git config --get commit.template [1ms]
2023-01-07 17:44:17.092 [info] > git for-each-ref --format=%(refname)%00%(upstream:short)%00%(objectname)%00%(upstream:track)%00%(upstream:remotename)%00%(upstream:remoteref) refs/heads/master refs/remotes/master [2ms]
2023-01-07 17:44:17.122 [info] > git status -z -uall [16ms]
2023-01-07 17:44:17.122 [info] > git for-each-ref --sort -committerdate --format %(refname) %(objectname) %(*objectname) [2ms]
2023-01-07 17:46:23.870 [info] > git config --get commit.template [1ms]
2023-01-07 17:46:23.885 [info] > git for-each-ref --format=%(refname)%00%(upstream:short)%00%(objectname)%00%(upstream:track)%00%(upstream:remotename)%00%(upstream:remoteref) refs/heads/master refs/remotes/master [0ms]
2023-01-07 17:46:23.914 [info] > git status -z -uall [16ms]
2023-01-07 17:46:23.915 [info] > git for-each-ref --sort -committerdate --format %(refname) %(objectname) %(*objectname) [1ms]
2023-01-07 17:47:09.040 [info] > git ls-files --stage -- /home/mustafaakil/Desktop/Dart/backtracking/combination.dart [0ms]
2023-01-07 17:47:09.057 [info] > git show --textconv :backtracking/combination.dart [1ms]
2023-01-07 17:47:13.431 [info] > git fetch [5584ms]
2023-01-07 17:47:13.449 [info] > git config --get commit.template [3ms]
2023-01-07 17:47:13.465 [info] > git for-each-ref --format=%(refname)%00%(upstream:short)%00%(objectname)%00%(upstream:track)%00%(upstream:remotename)%00%(upstream:remoteref) refs/heads/master refs/remotes/master [1ms]
2023-01-07 17:47:13.497 [info] > git status -z -uall [16ms]
2023-01-07 17:47:13.498 [info] > git for-each-ref --sort -committerdate --format %(refname) %(objectname) %(*objectname) [3ms]
2023-01-07 17:47:14.616 [info] > git ls-files --stage -- /home/mustafaakil/Desktop/Dart/backtracking/combination.dart [1ms]
2023-01-07 17:47:14.632 [info] > git show --textconv :backtracking/combination.dart [2ms]
2023-01-07 17:49:06.254 [info] > git check-ignore -v -z --stdin [0ms]
2023-01-07 17:49:16.555 [info] > git config --get commit.template [13ms]
2023-01-07 17:49:16.555 [info] > git for-each-ref --format=%(refname)%00%(upstream:short)%00%(objectname)%00%(upstream:track)%00%(upstream:remotename)%00%(upstream:remoteref) refs/heads/master refs/remotes/master [1ms]
2023-01-07 17:49:16.578 [info] > git status -z -uall [11ms]
2023-01-07 17:49:16.579 [info] > git for-each-ref --sort -committerdate --format %(refname) %(objectname) %(*objectname) [1ms]
2023-01-07 17:49:17.018 [info] > git check-ignore -v -z --stdin [1ms]
2023-01-07 17:49:17.360 [info] > git show --textconv :data_structures/binary_tree/basic_binary_tree.dart [12ms]
2023-01-07 17:49:17.361 [info] > git ls-files --stage -- /home/mustafaakil/Desktop/Dart/data_structures/binary_tree/basic_binary_tree.dart [2ms]
2023-01-07 17:49:17.372 [info] > git cat-file -s e89398be4fb278b55e5ed1d979c833b967535131 [1ms]
2023-01-07 17:49:21.997 [info] > git show --textconv :data_structures/binary_tree/binary_tree_traversal.dart [13ms]
2023-01-07 17:49:21.997 [info] > git ls-files --stage -- /home/mustafaakil/Desktop/Dart/data_structures/binary_tree/binary_tree_traversal.dart [1ms]
2023-01-07 17:49:22.008 [info] > git cat-file -s 0576aa773b8128f56d35c1ab243527fe45d3794f [1ms]
2023-01-07 17:49:50.734 [info] > git check-ignore -v -z --stdin [1ms]
2023-01-07 17:49:51.265 [info] > git show --textconv :data_structures/HashMap/Hashing.dart [12ms]
2023-01-07 17:49:51.266 [info] > git ls-files --stage -- /home/mustafaakil/Desktop/Dart/data_structures/HashMap/Hashing.dart [1ms]
2023-01-07 17:49:51.277 [info] > git cat-file -s 3aaeb8520bf55fd45927d786fd8aea54eabce887 [1ms]
2023-01-07 17:50:17.977 [info] > git ls-files --stage -- /home/mustafaakil/Desktop/Dart/data_structures/HashMap/Hashing.dart [1ms]
2023-01-07 17:50:17.990 [info] > git cat-file -s 3aaeb8520bf55fd45927d786fd8aea54eabce887 [1ms]
2023-01-07 17:50:18.007 [info] > git show --textconv :data_structures/HashMap/Hashing.dart [1ms]
2023-01-07 17:50:19.836 [info] > git check-ignore -v -z --stdin [1ms]
2023-01-07 17:50:22.366 [info] > git fetch [5580ms]
2023-01-07 17:50:22.388 [info] > git config --get commit.template [11ms]
2023-01-07 17:50:22.388 [info] > git for-each-ref --format=%(refname)%00%(upstream:short)%00%(objectname)%00%(upstream:track)%00%(upstream:remotename)%00%(upstream:remoteref) refs/heads/master refs/remotes/master [0ms]
2023-01-07 17:50:22.413 [info] > git status -z -uall [12ms]
2023-01-07 17:50:22.414 [info] > git for-each-ref --sort -committerdate --format %(refname) %(objectname) %(*objectname) [1ms]
2023-01-07 17:50:23.459 [info] > git config --get commit.template [13ms]
2023-01-07 17:50:23.459 [info] > git for-each-ref --format=%(refname)%00%(upstream:short)%00%(objectname)%00%(upstream:track)%00%(upstream:remotename)%00%(upstream:remoteref) refs/heads/master refs/remotes/master [1ms]
2023-01-07 17:50:23.483 [info] > git status -z -uall [12ms]
2023-01-07 17:50:23.484 [info] > git for-each-ref --sort -committerdate --format %(refname) %(objectname) %(*objectname) [1ms]
2023-01-07 17:50:23.553 [info] > git ls-files --stage -- /home/mustafaakil/Desktop/Dart/data_structures/HashMap/Hashing.dart [1ms]
2023-01-07 17:50:23.565 [info] > git cat-file -s 3aaeb8520bf55fd45927d786fd8aea54eabce887 [0ms]
2023-01-07 17:50:23.582 [info] > git show --textconv :data_structures/HashMap/Hashing.dart [1ms]
2023-01-07 17:50:47.879 [info] > git show --textconv :data_structures/Heap/Binary_Heap/min_priority_queue.dart [12ms]
2023-01-07 17:50:47.879 [info] > git ls-files --stage -- /home/mustafaakil/Desktop/Dart/data_structures/Heap/Binary_Heap/min_priority_queue.dart [0ms]
2023-01-07 17:50:48.146 [info] > git check-ignore -v -z --stdin [1ms]
2023-01-07 17:50:48.689 [info] > git config --get commit.template [11ms]
2023-01-07 17:50:48.689 [info] > git for-each-ref --format=%(refname)%00%(upstream:short)%00%(objectname)%00%(upstream:track)%00%(upstream:remotename)%00%(upstream:remoteref) refs/heads/master refs/remotes/master [1ms]
2023-01-07 17:50:48.711 [info] > git status -z -uall [11ms]
2023-01-07 17:50:48.712 [info] > git for-each-ref --sort -committerdate --format %(refname) %(objectname) %(*objectname) [1ms]
2023-01-07 17:52:48.530 [info] > git config --get commit.template [14ms]
2023-01-07 17:52:48.531 [info] > git for-each-ref --format=%(refname)%00%(upstream:short)%00%(objectname)%00%(upstream:track)%00%(upstream:remotename)%00%(upstream:remoteref) refs/heads/master refs/remotes/master [1ms]
2023-01-07 17:52:48.557 [info] > git status -z -uall [13ms]
2023-01-07 17:52:48.558 [info] > git for-each-ref --sort -committerdate --format %(refname) %(objectname) %(*objectname) [1ms]
