2023-01-25 13:26:15.636 [info] Starting worker process with pid 49037 (type: fileWatcher, window: 1).
2023-01-25 13:26:18.700 [info] Getting Manifest... dart-code.dart-code
2023-01-25 13:26:18.701 [info] Getting Manifest... dart-code.flutter
2023-01-25 13:26:19.155 [info] Installing extension: dart-code.flutter
2023-01-25 13:26:19.157 [info] Installing extension: dart-code.dart-code
2023-01-25 13:26:19.450 [info] Getting Manifest... dart-code.dart-code
2023-01-25 13:26:19.515 [info] Waiting for already requested installing extension dart-code.dart-code dart-code.flutter
2023-01-25 13:26:20.820 [info] Extracted extension to /home/mustafaakil/.vscode/extensions/.3f53433a-96d9-4b24-a861-b3e3f93ecfce: dart-code.flutter
2023-01-25 13:26:20.823 [info] Renamed to /home/mustafaakil/.vscode/extensions/dart-code.flutter-3.58.0
2023-01-25 13:26:20.825 [info] Extracting completed. dart-code.flutter
2023-01-25 13:26:20.858 [info] Marked extension as uninstalled dart-code.flutter-3.56.0
2023-01-25 13:26:28.816 [info] Extracted extension to /home/mustafaakil/.vscode/extensions/.23de3c3e-f1ab-4ffa-9cde-f92e6028c8ea: dart-code.dart-code
2023-01-25 13:26:28.825 [info] Renamed to /home/mustafaakil/.vscode/extensions/dart-code.dart-code-3.58.0
2023-01-25 13:26:28.828 [info] Extracting completed. dart-code.dart-code
2023-01-25 13:26:28.841 [info] Extension installed successfully: dart-code.dart-code
2023-01-25 13:26:28.841 [info] Finished waiting for already requested installing extension dart-code.dart-code dart-code.flutter
2023-01-25 13:26:28.841 [info] Extension installed successfully: dart-code.flutter
2023-01-25 13:26:28.877 [info] Marked extension as uninstalled dart-code.dart-code-3.56.0
2023-01-25 13:26:32.361 [info] Worker process with pid 49037 terminated normally (type: fileWatcher, window: 1).
2023-01-25 13:26:33.139 [info] Starting worker process with pid 49190 (type: fileWatcher, window: 1).
