2023-01-25 13:26:15.349 [info] Added views:workbench.panel.markers.view in workbench.panel.repl
2023-01-25 13:26:15.349 [info] Added views:workbench.panel.output in workbench.panel.output
2023-01-25 13:26:15.349 [info] Added views:terminal in terminal
2023-01-25 13:26:15.349 [info] Added views:outline in workbench.view.explorer
2023-01-25 13:26:15.349 [info] Added views:workbench.scm in workbench.view.scm
2023-01-25 13:26:15.349 [info] Added views:workbench.view.search in workbench.view.search
2023-01-25 13:26:15.349 [info] Added views:timeline in workbench.view.explorer
2023-01-25 13:26:15.349 [info] Added views:workbench.explorer.fileView in workbench.view.explorer
2023-01-25 13:26:15.349 [info] Added views:workbench.debug.welcome in workbench.view.debug
2023-01-25 13:26:15.650 [info] Added views:gitlens.views.home in workbench.view.extension.gitlens
2023-01-25 13:26:15.652 [info] Added views:gitlens.views.commits,gitlens.views.commitDetails,gitlens.views.fileHistory,gitlens.views.branches,gitlens.views.remotes,gitlens.views.stashes,gitlens.views.tags,gitlens.views.searchAndCompare in workbench.view.scm
2023-01-25 13:26:15.653 [info] Added views:github.codespaces.explorer in workbench.view.remote
2023-01-25 13:26:15.659 [info] Added views:dockerContainers,dockerImages,dockerRegistries,dockerNetworks,dockerVolumes,vscode-docker.views.dockerContexts,vscode-docker.views.help in workbench.view.extension.dockerView
2023-01-25 13:26:15.662 [info] Added views:targetsContainers,devVolumes in workbench.view.remote
2023-01-25 13:26:15.663 [info] Added views:thunder-client-sidebar in workbench.view.extension.thunder-client
2023-01-25 13:26:16.171 [info] Added views:workbench.panel.repl.view in workbench.panel.repl
2023-01-25 13:26:18.196 [info] Removed views:gitlens.views.searchAndCompare,gitlens.views.tags,gitlens.views.stashes,gitlens.views.remotes,gitlens.views.branches,gitlens.views.fileHistory,gitlens.views.commitDetails,gitlens.views.commits from workbench.view.scm
2023-01-25 13:26:33.028 [info] Added views:workbench.panel.markers.view in workbench.panel.repl
2023-01-25 13:26:33.028 [info] Added views:workbench.panel.output in workbench.panel.output
2023-01-25 13:26:33.028 [info] Added views:terminal in terminal
2023-01-25 13:26:33.028 [info] Added views:outline in workbench.view.explorer
2023-01-25 13:26:33.028 [info] Added views:workbench.scm in workbench.view.scm
2023-01-25 13:26:33.028 [info] Added views:workbench.view.search in workbench.view.search
2023-01-25 13:26:33.028 [info] Added views:timeline in workbench.view.explorer
2023-01-25 13:26:33.028 [info] Added views:workbench.explorer.fileView in workbench.view.explorer
2023-01-25 13:26:33.028 [info] Added views:workbench.debug.variablesView,workbench.debug.watchExpressionsView,workbench.debug.callStackView,workbench.debug.breakPointsView in workbench.view.debug
2023-01-25 13:26:33.509 [info] Added views:gitlens.views.home in workbench.view.extension.gitlens
2023-01-25 13:26:33.511 [info] Added views:gitlens.views.commits,gitlens.views.commitDetails,gitlens.views.fileHistory,gitlens.views.branches,gitlens.views.remotes,gitlens.views.stashes,gitlens.views.tags,gitlens.views.searchAndCompare in workbench.view.scm
2023-01-25 13:26:33.512 [info] Added views:github.codespaces.explorer in workbench.view.remote
2023-01-25 13:26:33.513 [info] Added views:dockerContainers,dockerImages,dockerRegistries,dockerNetworks,dockerVolumes,vscode-docker.views.dockerContexts,vscode-docker.views.help in workbench.view.extension.dockerView
2023-01-25 13:26:33.513 [info] Added views:targetsContainers,devVolumes in workbench.view.remote
2023-01-25 13:26:33.898 [info] Added views:workbench.panel.repl.view in workbench.panel.repl
2023-01-25 13:26:33.903 [info] Removed views:workbench.debug.breakPointsView,workbench.debug.callStackView,workbench.debug.watchExpressionsView,workbench.debug.variablesView from workbench.view.debug
2023-01-25 13:26:33.904 [info] Added views:workbench.debug.welcome in workbench.view.debug
2023-01-25 13:26:34.170 [info] Added views:thunder-client-sidebar in workbench.view.extension.thunder-client
2023-01-25 13:26:36.255 [info] Added views:workbench.view.testing in workbench.view.extension.test
2023-01-25 13:26:36.261 [info] Added views:dartDependencyTree in workbench.view.explorer
2023-01-25 13:26:36.297 [info] Added views:gitlens.views.timeline in workbench.view.extension.gitlensPanel
2023-01-25 13:26:36.298 [info] Added views:gitlens.views.worktrees in workbench.view.scm
2023-01-25 13:26:39.870 [info] Added views:dartFlutterOutline in workbench.view.extension.flutter
2023-01-25 13:26:44.522 [info] Removed views:workbench.debug.welcome from workbench.view.debug
2023-01-25 13:26:44.526 [info] Added views:workbench.debug.variablesView,workbench.debug.watchExpressionsView,workbench.debug.callStackView,workbench.debug.breakPointsView in workbench.view.debug
2023-01-25 13:26:52.933 [info] Removed views:workbench.debug.breakPointsView,workbench.debug.callStackView,workbench.debug.watchExpressionsView,workbench.debug.variablesView from workbench.view.debug
2023-01-25 13:26:52.960 [info] Added views:workbench.debug.welcome in workbench.view.debug
2023-01-25 13:27:15.734 [info] Removed views:workbench.view.testing from workbench.view.extension.test
