Jul 06 13:54 : exception: Failed to open '/home/mustafaakil/.mpd/mpdstate': No such file or directory
Jul 06 13:54 : update: added /5 Seconds of Summer - Me Myself & I.mp3
Jul 06 13:54 : update: added /40gece - Yine En Bastan.mp3
Jul 06 13:54 : update: added /Adamlar - Acinin Ilaci.mp3
Jul 06 13:54 : update: added /Adamlar - Dal.mp3
Jul 06 13:54 : update: added /Adamlar - Gelir Gecer.mp3
Jul 06 13:54 : update: added /Adamlar - Hikaye.mp3
Jul 06 13:54 : update: added /Adamlar - Koca Yasl캼 Sisko Dunya.mp3
Jul 06 13:54 : update: added /Adamlar - Mavi Ekran.mp3
Jul 06 13:54 : update: added /Adamlar - Sar캼l캼r캼m Birine.mp3
Jul 06 13:54 : update: added /Adamlar - Yoruldum.mp3
Jul 06 13:54 : update: added /Adamlar - Zombi.mp3
Jul 06 13:54 : update: added /Alpay - Fabrika K캼z캼.mp3
Jul 06 13:54 : update: added /Alt캼n G칲n - Kisasa Kisas.mp3
Jul 06 13:54 : update: added /Anil Piyanci, Kaan Bosnak - Goklerde Suzulurken.mp3
Jul 06 13:54 : update: added /Arem Ozguc - Another Love.mp3
Jul 06 13:54 : update: added /Ars Longa - Karavan.mp3
Jul 06 13:54 : update: added /Athena - Mamak T칲rk칲s칲.mp3
Jul 06 13:54 : update: added /Ati242 - 25.mp3
Jul 06 13:54 : update: added /Bade Nosa - 칂o르l캼r캼m Ben.mp3
Jul 06 13:54 : update: added /Badem - Gece Sesleri.mp3
Jul 06 13:54 : update: added /Bagzilari - 캻potek Ettim Kalbimi.mp3
Jul 06 13:54 : update: added /Bagzilari - Yoldan 칂캼k캼cam.mp3
Jul 06 13:54 : update: added /Ba릌캼lar캼 - Evleniyormu릅un Bug칲n.mp3
Jul 06 13:54 : update: added /Bal캼klar - Vesaire.mp3
Jul 06 13:54 : update: added /Baris Manco - Ayr캼l캼k.mp3
Jul 06 13:54 : update: added /Bar캼 Akarsu - Bir Sevmek Bin Defa 칐lmek Demekmi.mp3
Jul 06 13:54 : update: added /Bar캼 Man칞o - Alla Beni Pulla Beni.mp3
Jul 06 13:54 : update: added /Bar캼 Man칞o - D칬nence.mp3
Jul 06 13:54 : update: added /Bar캼 Man칞o - G칲l Pembe.mp3
Jul 06 13:54 : update: added /Bence - Soruyorum Kendime.mp3
Jul 06 13:54 : update: added /Berk Baysal - Yaralar캼n캼 Ben Saray캼m.mp3
Jul 06 13:54 : update: added /Burak Bulut - Her Yan캼m Kan.mp3
Jul 06 13:54 : update: added /Can Bonomo - Ac캼 Kiraz.mp3
Jul 06 13:54 : update: added /Can Bonomo - Gazapistan.mp3
Jul 06 13:54 : update: added /Can Gox -Senden Vazge칞mem.mp3
Jul 06 13:54 : update: added /Can GOX- Ah Bir Ata Ver.mp3
Jul 06 13:54 : update: added /Can G칲ng칬r - Genetik.mp3
Jul 06 13:54 : update: added /Can Ko칞 - G칬ky칲z칲n칲 Tutamam.mp3
Jul 06 13:54 : update: added /Canozan, Melis Yelman, Ufuk Kevser - Bi' Sorunum Var.mp3
Jul 06 13:54 : update: added /Cem Karaca - Bu Son Olsun.mp3
Jul 06 13:54 : update: added /Ceren G칲ndo륷u - Perde.mp3
Jul 06 13:54 : update: added /Decrat - Sustal캼.mp3
Jul 06 13:54 : update: added /Dedubl칲man - 칂칬zemezsin.mp3
Jul 06 13:54 : update: added /Deniz Sipahi - Yeni Sonum.mp3
Jul 06 13:54 : update: added /Derya Ulu - Peri르n캼m 룔mdi.mp3
Jul 06 13:54 : update: added /Dolu Kadehi Ters Tut - Dolu Kadehi Ters Tut - #27.mp3
Jul 06 13:54 : update: added /Dolu Kadehi Ters Tut - Dolu Kadehi Ters Tut - 칐ylece Durdun.mp3
Jul 06 13:54 : update: added /Dolu Kadehi Ters Tut - Dolu Kadehi Ters Tut ft. Seda Erciyes - Y칲ksek.mp3
Jul 06 13:54 : update: added /Dolu Kadehi Ters Tut - Gitme.mp3
Jul 06 13:54 : update: added /Ebru G칲nde - Demir Att캼m.mp3
Jul 06 13:54 : update: added /Ege Balkiz, Burry Soprano - Affet Beni Sevgilim.mp3
Jul 06 13:54 : update: added /Elif Buse Do르n - Elif Buse Do르n - Yare Gidin Turnalar (Official Video).mp3
Jul 06 13:54 : update: added /Emir Can Igrek - Felfena.mp3
Jul 06 13:54 : update: added /Ender Balk캼r - Ruhumda S캼z캼.mp3
Jul 06 13:54 : update: added /Esin Kaya - Y칲zs칲z Gibi.mp3
Jul 06 13:54 : update: added /Evdeki Saat - Evdeki Saat - R칲yadas캼n (Official Lyric Video).mp3
Jul 06 13:54 : update: added /Evdeki Saat - Evdeki Saat - Sustum (Official Music Video).mp3
Jul 06 13:54 : update: added /Evdeki Saat - Zaman Mekan.mp3
Jul 06 13:54 : update: added /Farah Zeynep Abdullah - Bana Neler Vadettin.mp3
Jul 06 13:54 : update: added /Fatma Turgut   - Son Perde.mp3
Jul 06 13:54 : update: added /Fatma Turgut - Bir Varm캼 Bir Yokmu.mp3
Jul 06 13:54 : update: added /Ferman Akg칲l - 캻stemem S칬z Sevmeni.mp3
Jul 06 13:54 : update: added /Funda Arar - Benim 캻칞in 칖z칲lme.mp3
Jul 06 13:54 : update: added /Gazapizm - D칲nya Bu.mp3
Jul 06 13:54 : update: added /G칲lden - 캻칞imize mi Atal캼m.mp3
Jul 06 13:54 : update: added /G칲ney Marlen - Siyah Rapsodi.mp3
Jul 06 13:54 : update: added /Hayko Cepkin - Destina (Yeni T칲rk칲 Zamans캼z).mp3
Jul 06 13:54 : update: added /Hayko Cepkin - Hayvaaa1n.mp3
Jul 06 13:54 : update: added /캻kilem - Bu Saatten Sonra.mp3
Jul 06 13:54 : update: added /캻kilem - Ge칞emem Senden.mp3
Jul 06 13:54 : update: added /캻kiye On Kala - 캻kiye On Kala - Depresyon G칲zelim.mp3
Jul 06 13:54 : update: added /Kaan Bosnak - Barbar.mp3
Jul 06 13:54 : update: added /Kaan Bosnak - 캻칞i Dolu Her 룐yim.mp3
Jul 06 13:54 : update: added /KADEBOSTANY - KADEBOSTANY - Two Lovebirds in a Cage feat. Sena Sener (Official Lyric Video).mp3
Jul 06 13:54 : update: added /Kalben - Bilmiyor 캻칞im.mp3
Jul 06 13:54 : update: added /Kendimden Hallice - 캻lac캼 Olmayan Ar캼.mp3
Jul 06 13:54 : update: added /Kendimden Hallice - 칖z칲lmeye Nereden Ba륿asak_.mp3
Jul 06 13:54 : update: added /Kendrick Lamar - Kendrick Lamar - N95 (Official Audio).mp3
Jul 06 13:54 : update: added /KOFN - Bi' Tek Ben Anlarim.mp3
Jul 06 13:54 : update: added /Leliel - Derbeder.mp3
Jul 06 13:54 : update: added /Madrigal - Ge칞me Art캼k Soka캼mdan.mp3
Jul 06 13:54 : update: added /M친neskin - SUPERMODEL.mp3
Jul 06 13:54 : update: added /Manga - Yine Yeni Yeniden.mp3
Jul 06 13:54 : update: added /Mavi Gri - Bu K캼z Benim Kaderim.mp3
Jul 06 13:54 : update: added /Melek Mosso - A륿arsam.mp3
Jul 06 13:54 : update: added /Melike 료hin, Ah! Kosmos - Miras.mp3
Jul 06 13:54 : update: added /Melis Karaduman - Y칲zle.mp3
Jul 06 13:54 : update: added /Mentra - Her Yol U칞urum.mp3
Jul 06 13:54 : update: added /MIKA - MIKA - Yo Yo (Official Lyric Video).mp3
Jul 06 13:54 : update: added /Model - Bak Bir Varmis Bir Yokmus.mp3
Jul 06 13:54 : update: added /Murat G칬른bakan - Yaral캼.mp3
Jul 06 13:54 : update: added /My Chemical Romance - My Chemical Romance - The Foundations of Decay.mp3
Jul 06 13:54 : update: added /Nab캼caz - Sorun Var.mp3
Jul 06 13:54 : update: added /Nahide Babashli - Sen benden gittdin gideli.mp3
Jul 06 13:54 : update: added /NAHIDE BABASHLI - UNUTTUN MU BENI.mp3
Jul 06 13:54 : update: added /Nahide Babashl캼 -  칐l칲m 칐l칲m.mp3
Jul 06 13:54 : update: added /Nahide Babashl캼 - Anlasana.mp3
Jul 06 13:54 : update: added /Nahide Babashl캼 - Ans캼z캼n.mp3
Jul 06 13:54 : update: added /Nahide Babashl캼 - Ay Y칲zl칲m.mp3
Jul 06 13:54 : update: added /Nahide Babashl캼 - Ayr캼l캼q.mp3
Jul 06 13:54 : update: added /Nahide Babashl캼 - Benim Hikayem.mp3
Jul 06 13:54 : update: added /Nahide Babashl캼 - Da륿캼 Qala.mp3
Jul 06 13:54 : update: added /Nahide Babashl캼 - Dostlar Sa Olsun.mp3
Jul 06 13:54 : update: added /Nahide Babashl캼 - Faydas캼 Yok.mp3
Jul 06 13:54 : update: added /Nahide Babashl캼 - Gecdir Daha.mp3
Jul 06 13:54 : update: added /Nahide Babashl캼 - Her 룐y Sensin.mp3
Jul 06 13:54 : update: added /Nahide Babashl캼 - Kalbi Ta.mp3
Jul 06 13:54 : update: added /Nahide Babashl캼 - Korkma S칬yle.mp3
Jul 06 13:54 : update: added /Nahide Babashl캼 - Mah른r.mp3
Jul 06 13:54 : update: added /Nahide Babashl캼 - Medcezir - YouTube.MP3
Jul 06 13:54 : update: added /Nahide Babashl캼 - 칐l칲m 칐l칲m.mp3
Jul 06 13:54 : update: added /Nahide Babashl캼 - Sa칞lar캼n캼 Taram캼릅캼n.mp3
Jul 06 13:54 : update: added /Nahide Babashl캼 - Sayd캼m.mp3
Jul 06 13:54 : update: added /Nahide Babashl캼 - Sensiz K칬t칲y칲m.mp3
Jul 06 13:54 : update: added /Nahide Babashl캼 - Sevda Karas캼.mp3
Jul 06 13:54 : update: added /Nahide Babashl캼 - S칬z칲n Var.mp3
Jul 06 13:54 : update: added /Nahide Babashl캼 - Tiryakinim.mp3
Jul 06 13:54 : update: added /Nahide Babashl캼 - Ulduz.mp3
Jul 06 13:54 : update: added /Nahide Babashl캼 - Yaral캼.mp3
Jul 06 13:54 : update: added /Nahide Babashl캼 - Yar캼m S칬z.mp3
Jul 06 13:54 : update: added /Nahide Baba륿캼 - D톛lil톛r Kimi.mp3
Jul 06 13:54 : update: added /Nahide Baba륿캼 - D톛rdimi Dinl톛.mp3
Jul 06 13:54 : update: added /Neva - Sana Teslim Oldum.mp3
Jul 06 13:54 : update: added /Nilipek. - Bir G칲n Beni Arzularsan Gel.mp3
Jul 06 13:54 : update: added /Nil칲fer - Bo릈er.mp3
Jul 06 13:54 : update: added /Nova Norda - BATAKLIK.mp3
Jul 06 13:54 : update: added /OneRepublic - I Ain't Worried.mp3
Jul 06 13:54 : update: added /Organize - G칬zler Yalan S칬ylemez.mp3
Jul 06 13:54 : update: added /칐zlem Tekin - Da륿ar캼 Deldim.mp3
Jul 06 13:54 : update: added /Pera band - PERA - Ya릀ur (Official Video).mp3
Jul 06 13:54 : update: added /Perdenin Ard캼ndakiler - Ankara'yla Bozu릇ruz.mp3
Jul 06 13:54 : update: added /Perdenin Ard캼ndakiler - Beni Kendinden Kurtar.mp3
Jul 06 13:54 : update: added /Perdenin Ard캼ndakiler - Vedalardan Bir Buket.mp3
Jul 06 13:54 : update: added /Rita Ora - Rita Ora - Finish Line (Lyric Video).mp3
Jul 06 13:54 : update: added /Second - FUCK GALILEO.mp3
Jul 06 13:54 : update: added /Seksend칬rt - Anlayamazs캼n.mp3
Jul 06 13:54 : update: added /Semicenk - Herkes Gibisin.mp3
Jul 06 13:54 : update: added /Sena 료hin - bu gece.mp3
Jul 06 13:54 : update: added /Sertab Erener - A륾.mp3
Jul 06 13:54 : update: added /Sezen Aksu - Bile Bile.mp3
Jul 06 13:54 : update: added /Sezen Aksu - Biliyorsun.mp3
Jul 06 13:54 : update: added /Sezen Aksu - Git.mp3
Jul 06 13:54 : update: added /Sezen Aksu - T칲kenece를z.mp3
Jul 06 13:54 : update: added /Sezen Aksu - Yans캼n Istanbul.mp3
Jul 06 13:54 : update: added /Sezer Sar캼g칬z - Ne Ay Geceden.mp3
Jul 06 13:54 : update: added /Sibel Alas - Adam.mp3
Jul 06 13:54 : update: added /Simge P캼nar, Bar캼 Demirel - Ay.mp3
Jul 06 13:54 : update: added /S캼la - Bodrum'un Sular캼.mp3
Jul 06 13:54 : update: added /S캼la - Tam da Bug칲n.mp3
Jul 06 13:54 : update: added /S캼la - Yoruldum.mp3
Jul 06 13:54 : update: added /Skapova - Uyu.mp3
Jul 06 13:54 : update: added /SSE a.K.a HEX - Shawty.mp3
Jul 06 13:54 : update: added /Sufle - Panik Ataklar.mp3
Jul 06 13:54 : update: added /Tate McRae - what would you do_.mp3
Jul 06 13:54 : update: added /Toygar I캼kl캼 - Toygar I캼kl캼 - 칐mr칲m - (Official Video).mp3
Jul 06 13:54 : update: added /Tu륵a Yurt - Karanfil.mp3
Jul 06 13:54 : update: added /Tu륵a Yurt - Kur릇na Gerek Yok.mp3
Jul 06 13:54 : update: added /Ufuk Beydemir - Ellerin Uzansa.mp3
Jul 06 13:54 : update: added /Umut Kaya - Ya르mak 칂ok G칲zel Bi' 룐y.mp3
Jul 06 13:54 : update: added /Umut Kurt -  muhte른m yorum.mp3
Jul 06 13:54 : update: added /Various Artists - Ba륿asan Durmaz.mp3
Jul 06 13:54 : update: added /Vera - Kir pas.mp3
Jul 06 13:54 : update: added /Yasemin Mori - Maviye.mp3
Jul 06 13:54 : update: added /Yuzyuzeyken Konusuruz - Gen칞li를mi Geri Ver.mp3
Jul 06 13:54 : update: added /Y칲zy칲zeyken Konu릇ruz - 칐lsem Yeridir.mp3
Jul 06 13:54 : update: added /Yuzyuzeyken Konusuruz - Sen Vars캼n Diye.mp3
Jul 06 13:54 : update: added /Yuzyuzeyken Konusuruz - Son Sesleni를m.mp3
Jul 06 13:54 : update: added /Zeliha Kendirci - Onursuz Olabilir A륾.mp3
Jul 06 13:54 : update: added /Sabrina Carpenter - Vicious.mp3
Jul 06 13:57 : player: played "Adamlar - Acinin Ilaci.mp3"
Jul 06 13:58 : player: played "Adamlar - Acinin Ilaci.mp3"
Jul 06 14:03 : player: played "Adamlar - Dal.mp3"
Jul 06 14:06 : player: played "Adamlar - Koca Yasl캼 Sisko Dunya.mp3"
Jul 06 14:11 : player: played "Adamlar - Koca Yasl캼 Sisko Dunya.mp3"
Jul 06 14:15 : player: played "Bar캼 Man칞o - D칬nence.mp3"
Jul 06 14:19 : player: played "Derya Ulu - Peri르n캼m 룔mdi.mp3"
Jul 06 22:58 : player: played "Nahide Babashl캼 - Ulduz.mp3"
Jul 06 23:01 : player: played "Adamlar - Acinin Ilaci.mp3"
Jul 09 12:21 : player: played "Adamlar - Acinin Ilaci.mp3"
Jul 09 12:27 : player: played "Nahide Babashl캼 - Ulduz.mp3"
Jul 09 12:32 : player: played "KADEBOSTANY - KADEBOSTANY - Two Lovebirds in a Cage feat. Sena Sener (Official Lyric Video).mp3"
Jul 09 12:35 : player: played "Nahide Babashl캼 - Mah른r.mp3"
Jul 09 12:41 : player: played "Dolu Kadehi Ters Tut - Gitme.mp3"
Jul 09 12:47 : player: played "Adamlar - Yoruldum.mp3"
Jul 09 12:50 : player: played "Perdenin Ard캼ndakiler - Ankara'yla Bozu릇ruz.mp3"
Jul 09 12:53 : player: played "Nahide Babashl캼 - Medcezir - YouTube.MP3"
Jul 10 00:31 : player: played "G칲ney Marlen - Siyah Rapsodi.mp3"
Jul 10 12:58 : exception: Failed to create /home/mustafaakil/.mpd/mpdstate: No such file or directory
Jul 10 12:58 : player: played "G칲ney Marlen - Siyah Rapsodi.mp3"
Jul 10 22:18 : player: played "Ege Balkiz, Burry Soprano - Affet Beni Sevgilim.mp3"
Jul 10 23:58 : player: played "Nahide Babashl캼 - Sa칞lar캼n캼 Taram캼릅캼n.mp3"
Jul 11 00:02 : player: played "Adamlar - Mavi Ekran.mp3"
Jul 11 00:06 : player: played "Umut Kaya - Ya르mak 칂ok G칲zel Bi' 룐y.mp3"
Jul 11 00:11 : player: played "Funda Arar - Benim 캻칞in 칖z칲lme.mp3"
Jul 11 00:15 : player: played "Ati242 - 25.mp3"
Jul 11 00:19 : player: played "Kendimden Hallice - 캻lac캼 Olmayan Ar캼.mp3"
Jul 11 00:23 : player: played "Kaan Bosnak - Barbar.mp3"
Jul 11 00:24 : player: played "Nahide Babashli - Sen benden gittdin gideli.mp3"
Jul 11 16:10 : player: played "Nahide Babashli - Sen benden gittdin gideli.mp3"
Jul 11 16:14 : player: played "Nilipek. - Bir G칲n Beni Arzularsan Gel.mp3"
Jul 11 16:18 : player: played "Esin Kaya - Y칲zs칲z Gibi.mp3"
Jul 11 16:28 : player: played "Ebru G칲nde - Demir Att캼m.mp3"
Jul 11 16:39 : player: played "Nahide Babashl캼 - Ayr캼l캼q.mp3"
Jul 12 00:32 : player: played "40gece - Yine En Bastan.mp3"
Jul 12 14:18 : player: played "40gece - Yine En Bastan.mp3"
Jul 12 14:21 : exception: Failed to decode /home/mustafaakil/Downloads/ANA SAHNE Turkish Rock/Melek Mosso - A륿arsam.mp3; Failed to open '/home/mustafaakil/Downloads/ANA SAHNE Turkish Rock/Melek Mosso - A륿arsam.mp3': No such file or directory
Jul 12 14:21 : exception: Failed to decode /home/mustafaakil/Downloads/ANA SAHNE Turkish Rock/Melek Mosso - A륿arsam.mp3; Failed to open '/home/mustafaakil/Downloads/ANA SAHNE Turkish Rock/Melek Mosso - A륿arsam.mp3': No such file or directory
Jul 12 14:21 : player: played "Melek Mosso - A륿arsam.mp3"
Jul 12 14:21 : exception: Failed to decode /home/mustafaakil/Downloads/ANA SAHNE Turkish Rock/Mavi Gri - Bu K캼z Benim Kaderim.mp3; Failed to open '/home/mustafaakil/Downloads/ANA SAHNE Turkish Rock/Mavi Gri - Bu K캼z Benim Kaderim.mp3': No such file or directory
Jul 12 14:21 : player: played "Mavi Gri - Bu K캼z Benim Kaderim.mp3"
Jul 12 14:21 : exception: Failed to decode /home/mustafaakil/Downloads/ANA SAHNE Turkish Rock/Mavi Gri - Bu K캼z Benim Kaderim.mp3; Failed to open '/home/mustafaakil/Downloads/ANA SAHNE Turkish Rock/Mavi Gri - Bu K캼z Benim Kaderim.mp3': No such file or directory
Jul 12 14:21 : player: played "Mavi Gri - Bu K캼z Benim Kaderim.mp3"
Jul 12 14:21 : exception: Failed to decode /home/mustafaakil/Downloads/ANA SAHNE Turkish Rock/M친neskin - SUPERMODEL.mp3; Failed to open '/home/mustafaakil/Downloads/ANA SAHNE Turkish Rock/M친neskin - SUPERMODEL.mp3': No such file or directory
Jul 12 14:21 : player: played "M친neskin - SUPERMODEL.mp3"
Jul 12 14:21 : exception: Failed to decode /home/mustafaakil/Downloads/ANA SAHNE Turkish Rock/M친neskin - SUPERMODEL.mp3; Failed to open '/home/mustafaakil/Downloads/ANA SAHNE Turkish Rock/M친neskin - SUPERMODEL.mp3': No such file or directory
Jul 12 14:21 : player: played "M친neskin - SUPERMODEL.mp3"
Jul 12 14:21 : exception: Failed to decode /home/mustafaakil/Downloads/ANA SAHNE Turkish Rock/M친neskin - SUPERMODEL.mp3; Failed to open '/home/mustafaakil/Downloads/ANA SAHNE Turkish Rock/M친neskin - SUPERMODEL.mp3': No such file or directory
Jul 12 14:21 : exception: Failed to decode /home/mustafaakil/Downloads/ANA SAHNE Turkish Rock/M친neskin - SUPERMODEL.mp3; Failed to open '/home/mustafaakil/Downloads/ANA SAHNE Turkish Rock/M친neskin - SUPERMODEL.mp3': No such file or directory
Jul 12 14:21 : player: played "M친neskin - SUPERMODEL.mp3"
Jul 12 14:21 : exception: Failed to decode /home/mustafaakil/Downloads/ANA SAHNE Turkish Rock/M친neskin - SUPERMODEL.mp3; Failed to open '/home/mustafaakil/Downloads/ANA SAHNE Turkish Rock/M친neskin - SUPERMODEL.mp3': No such file or directory
Jul 12 14:21 : player: played "M친neskin - SUPERMODEL.mp3"
Jul 12 14:21 : exception: Failed to decode /home/mustafaakil/Downloads/ANA SAHNE Turkish Rock/M친neskin - SUPERMODEL.mp3; Failed to open '/home/mustafaakil/Downloads/ANA SAHNE Turkish Rock/M친neskin - SUPERMODEL.mp3': No such file or directory
Jul 12 14:21 : exception: Failed to decode /home/mustafaakil/Downloads/ANA SAHNE Turkish Rock/M친neskin - SUPERMODEL.mp3; Failed to open '/home/mustafaakil/Downloads/ANA SAHNE Turkish Rock/M친neskin - SUPERMODEL.mp3': No such file or directory
Jul 12 14:21 : player: played "M친neskin - SUPERMODEL.mp3"
Jul 12 14:21 : exception: Failed to decode /home/mustafaakil/Downloads/ANA SAHNE Turkish Rock/M친neskin - SUPERMODEL.mp3; Failed to open '/home/mustafaakil/Downloads/ANA SAHNE Turkish Rock/M친neskin - SUPERMODEL.mp3': No such file or directory
Jul 12 14:21 : player: played "M친neskin - SUPERMODEL.mp3"
Jul 12 14:21 : exception: Failed to decode /home/mustafaakil/Downloads/ANA SAHNE Turkish Rock/M친neskin - SUPERMODEL.mp3; Failed to open '/home/mustafaakil/Downloads/ANA SAHNE Turkish Rock/M친neskin - SUPERMODEL.mp3': No such file or directory
Jul 12 14:21 : player: played "M친neskin - SUPERMODEL.mp3"
Jul 12 14:21 : update: removing 5 Seconds of Summer - Me Myself & I.mp3
Jul 12 14:21 : update: removing Adamlar - Koca Yasl캼 Sisko Dunya.mp3
Jul 12 14:21 : update: removing Adamlar - Hikaye.mp3
Jul 12 14:21 : update: removing Adamlar - Gelir Gecer.mp3
Jul 12 14:21 : update: removing Adamlar - Dal.mp3
Jul 12 14:21 : update: removing Adamlar - Acinin Ilaci.mp3
Jul 12 14:21 : update: removing Alt캼n G칲n - Kisasa Kisas.mp3
Jul 12 14:21 : update: removing Alpay - Fabrika K캼z캼.mp3
Jul 12 14:21 : update: removing Adamlar - Sar캼l캼r캼m Birine.mp3
Jul 12 14:21 : update: removing Arem Ozguc - Another Love.mp3
Jul 12 14:21 : update: removing Anil Piyanci, Kaan Bosnak - Goklerde Suzulurken.mp3
Jul 12 14:21 : update: removing Ars Longa - Karavan.mp3
Jul 12 14:21 : update: removing Athena - Mamak T칲rk칲s칲.mp3
Jul 12 14:21 : update: removing Ati242 - 25.mp3
Jul 12 14:21 : update: removing Bade Nosa - 칂o르l캼r캼m Ben.mp3
Jul 12 14:21 : update: removing Bagzilari - 캻potek Ettim Kalbimi.mp3
Jul 12 14:21 : update: removing Ba릌캼lar캼 - Evleniyormu릅un Bug칲n.mp3
Jul 12 14:21 : update: removing Bal캼klar - Vesaire.mp3
Jul 12 14:21 : update: removing Bar캼 Akarsu - Bir Sevmek Bin Defa 칐lmek Demekmi.mp3
Jul 12 14:21 : update: removing Bence - Soruyorum Kendime.mp3
Jul 12 14:21 : update: removing Bar캼 Man칞o - Alla Beni Pulla Beni.mp3
Jul 12 14:21 : update: removing Burak Bulut - Her Yan캼m Kan.mp3
Jul 12 14:21 : update: removing Can Bonomo - Ac캼 Kiraz.mp3
Jul 12 14:21 : update: removing Can Gox -Senden Vazge칞mem.mp3
Jul 12 14:21 : update: removing Can G칲ng칬r - Genetik.mp3
Jul 12 14:21 : update: removing Cem Karaca - Bu Son Olsun.mp3
Jul 12 14:21 : update: removing Ceren G칲ndo륷u - Perde.mp3
Jul 12 14:21 : update: removing Decrat - Sustal캼.mp3
Jul 12 14:21 : update: removing Dedubl칲man - 칂칬zemezsin.mp3
Jul 12 14:21 : update: removing Deniz Sipahi - Yeni Sonum.mp3
Jul 12 14:21 : update: removing Dolu Kadehi Ters Tut - Dolu Kadehi Ters Tut - 칐ylece Durdun.mp3
Jul 12 14:21 : update: removing Dolu Kadehi Ters Tut - Gitme.mp3
Jul 12 14:21 : update: removing Ege Balkiz, Burry Soprano - Affet Beni Sevgilim.mp3
Jul 12 14:21 : update: removing G칲lden - 캻칞imize mi Atal캼m.mp3
Jul 12 14:21 : update: removing Gazapizm - D칲nya Bu.mp3
Jul 12 14:21 : update: removing Ferman Akg칲l - 캻stemem S칬z Sevmeni.mp3
Jul 12 14:21 : update: removing Fatma Turgut - Bir Varm캼 Bir Yokmu.mp3
Jul 12 14:21 : update: removing Farah Zeynep Abdullah - Bana Neler Vadettin.mp3
Jul 12 14:21 : update: removing Evdeki Saat - Evdeki Saat - Sustum (Official Music Video).mp3
Jul 12 14:21 : update: removing Evdeki Saat - Evdeki Saat - R칲yadas캼n (Official Lyric Video).mp3
Jul 12 14:21 : update: removing Esin Kaya - Y칲zs칲z Gibi.mp3
Jul 12 14:21 : update: removing Elif Buse Do르n - Elif Buse Do르n - Yare Gidin Turnalar (Official Video).mp3
Jul 12 14:21 : update: removing Kendimden Hallice - 캻lac캼 Olmayan Ar캼.mp3
Jul 12 14:21 : update: removing Kalben - Bilmiyor 캻칞im.mp3
Jul 12 14:21 : update: removing KADEBOSTANY - KADEBOSTANY - Two Lovebirds in a Cage feat. Sena Sener (Official Lyric Video).mp3
Jul 12 14:21 : update: removing Kaan Bosnak - Barbar.mp3
Jul 12 14:21 : update: removing 캻kiye On Kala - 캻kiye On Kala - Depresyon G칲zelim.mp3
Jul 12 14:21 : update: removing 캻kilem - Ge칞emem Senden.mp3
Jul 12 14:21 : update: removing Hayko Cepkin - Destina (Yeni T칲rk칲 Zamans캼z).mp3
Jul 12 14:21 : update: removing G칲ney Marlen - Siyah Rapsodi.mp3
Jul 12 14:21 : update: removing Mavi Gri - Bu K캼z Benim Kaderim.mp3
Jul 12 14:21 : update: removing M친neskin - SUPERMODEL.mp3
Jul 12 14:21 : update: removing Madrigal - Ge칞me Art캼k Soka캼mdan.mp3
Jul 12 14:21 : update: removing Leliel - Derbeder.mp3
Jul 12 14:21 : update: removing Kendrick Lamar - Kendrick Lamar - N95 (Official Audio).mp3
Jul 12 14:21 : update: removing Kendimden Hallice - 칖z칲lmeye Nereden Ba륿asak_.mp3
Jul 12 14:21 : update: removing MIKA - MIKA - Yo Yo (Official Lyric Video).mp3
Jul 12 14:21 : update: removing Melis Karaduman - Y칲zle.mp3
Jul 12 14:21 : update: removing Melike 료hin, Ah! Kosmos - Miras.mp3
Jul 12 14:21 : update: removing Melek Mosso - A륿arsam.mp3
Jul 12 14:21 : update: removing NAHIDE BABASHLI - UNUTTUN MU BENI.mp3
Jul 12 14:21 : update: removing My Chemical Romance - My Chemical Romance - The Foundations of Decay.mp3
Jul 12 14:21 : update: removing Nahide Babashl캼 - Ans캼z캼n.mp3
Jul 12 14:21 : update: removing Nahide Babashl캼 - Da륿캼 Qala.mp3
Jul 12 14:21 : update: removing Nahide Babashl캼 - Faydas캼 Yok.mp3
Jul 12 14:21 : update: removing Nahide Babashl캼 - Kalbi Ta.mp3
Jul 12 14:21 : update: removing Nahide Babashl캼 - Gecdir Daha.mp3
Jul 12 14:21 : update: removing Nahide Babashl캼 - Medcezir - YouTube.MP3
Jul 12 14:21 : update: removing Nahide Babashl캼 - Sa칞lar캼n캼 Taram캼릅캼n.mp3
Jul 12 14:21 : update: removing Nahide Babashl캼 - Tiryakinim.mp3
Jul 12 14:21 : update: removing Nahide Babashl캼 - Yar캼m S칬z.mp3
Jul 12 14:21 : update: removing Nahide Baba륿캼 - D톛rdimi Dinl톛.mp3
Jul 12 14:21 : update: removing Nilipek. - Bir G칲n Beni Arzularsan Gel.mp3
Jul 12 14:21 : update: removing Nil칲fer - Bo릈er.mp3
Jul 12 14:21 : update: removing Nova Norda - BATAKLIK.mp3
Jul 12 14:21 : update: removing OneRepublic - I Ain't Worried.mp3
Jul 12 14:21 : update: removing Organize - G칬zler Yalan S칬ylemez.mp3
Jul 12 14:21 : update: removing 칐zlem Tekin - Da륿ar캼 Deldim.mp3
Jul 12 14:21 : update: removing Rita Ora - Rita Ora - Finish Line (Lyric Video).mp3
Jul 12 14:21 : update: removing Perdenin Ard캼ndakiler - Vedalardan Bir Buket.mp3
Jul 12 14:21 : update: removing Perdenin Ard캼ndakiler - Beni Kendinden Kurtar.mp3
Jul 12 14:21 : update: removing Second - FUCK GALILEO.mp3
Jul 12 14:21 : update: removing Sabrina Carpenter - Vicious.mp3
Jul 12 14:21 : update: removing Seksend칬rt - Anlayamazs캼n.mp3
Jul 12 14:21 : update: removing Semicenk - Herkes Gibisin.mp3
Jul 12 14:21 : update: removing Sena 료hin - bu gece.mp3
Jul 12 14:21 : update: removing Sufle - Panik Ataklar.mp3
Jul 12 14:21 : update: removing SSE a.K.a HEX - Shawty.mp3
Jul 12 14:21 : update: removing Skapova - Uyu.mp3
Jul 12 14:21 : update: removing Simge P캼nar, Bar캼 Demirel - Ay.mp3
Jul 12 14:21 : update: removing Sezen Aksu - Yans캼n Istanbul.mp3
Jul 12 14:21 : update: removing Yasemin Mori - Maviye.mp3
Jul 12 14:21 : update: removing Toygar I캼kl캼 - Toygar I캼kl캼 - 칐mr칲m - (Official Video).mp3
Jul 12 14:21 : update: removing Tate McRae - what would you do_.mp3
Jul 12 14:21 : update: removing Yuzyuzeyken Konusuruz - Sen Vars캼n Diye.mp3
Jul 12 14:21 : update: removing Yuzyuzeyken Konusuruz - Son Sesleni를m.mp3
Jul 12 14:21 : update: removing Zeliha Kendirci - Onursuz Olabilir A륾.mp3
Jul 12 14:21 : update: removing Sibel Alas - Adam.mp3
Jul 12 14:21 : update: removing 40gece - Yine En Bastan.mp3
Jul 12 14:21 : update: removing Can GOX- Ah Bir Ata Ver.mp3
Jul 12 14:21 : update: removing Nahide Babashl캼 - Anlasana.mp3
Jul 12 14:21 : update: removing Perdenin Ard캼ndakiler - Ankara'yla Bozu릇ruz.mp3
Jul 12 14:21 : update: removing Sezen Aksu - Biliyorsun.mp3
Jul 12 14:21 : update: removing Bar캼 Man칞o - D칬nence.mp3
Jul 12 14:21 : update: removing Sertab Erener - A륾.mp3
Jul 12 14:21 : update: removing Derya Ulu - Peri르n캼m 룔mdi.mp3
Jul 12 14:21 : update: removing Adamlar - Mavi Ekran.mp3
Jul 12 14:21 : update: removing Adamlar - Yoruldum.mp3
Jul 12 14:21 : update: removing Adamlar - Zombi.mp3
Jul 12 14:21 : update: removing Sezen Aksu - Bile Bile.mp3
Jul 12 14:21 : update: removing Evdeki Saat - Zaman Mekan.mp3
Jul 12 14:21 : update: removing Fatma Turgut   - Son Perde.mp3
Jul 12 14:21 : update: removing Sezen Aksu - Git.mp3
Jul 12 14:21 : update: removing S캼la - Bodrum'un Sular캼.mp3
Jul 12 14:21 : update: removing S캼la - Yoruldum.mp3
Jul 12 14:21 : update: removing S캼la - Tam da Bug칲n.mp3
Jul 12 14:21 : update: removing Sezen Aksu - T칲kenece를z.mp3
Jul 12 14:21 : update: removing Bar캼 Man칞o - G칲l Pembe.mp3
Jul 12 14:21 : update: removing Baris Manco - Ayr캼l캼k.mp3
Jul 12 14:21 : update: removing Hayko Cepkin - Hayvaaa1n.mp3
Jul 12 14:21 : update: removing Nahide Babashli - Sen benden gittdin gideli.mp3
Jul 12 14:21 : update: removing Nahide Babashl캼 -  칐l칲m 칐l칲m.mp3
Jul 12 14:21 : update: removing Nahide Babashl캼 - Benim Hikayem.mp3
Jul 12 14:21 : update: removing Nahide Babashl캼 - Korkma S칬yle.mp3
Jul 12 14:21 : update: removing Nahide Babashl캼 - Mah른r.mp3
Jul 12 14:21 : update: removing Nahide Babashl캼 - Sayd캼m.mp3
Jul 12 14:21 : update: removing Nahide Babashl캼 - S칬z칲n Var.mp3
Jul 12 14:21 : update: removing Nahide Babashl캼 - Yaral캼.mp3
Jul 12 14:21 : update: removing Nahide Babashl캼 - Sevda Karas캼.mp3
Jul 12 14:21 : update: removing Nahide Babashl캼 - Ayr캼l캼q.mp3
Jul 12 14:21 : update: removing Nahide Babashl캼 - Her 룐y Sensin.mp3
Jul 12 14:21 : update: removing Nahide Babashl캼 - Dostlar Sa Olsun.mp3
Jul 12 14:21 : update: removing Nahide Baba륿캼 - D톛lil톛r Kimi.mp3
Jul 12 14:21 : update: removing Y칲zy칲zeyken Konu릇ruz - 칐lsem Yeridir.mp3
Jul 12 14:21 : update: removing Model - Bak Bir Varmis Bir Yokmus.mp3
Jul 12 14:21 : update: removing Ender Balk캼r - Ruhumda S캼z캼.mp3
Jul 12 14:21 : update: removing Nahide Babashl캼 - Sensiz K칬t칲y칲m.mp3
Jul 12 14:21 : update: removing Funda Arar - Benim 캻칞in 칖z칲lme.mp3
Jul 12 14:21 : update: removing Ebru G칲nde - Demir Att캼m.mp3
Jul 12 14:21 : update: removing Tu륵a Yurt - Kur릇na Gerek Yok.mp3
Jul 12 14:21 : update: removing Tu륵a Yurt - Karanfil.mp3
Jul 12 14:21 : update: removing Umut Kurt -  muhte른m yorum.mp3
Jul 12 14:21 : update: removing Murat G칬른bakan - Yaral캼.mp3
Jul 12 14:21 : update: removing Manga - Yine Yeni Yeniden.mp3
Jul 12 14:21 : update: removing Nahide Babashl캼 - Ay Y칲zl칲m.mp3
Jul 12 14:21 : update: removing Nahide Babashl캼 - 칐l칲m 칐l칲m.mp3
Jul 12 14:21 : update: removing Nahide Babashl캼 - Ulduz.mp3
Jul 12 14:21 : update: added /G칲ney Marlen - Kuscam B칬yle (feat. Teoman).mp3
Jul 12 14:21 : update: added /Ufuk 칂al캼륾an - Ufuk 칂al캼륾an - D칲릀e.mp3
Jul 12 14:21 : update: added /Ufuk Beydemir - Ben Bir Kek Miyim_.mp3
Jul 12 14:21 : update: updating /Can Bonomo - Gazapistan.mp3
Jul 12 14:21 : update: added /Multitap - Arka Koltuk.mp3
Jul 12 14:21 : update: updating /Various Artists - Ba륿asan Durmaz.mp3
Jul 12 14:21 : update: added /Dedubl칲man - Bir 캻htimal Halim.mp3
Jul 12 14:21 : update: added /Batu Akdeniz, Rana T칲rky캼lmaz - Ona Gitme (Akustik).mp3
Jul 12 14:21 : update: added /Pinhani - Bilir O Beni.mp3
Jul 12 14:21 : update: updating /Umut Kaya - Ya르mak 칂ok G칲zel Bi' 룐y.mp3
Jul 12 14:21 : update: updating /캻kilem - Bu Saatten Sonra.mp3
Jul 12 14:21 : update: added /Morphia - Duyar M캼s캼n.mp3
Jul 12 14:21 : update: added /Pinhani - Pinh칙ni - Kimse G칬rmesin Seni.mp3
Jul 12 14:21 : update: added /Dedubl칲man - Dedubl칲man - Ge칞mesin G칲n칲m칲z (M칲zeyyen Senar Cover).mp3
Jul 12 14:21 : update: updating /Ufuk Beydemir - Ellerin Uzansa.mp3
Jul 12 14:21 : update: updating /Pera band - PERA - Ya릀ur (Official Video).mp3
Jul 12 14:21 : update: added /Mavi Gri - 칂ok 칐zledim.mp3
Jul 12 14:21 : update: updating /Badem - Gece Sesleri.mp3
Jul 12 14:21 : update: updating /Yuzyuzeyken Konusuruz - Gen칞li를mi Geri Ver.mp3
Jul 12 14:21 : update: added /Teoman - Teoman - Kalbin Yok mu_ (Official Video).mp3
Jul 12 14:21 : update: added /Cem Adrian, Emir Can Igrek - Bana Unutmay캼 Anlat.mp3
Jul 12 14:21 : update: updating /Berk Baysal - Yaralar캼n캼 Ben Saray캼m.mp3
Jul 12 14:21 : update: added /Mavi Gri - Alt칲st Olmu릇m (Canl캼).mp3
Jul 12 14:21 : update: updating /Sezer Sar캼g칬z - Ne Ay Geceden.mp3
Jul 12 14:21 : update: added /yirmi7 - G칬zlerin Yaman.mp3
Jul 12 14:21 : update: added /Dolu Kadehi Ters Tut - Dolu Kadehi Ters Tut - Hi칞 캻yi De를lim (Official Audio).mp3
Jul 12 14:21 : update: added /Pera band - PERA - T칲kenece를z (Official Video).mp3
Jul 12 14:21 : update: updating /Mentra - Her Yol U칞urum.mp3
Jul 12 14:21 : update: added /YaDa - Yollar.mp3
Jul 12 14:21 : update: added /Sahte Rak캼 - Ya르mak 캻stemem.mp3
Jul 12 14:21 : update: added /Can Ko칞 - Senin Gibi.mp3
Jul 12 14:21 : update: updating /Nab캼caz - Sorun Var.mp3
Jul 12 14:21 : update: updating /Dolu Kadehi Ters Tut - Dolu Kadehi Ters Tut - #27.mp3
Jul 12 14:21 : update: updating /Vera - Kir pas.mp3
Jul 12 14:21 : update: added /CES Yap캼m - Matmazel - Ba륾a Bir 룐y (Official Music Video).mp3
Jul 12 14:21 : update: added /Eskitilmi Yaz - Gece Saklar Bizi.mp3
Jul 12 14:21 : update: added /mor ve 칬tesi - Forsa.mp3
Jul 12 14:21 : update: added /Can Ko칞 - Sal캼na Sal캼na Gel.mp3
Jul 12 14:21 : update: added /mor ve 칬tesi - D칲nyaya Bedel.mp3
Jul 12 14:21 : update: added /Sena 룐ner - 칂ok Ge칞 Kald캼n.mp3
Jul 12 14:21 : update: added /Sena 룐ner - Porselen Kalbim.mp3
Jul 12 14:21 : update: added /Rei 6 - Bu릇sunda Kaybolurken.mp3
Jul 12 14:21 : update: updating /Neva - Sana Teslim Oldum.mp3
Jul 12 14:21 : update: added /Baturalp - Ay Bile Baksa G칬zlerine Tutulur.mp3
Jul 12 14:21 : update: added /Baba Zula - Gerekli 른yler (feat. 칐zkan U릇r).mp3
Jul 12 14:21 : update: updating /Bagzilari - Yoldan 칂캼k캼cam.mp3
Jul 12 14:21 : update: added /Bed칲k - Intergalactic.mp3
Jul 12 14:21 : update: added /Birkan Nasuho륿u - Aram캼zda Engeller.mp3
Jul 12 14:21 : update: added /Burak Can Bayar - Sen Olmadan 칐nce.mp3
Jul 12 14:21 : update: added /B칖Y칖K EV ABLUKADA - Arayan Bulur.mp3
Jul 12 14:21 : update: added /B칲y칲k Ev Ablukada - HEPS캻NE NE FENA.mp3
Jul 12 14:21 : update: added /Canozan - 칐n Koltuk.mp3
Jul 12 14:21 : update: updating /Canozan, Melis Yelman, Ufuk Kevser - Bi' Sorunum Var.mp3
Jul 12 14:21 : update: updating /Dolu Kadehi Ters Tut - Dolu Kadehi Ters Tut ft. Seda Erciyes - Y칲ksek.mp3
Jul 12 14:21 : update: added /Dolu Kadehi Ters Tut - Islans캼n.mp3
Jul 12 14:21 : update: added /Ekin Beril - Uzay캼n Dibi.mp3
Jul 12 14:21 : update: updating /Emir Can Igrek - Felfena.mp3
Jul 12 14:21 : update: added /Esin 캻ris - 칐p Diye.mp3
Jul 12 14:21 : update: added /Evdeki Saat - Evdeki Saat - Dibi Ne Kadar (Official Video).mp3
Jul 12 14:21 : update: added /Feride Hilal Ak캼n, Sheyh Ree - 캻stanbul'da A륾.mp3
Jul 12 14:21 : update: added /Gaye Su Akyol, Pick a Piper - Berdu (Pick a Piper Remix).mp3
Jul 12 14:21 : update: added /Hey! Douglas - Ayva Cicek Acmis.mp3
Jul 12 14:21 : update: added /Hey! Douglas - Duruyor D칲nya.mp3
Jul 12 14:21 : update: added /캻kiye On Kala - 캻kiye On Kala - Al Beni Bas Yaralar캼na.mp3
Jul 12 14:21 : update: added /캻kiye On Kala - 캻kiye On Kala- Bana Gel Deme.mp3
Jul 12 14:21 : update: added /Jabbar - Cesaretsizce Olmuyor.mp3
Jul 12 14:21 : update: added /Jabbar - Sen Git.mp3
Jul 12 14:21 : update: added /Jakuzi - Istedigin Gibi Kullan.mp3
Jul 12 14:21 : update: added /Jakuzi - Jakuzi - Koca Bir Sa칞mal캼k.mp3
Jul 12 14:21 : update: updating /Kaan Bosnak - 캻칞i Dolu Her 룐yim.mp3
Jul 12 14:21 : update: added /Kaan Bo릁ak - Kaan Bo릁ak - Benimle Kayboldun.mp3
Jul 12 14:21 : update: added /Kalben - 칂ek.mp3
Jul 12 14:21 : update: added /Karakter - Ge칞enler.mp3
Jul 12 14:21 : update: added /Kendimden Hallice - Neye G칬re Yanl캼.mp3
Jul 12 14:21 : update: updating /KOFN - Bi' Tek Ben Anlarim.mp3
Jul 12 14:21 : update: added /Lalalar - Yamyam.mp3
Jul 12 14:21 : update: added /Mabel Matiz - A Can캼m.mp3
Jul 12 14:21 : update: added /Melek Mosso - Hayat캼m Kaym캼.mp3
Jul 12 14:21 : update: added /Multitap - Battaniyem.mp3
Jul 12 14:21 : update: added /Nil Karaibrahimgil - Nil Karaibrahimgil - Diskotek.mp3
Jul 12 14:21 : update: added /Nova Norda - Nova Norda - Kuzeye Ka칞! (Official Video).mp3
Jul 12 14:21 : update: added /Palmiyeler - Orman.mp3
Jul 12 14:21 : update: added /pavyonberlin - Yoku.mp3
Jul 12 14:21 : update: added /SATTAS - Eskitilmi.mp3
Jul 12 14:21 : update: added /룐hin르h - Yaz Ya릀urum (feat. Onur Betin).mp3
Jul 12 14:21 : update: added /Soft Analog - Ne Kadar Uza캼m.mp3
Jul 12 14:21 : update: added /Son Feci Bisiklet - Son Feci Bisiklet - Bu K캼z.mp3
Jul 12 14:21 : update: added /Son Feci Bisiklet - Uzaydan Geldi를ne G칬re Yorgun Olmal캼s캼n.mp3
Jul 12 14:21 : update: added /Y칲zy칲zeyken Konu릇ruz - Kendi Evimde Deplasmanday캼m.mp3
Jul 12 14:21 : update: added /Bagzilari - Gitme So릇kta.mp3
Jul 12 14:21 : update: added /Batuhan Kordel - Batuhan Kordel - S캼cak 료rap.mp3
Jul 12 14:21 : update: added /Dolu Kadehi Ters Tut - Yang캼n.mp3
Jul 12 14:21 : update: added /Ege Can Sal - Ba르 Sar.mp3
Jul 12 14:21 : update: added /Emir Can 캻rek - Saman Sar캼s캼.mp3
Jul 12 14:21 : update: added /G칬khan T칲rkmen - A륾.mp3
Jul 12 14:21 : update: added /G칬khan T칲rkmen - Mah른r.mp3
Jul 12 14:21 : update: added /IKILEM - BIR SEBEBI VAR .mp3
Jul 12 14:21 : update: added /캻kiye On Kala - 캻kiye On Kala - B칲t칲n 캻stanbul Biliyo.mp3
Jul 12 14:21 : update: added /캻kiye On Kala - 캻kiye On Kala - Kafamda Kentsel D칬n칲칲mler.mp3
Jul 12 14:21 : update: added /Kaan Bo릁ak - Barbar.mp3
Jul 12 14:21 : update: added /Madrigal - Madrigal - Ne Zamand캼r Sendeyim.mp3
Jul 12 14:21 : update: added /Yoklukta Gider - Banaysa 칂캼kmazlar (V2).mp3
Jul 12 14:21 : update: added /Yuzyuzeyken Konusuruz - Sandal.mp3
Jul 12 14:21 : update: added /Y칲zy칲zeyken Konu릇ruz - Uykusuz ve Dengesiz.mp3
Jul 12 14:21 : update: added /Athena - Kime Ne.mp3
Jul 12 14:21 : update: added /Bar캼 Akarsu - Yaz Demedim.mp3
Jul 12 14:21 : update: added /Can Bonomo - Bardak Ta캼yor.mp3
Jul 12 14:21 : update: added /Can Bonomo - Tastamam.mp3
Jul 12 14:21 : update: added /Demir Demirkan - Gitti Gider.mp3
Jul 12 14:21 : update: added /Duman - Bu Ak르m (Akustik).mp3
Jul 12 14:21 : update: added /Duman - Dibine Kadar.mp3
Jul 12 14:21 : update: added /Duman - Hayat캼 Ya르.mp3
Jul 12 14:21 : update: added /Duman - K칬pr칲alt캼.mp3
Jul 12 14:21 : update: added /Emre Aydin - Afili Yaln캼zl캼k.mp3
Jul 12 14:21 : update: added /Erdem Yener - Bana Yalan S칬ylediler.mp3
Jul 12 14:21 : update: added /Fl칬rt - Lan O륿um B칬yle Olmaz.mp3
Jul 12 14:21 : update: added /Gripin - Belki 칂ok Da 룐y Yapmamak Laz캼m.mp3
Jul 12 14:21 : update: added /Gripin - Yaln캼zl캼캼n 칂aresini Bulmu륿ar.mp3
Jul 12 14:21 : update: added /Kargo - Y캼ld캼zlar캼n Alt캼nda.mp3
Jul 12 14:21 : update: added /Kolpa - Beni A륾a 캻nand캼r.mp3
Jul 12 14:21 : update: added /Kolpa - B칬yle Ayr캼l캼k Olmaz.mp3
Jul 12 14:21 : update: added /maNga - Bir Kad캼n 칂izeceksin.mp3
Jul 12 14:21 : update: added /maNga - Bitti R칲ya.mp3
Jul 12 14:21 : update: added /maNga - D칲nyan캼n Sonuna Do릀u릇m.mp3
Jul 12 14:21 : update: added /MF칐 - Olduramad캼m.mp3
Jul 12 14:21 : update: added /Mirkelam - Asuman Pansuman.mp3
Jul 12 14:21 : update: added /Mor ve 칐tesi - Cambaz.mp3
Jul 12 14:21 : update: added /Og칲n Sanlisoy - Saydim.mp3
Jul 12 14:21 : update: added /Omark - E르rb캼n캼 Yan Ba륿ama.mp3
Jul 12 14:21 : update: added /Pamela - Istanbul.mp3
Jul 12 14:21 : update: added /Papyon - Aya Bak.mp3
Jul 12 14:21 : update: added /Pinhani - Hele Bi Gel.mp3
Jul 12 14:21 : update: added /Redd - Masal.mp3
Jul 12 14:21 : update: added /RockA - RockA _ 칐l칲r칲m Sana 游댠 [Official].mp3
Jul 12 14:21 : update: added /룐bnem Ferah - Vazge칞tim D칲nyadan.mp3
Jul 12 14:21 : update: added /Seksend칬rt - Hayir Olamaz.mp3
Jul 12 14:21 : update: added /Seksend칬rt - Kendime Yalan S칬yledim.mp3
Jul 12 14:21 : update: added /Teoman - O Yaz.mp3
Jul 12 14:21 : update: added /Teoman - Renkli R칲yalar Oteli.mp3
Jul 12 14:21 : update: added /Umut Kaya - Bana Kelime Yapma.mp3
Jul 12 14:21 : update: added /Umut Kaya - Mor Yazma.mp3
Jul 12 14:21 : update: added /Vera - A륾 Yaras캼.mp3
Jul 12 14:21 : update: added /Y칲ksek Sadakat - Haydi Gel 캻칞elim.mp3
Jul 12 14:21 : update: added /Y칲ksek Sadakat - Kafile.mp3
Jul 12 14:21 : update: updating /Can Ko칞 - G칬ky칲z칲n칲 Tutamam.mp3
Jul 12 14:21 : update: added /Mavi Gri - Mavi Gri - D칲nyan캼n En G칲zel K캼z캼 (Lyrics Video).mp3
Jul 12 14:21 : update: added /Ba릌캼lar캼 - Zaten K캼r캼lm캼 Bir K캼zs캼n.mp3
Jul 12 14:21 : update: added /Can Bonomo - Kal Bug칲n.mp3
Jul 12 14:21 : update: added /Cem K캼smet - Haram Geceler.mp3
Jul 12 14:21 : update: added /Ceylan Ertem - Zal캼m.mp3
Jul 12 14:21 : update: added /C칲neyt Dikta - M캼r캼n K캼r캼n.mp3
Jul 12 14:21 : update: added /Emre Ayd캼n - Beni Vurup Yerde B캼rakma.mp3
Jul 12 14:21 : update: added /emre ayd캼n - Her 룐y Biraz Hala Sen.mp3
Jul 12 14:21 : update: added /Emre Ayd캼n - Sen Beni Unutamazs캼n.mp3
Jul 12 14:21 : update: added /Eskitilmi Yaz - Uyursam Ge칞er Mi_.mp3
Jul 12 14:21 : update: added /Gripin - Beni Bo Yere Yorma.mp3
Jul 12 14:21 : update: added /Kahraman Deniz - B칬yle Sever.mp3
Jul 12 14:21 : update: added /Kahraman Deniz - Su칞 Mahalli.mp3
Jul 12 14:21 : update: added /Kalben - Sadece.mp3
Jul 12 14:21 : update: added /Kolpa, Yaprak 칂aml캼ca - Unutmad캼m.mp3
Jul 12 14:21 : update: added /Koray Avc캼 - A륾 Sana Benzer.mp3
Jul 12 14:21 : update: added /maNga - Yad Eller.mp3
Jul 12 14:21 : update: added /Mavi Gri - Mavi Gri - Alt칲st Olmu릇m.mp3
Jul 12 14:21 : update: added /Model - Mey.mp3
Jul 12 14:21 : update: added /MuzikPlay - Can Bonomo - Tastamam (Official Video).mp3
Jul 12 14:21 : update: added /netd m칲zik - Kolpa - Gurur Benim Neyime.mp3
Jul 12 14:21 : update: added /Pera - Sensiz Ben.mp3
Jul 12 14:21 : update: added /Pera band - PERA - Seni Seviyorum (Official Video).mp3
Jul 12 14:21 : update: added /Ravi - G칲zel Kad캼n.mp3
Jul 12 14:21 : update: added /Seksend칬rt - 칐l칲r칲m Hasretinle.mp3
Jul 12 14:21 : update: added /Seksend칬rt - Yorma.mp3
Jul 12 14:21 : update: added /Sena 룐ner - Sevmemeliyiz.mp3
Jul 12 14:21 : update: added /Son Feci Bisiklet - Galiba Sevmiyorlar.mp3
Jul 12 14:21 : update: added /Sufle - Pus.mp3
Jul 12 14:21 : update: added /Teoman - N'apim Tabiat캼m B칬yle.mp3
Jul 12 14:21 : update: added /TNK - A륾캼 Harcaman캼n 80 Yolu.mp3
Jul 12 14:21 : update: added /Tugkan - Sen Benim.mp3
Jul 12 14:21 : update: added /Ufuk Beydemir - Ay Tenli Kad캼n.mp3
Jul 12 14:21 : update: added /Ufuk Beydemir - Y칲re를mdesin (Akustik).mp3
Jul 12 14:21 : update: added /Ufuk 칂al캼륾an - Unutmak 캻stiyorum.mp3
Jul 12 14:21 : update: added /Vera - Saklan캼r Nisan.mp3
Jul 12 14:21 : update: added /Ya륿캼 Amca - Ya륿캼 Amca - Giderdi Ho릇ma.mp3
Jul 12 14:21 : update: added /Ya륿캼 Amca - Y캼ld캼zlara Bak.mp3
Jul 12 14:21 : update: added /yirmi7 - Sokak Lambas캼.mp3
Jul 12 14:21 : update: added /yirmi7 - yirmi7 - Muhtemel A륾.mp3
Jul 12 14:21 : update: added /Zakkum - Hat캼ran Yeter.mp3
Jul 12 14:21 : update: added /Zakkum - M칲saade Senin.mp3
Jul 12 14:21 : update: added /Athena - Kafama G칬re.mp3
Jul 12 14:21 : update: added /Model - Pembe Mezarl캼k.mp3
Jul 12 14:21 : update: added /Mor ve 칐tesi - Bir Derdim Var.mp3
Jul 12 14:21 : update: added /Pera - A륿a.mp3
Jul 12 14:21 : update: added /7_rings.mp3
Jul 12 14:21 : update: added /365.mp3
Jul 12 14:21 : update: added /366.G칲n.mp3
Jul 12 14:21 : update: added /2013.mp3
Jul 12 14:21 : update: added /Acelesi_Yok.mp3
Jul 12 14:21 : update: added /A칞캼k Deniz.mp3
Jul 12 14:21 : update: added /Ac캼sa_da_칐ld칲rmez.mp3
Jul 12 14:21 : update: added /Adamlar - Benden Bana.mp3
Jul 12 14:21 : update: added /Adamlar - Derine 캻ndik.mp3
Jul 12 14:21 : update: added /Adamlar - Doldum.mp3
Jul 12 14:21 : update: added /Adamlar - Felek.mp3
Jul 12 14:21 : update: added /Adamlar - Kap캼s캼 Kapal캼 (Official Audio).mp3
Jul 12 14:21 : update: added /Adamlar - Ko릀adan (Official Audio).mp3
Jul 12 14:21 : update: added /Adamlar - Utanmazsan Unutmam (Official Audio).mp3
Jul 12 14:21 : update: added /Affet.mp3
Jul 12 14:21 : update: added /Afitap.mp3
Jul 12 14:21 : update: added /A캼r_Roman.mp3
Jul 12 14:21 : update: added /A륿a_Sevgili_Yurdum.mp3
Jul 12 14:21 : update: added /A륿a.mp3
Jul 12 14:21 : update: added /A륿amam Zaman Ald캼 (캻nkar).mp3
Jul 12 14:21 : update: added /Ar캼.mp3
Jul 12 14:21 : update: added /Ah Bu 료rk캼lar캼n G칬z칲 K칬r Olsun (feat. Hande Mehan)(MP3_160K)_1.mp3
Jul 12 14:21 : update: added /Ah_Benim_Hayat캼m.mp3
Jul 12 14:21 : update: added /Ah_Bu_Ben.mp3
Jul 12 14:21 : update: added /Ah_칂ok_G칲zelsin.mp3
Jul 12 14:21 : update: added /Akl캼m_Hep_Firarda.mp3
Jul 12 14:21 : update: added /Ak르m_Olur_Karanl캼르_Kal캼rs캼n.mp3
Jul 12 14:21 : update: added /Al Gece Yar캼lar캼m캼 Benden.mp3
Jul 12 14:21 : update: added /Alain_Delon.mp3
Jul 12 14:21 : update: added /Ald캼m Ba캼m캼 Gidiyorum.mp3
Jul 12 14:21 : update: added /Alelade.mp3
Jul 12 14:21 : update: added /Ali Ay른'yi Seviyor.mp3
Jul 12 14:21 : update: added /AliFiru  htilal Official Video.mp3
Jul 12 14:21 : update: added /Alive.mp3
Jul 12 14:21 : update: added /All of me.mp3
Jul 12 14:21 : update: added /All Roads Lead Home (Hobbs & Shaw Remix).mp3
Jul 12 14:21 : update: added /All We Know.mp3
Jul 12 14:21 : update: added /Animals.mp3
Jul 12 14:21 : update: added /An캼s캼 Kalm캼릆캼r.mp3
Jul 12 14:21 : update: added /Anlam.mp3
Jul 12 14:21 : update: added /Arada Bir.mp3
Jul 12 14:21 : update: added /Araf (Canl캼).mp3
Jul 12 14:21 : update: added /A륾 Bitti.mp3
Jul 12 14:21 : update: added /A륾 Dedi를n 칐lmez Yok Yere.mp3
Jul 12 14:21 : update: added /A륾 Dedi를n.mp3
Jul 12 14:21 : update: added /A륾 Kitab캼.mp3
Jul 12 14:21 : update: added /A륾_Nerden_Nereye.mp3
Jul 12 14:21 : update: added /A륾_Olsun.mp3
Jul 12 14:21 : update: added /A륾_Pay캼_(St칲dyoda).mp3
Jul 12 14:21 : update: added /A륾_Tad캼nda.mp3
Jul 12 14:21 : update: added /A륾_Yasal_Cinayet.mp3
Jul 12 14:21 : update: added /A륾_Zaman캼.mp3
Jul 12 14:21 : update: added /A륾캼n_Olay캼m.mp3
Jul 12 14:21 : update: added /A륾캼nla_Yand캼m_(Turk_Rock_Collection).mp3
Jul 12 14:21 : update: added /A륾tan_칐te.mp3
Jul 12 14:21 : update: added /Aslan Gibi.mp3
Jul 12 14:21 : update: added /Ate륿e_Oynama.mp3
Jul 12 14:21 : update: added /Ay_Tenli_Kad캼n.mp3
Jul 12 14:21 : update: added /Ayda_H칲z칲n.mp3
Jul 12 14:21 : update: added /Ayr캼l캼k_Ac캼_Bir른y.mp3
Jul 12 14:21 : update: added /Ayr캼l캼k_Hasreti_K칙r_Etti_Cana.mp3
Jul 12 14:21 : update: added /Ayr캼l캼k_Zor.mp3
Jul 12 14:21 : update: added /Azad.mp3
Jul 12 14:21 : update: added /Back_To_Black.mp3
Jul 12 14:21 : update: added /Back_To_You.mp3
Jul 12 14:21 : update: added /Bad_boy.mp3
Jul 12 14:21 : update: added /Bad_Liar.mp3
Jul 12 14:21 : update: added /Ba릌캼lar캼_-_All캼_Turnam.mp3
Jul 12 14:21 : update: added /Bahsetmem_Laz캼m.mp3
Jul 12 14:21 : update: added /Bak.mp3
Jul 12 14:21 : update: added /Bana_Bir_료rk캼_S칬yle.mp3
Jul 12 14:21 : update: added /Bana_Ellerini_Ver_(From_'Kiraz_Mevsimi').mp3
Jul 12 14:21 : update: added /Bana_칐yle_Bakma.mp3
Jul 12 14:21 : update: added /Bana_Sorma_(feat._Melek_Mosso).mp3
Jul 12 14:21 : update: added /Bana_Su_G칬nder_Oralardan.mp3
Jul 12 14:21 : update: added /Bana_Yalan_S칬ylediler_(Film_Olmu_료rk캼lar).mp3
Jul 12 14:21 : update: added /Bang_Bang.mp3
Jul 12 14:21 : update: added /Banklarda_M캼_Yatay캼m.mp3
Jul 12 14:21 : update: added /BARABAR_-_Y칲r칲yorum_Dikenlerin_칖st칲nde.mp3
Jul 12 14:21 : update: added /Bar캼_Akarsu_-_Islak_Islak.mp3
Jul 12 14:21 : update: added /Bar캼_Akarsu_-_Mavi.mp3
Jul 12 14:21 : update: added /Bar캼_Akarsu_-_R칲zgar.mp3
Jul 12 14:21 : update: added /Battaniyem.mp3
Jul 12 14:21 : update: added /Baytar.mp3
Jul 12 14:21 : update: added /Bazen.mp3
Jul 12 14:21 : update: added /Baz캼_룐yler_Telefonda_Eksik_Anlat캼l캼r.mp3
Jul 12 14:21 : update: added /Bekle_Dedi_Gitti_(칂izik).mp3
Jul 12 14:21 : update: added /Believer.mp3
Jul 12 14:21 : update: added /Belki_Bir_G칲n.mp3
Jul 12 14:21 : update: added /Belki_De_D칬nerim.mp3
Jul 12 14:21 : update: added /Belki_칖st칲m칲zden_Bir_Ku_Ge칞er.mp3
Jul 12 14:21 : update: added /Ben_Bana.mp3
Jul 12 14:21 : update: added /Ben_Bir_K칲칞칲k_Harfim.mp3
Jul 12 14:21 : update: added /Ben_Bir_Tek_Kad캼n_(Adam)_Sevdim.mp3
Jul 12 14:21 : update: added /Ben_Bu_Kafayla_Nap캼cam.mp3
Jul 12 14:21 : update: added /Ben_Ne_Yang캼nlar_Gord칲m.mp3
Jul 12 14:21 : update: added /Ben_칐ld칲m.mp3
Jul 12 14:21 : update: added /Ben_Sende_Yand캼m.mp3
Jul 12 14:21 : update: added /Ben_Seni_Sevdu릇mi.mp3
Jul 12 14:21 : update: added /Ben_Yoruldum_Hayat.mp3
Jul 12 14:21 : update: added /Bende_Bir_Problem_Var.mp3
Jul 12 14:21 : update: added /Beni_Al.mp3
Jul 12 14:21 : update: added /Beni_A륾a_캻nand캼r.mp3
Jul 12 14:21 : update: added /Beni_B캼rakma.mp3
Jul 12 14:21 : update: added /Beni_Bo_Yere_Yorma.mp3
Jul 12 14:21 : update: added /Beni_Hat캼rla.mp3
Jul 12 14:21 : update: added /Beni_Sen_캻nand캼r.mp3
Jul 12 14:21 : update: added /Beni_Vur_(Akustik).mp3
Jul 12 14:21 : update: added /Beni_Vur.mp3
Jul 12 14:21 : update: added /Beni_Vurup_Yerde_B캼rakma.mp3
Jul 12 14:21 : update: added /Benim_G칬칲m_Ol.mp3
Jul 12 14:21 : update: added /Benim_Tatl캼_Kanserim.mp3
Jul 12 14:21 : update: added /Benimle_Gel.mp3
Jul 12 14:21 : update: added /BERGEN- SEN AFFETSEN BEN AFFETMEM(MP3_160K)_1.mp3
Jul 12 14:21 : update: added /Beyaz_Skandal캼m.mp3
Jul 12 14:21 : update: added /Bir_Ay_Do르r.mp3
Jul 12 14:21 : update: added /Bir_Bilebilsen.mp3
Jul 12 14:21 : update: added /Bir_칂aresi_Bulunur.mp3
Jul 12 14:21 : update: added /Bir_K캼_Masal캼.mp3
Jul 12 14:21 : update: added /Bir_료rk캼_S칬ylerim.mp3
Jul 12 14:21 : update: added /Bir_Vagon_Penceresinden.mp3
Jul 12 14:21 : update: added /Bir_Yaz_Daha_Bitiyor.mp3
Jul 12 14:21 : update: added /Bir.mp3
Jul 12 14:21 : update: added /Biraz_Orman_Biraz_Deniz.mp3
Jul 12 14:21 : update: added /Birden_Geldin_Akl캼ma_(feat._Sena_룐ner).mp3
Jul 12 14:21 : update: added /Bize_Susmak_Yak캼캼r_(칐fke).mp3
Jul 12 14:21 : update: added /B캼rak.mp3
Jul 12 14:21 : update: added /Black_Sea.mp3
Jul 12 14:21 : update: added /Bodrum.mp3
Jul 12 14:21 : update: added /Bo르z'da_Yang캼n_Var.mp3
Jul 12 14:21 : update: added /Bo_Yere.mp3
Jul 12 14:21 : update: added /B칬yle_Kahpedir_D칲nya.mp3
Jul 12 14:21 : update: added /B칬yle_Sever.mp3
Jul 12 14:21 : update: added /break_up_with_your_girlfriend,_i'm_bored.mp3
Jul 12 14:21 : update: added /Bring Me The Horizon - Parasite Eve (Official Video)(MP3_160K)_1.mp3
Jul 12 14:21 : update: added /Bu_Can_Senin.mp3
Jul 12 14:21 : update: added /Bu_Havada_Gidilmez.mp3
Jul 12 14:21 : update: added /Bu_Kente_Bir_Daha_Gel.mp3
Jul 12 14:21 : update: added /Bu_K캼z.mp3
Jul 12 14:21 : update: added /Bu_Matem_Dolu_Cennet.mp3
Jul 12 14:21 : update: added /Bu_Sabah_Ya릀ur_Var_캻stanbul'da.mp3
Jul 12 14:21 : update: added /Bu_Son_Olsun.mp3
Jul 12 14:21 : update: added /Bu_Y칲zden.mp3
Jul 12 14:21 : update: added /Bug칲n_I칞icem.mp3
Jul 12 14:21 : update: added /Buzdan_료to.mp3
Jul 12 14:21 : update: added /칂a르n_룐ng칲l_-_Delirdim.mp3
Jul 12 14:21 : update: added /칂a르n_룐ng칲l_&_Yasir_Miy_-_Seni_Kaybettim.mp3
Jul 12 14:21 : update: added /칂a르n_룐ng칲l_&_Yasir_Miy_-_Tenha.mp3
Jul 12 14:21 : update: added /칂a르n_룐ng칲l_&_Yasir_Miy_&_Lalfizu_-_Y캼ld캼zlara_(Official_Video).mp3
Jul 12 14:21 : update: added /칂al_Kemanc캼.mp3
Jul 12 14:21 : update: added /Call_You_Mine.mp3
Jul 12 14:21 : update: added /Cam_G칲zelleri_(H칲sn칲_Arkan)_Video_Klip_[4K]_2019.mp3
Jul 12 14:21 : update: added /Cambaz_(Canl캼).mp3
Jul 12 14:21 : update: added /Can Ozan - Sar Bu 룐hri(MP3_160K)_1.mp3
Jul 12 14:21 : update: added /Can_Dostum.mp3
Jul 12 14:21 : update: added /Can_Kazaz_-_Ke륾e_Uyuyabilsem.mp3
Jul 12 14:21 : update: added /Can_Kazaz_-_S칲rekli_Dert_(Acoustic)_ft._Deniz_칐zdoru.mp3
Jul 12 14:21 : update: added /Can_Kazaz_-_S칲rs칲n_Bahar.mp3
Jul 12 14:21 : update: added /Can_Ozan_ve_Deniz_Tekin_-_Bakt캼n_Olmuyo.mp3
Jul 12 14:21 : update: added /Canavar.mp3
Jul 12 14:21 : update: added /Canimin_Yarisi.mp3
Jul 12 14:21 : update: added /칂at캼_Kat캼.mp3
Jul 12 14:21 : update: added /칞at캼kat캼 - biri seni(MP3_160K)_1.mp3
Jul 12 14:21 : update: added /Cem Adrian   Neredesin Sen(MP3_160K)_1.mp3
Jul 12 14:21 : update: added /Cem Adrian _ Aylin Asl캼m - Herkes Gider Mi _(MP3_160K)_1.mp3
Jul 12 14:21 : update: added /Cem Adrian - Ben Seni 칂ok Sevdim (Official Audio)(MP3_160K)_1.mp3
Jul 12 14:21 : update: added /Cem Adrian - Beni Affet Bu Gece (Official Audio)(MP3_160K)_1.mp3
Jul 12 14:21 : update: added /Cem Adrian - De릀en Benim (Live)(MP3_160K)_1.mp3
Jul 12 14:21 : update: added /Cem Adrian - Ela G칬zl칲m (Official Audio)(MP3_160K)_1.mp3
Jul 12 14:21 : update: added /Cem Adrian - Mutlu Y캼llar(MP3_160K)_1.mp3
Jul 12 14:21 : update: added /Cem_Adrian_-_Kum_Gibi_(칂ukur_Canl캼_Performans).mp3
Jul 12 14:21 : update: added /Cemil_Demirbakan_-_Bu_Hesap_Tutar_M캼_(Official_Video).mp3
Jul 12 14:21 : update: added /Ceren_G칲ndo륷u_-_Ben_Hep_Seni_Sevdim.mp3
Jul 12 14:21 : update: added /Ceren_G칲ndo륷u_-_Kay캼p.mp3
Jul 12 14:21 : update: added /Cesaretin_Var_m캼_A륾a.mp3
Jul 12 14:21 : update: added /Cevaps캼z_Sorular.mp3
Jul 12 14:21 : update: added /Ceyl_an Ertem - U칞urtma ft. Cihan Murtezaoglu(MP3_160K)_1.mp3
Jul 12 14:21 : update: added /Chandelier.mp3
Jul 12 14:21 : update: added /Chantaje.mp3
Jul 12 14:21 : update: added /칂i칞ekten_D칲릆칲m_(feat._Ayfer_Vardar).mp3
Jul 12 14:21 : update: added /Cihan_M칲rtezao륿u_&_Pinh칙ni_-_Bir_Beyaz_Orkide.mp3
Jul 12 14:21 : update: added /칂캼kmaz_Sokak.mp3
Jul 12 14:21 : update: added /Closer.mp3
Jul 12 14:21 : update: added /칂ocuk.mp3
Jul 12 14:21 : update: added /Come_with_Me_Now.mp3
Jul 12 14:21 : update: added /칂칲r칲s칲n_Gelinli를m.mp3
Jul 12 14:21 : update: added /Da륿ar.mp3
Jul 12 14:21 : update: added /Damla_Damla.mp3
Jul 12 14:21 : update: added /Dans_Et.mp3
Jul 12 14:21 : update: added /Danza_Kuduro.mp3
Jul 12 14:21 : update: added /Dar_D칲nya_Bana.mp3
Jul 12 14:21 : update: added /Dayanamam_(feat._칐zlem_Tekin).mp3
Jul 12 14:21 : update: added /Defans_-_Konu_Benimle.mp3
Jul 12 14:21 : update: added /Defoluyorum.mp3
Jul 12 14:21 : update: added /De릀esin_Ellerimiz_(Akustik).mp3
Jul 12 14:21 : update: added /De릀esin_Ellerimiz.mp3
Jul 12 14:21 : update: added /Delacey_-_Dream_It_Possible.mp3
Jul 12 14:21 : update: added /Delinin_Y캼ld캼z캼.mp3
Jul 12 14:21 : update: added /Deniz_Anlat캼yor_Mu_Beni_Sana.mp3
Jul 12 14:21 : update: added /Deniz_칖st칲_K칬p칲r칲r.mp3
Jul 12 14:21 : update: added /Deniz_칖st칲nde_Fener.mp3
Jul 12 14:21 : update: added /Denize_Doru.mp3
Jul 12 14:21 : update: added /Deva_Bize_Sevi륿er.mp3
Jul 12 14:21 : update: added /Dibine_Kadar.mp3
Jul 12 14:21 : update: added /D캻DOM캻DO feat. EGLO G  - N캻MET(MP3_160K)_1.mp3
Jul 12 14:21 : update: added /Dile_Kolay_Kalbe_De를l.mp3
Jul 12 14:21 : update: added /Dinle_Beni_Bi'.mp3
Jul 12 14:21 : update: added /Do_I_Wanna_Know.mp3
Jul 12 14:21 : update: added /Do르l_Afetim.mp3
Jul 12 14:21 : update: added /Dokundu릇n_Gibi.mp3
Jul 12 14:21 : update: added /Doldur.mp3
Jul 12 14:21 : update: added /Dolu_Kadehi_Ters_Tut_-__22.mp3
Jul 12 14:21 : update: added /Dolu_Kadehi_Ters_Tut_-_Gizemli_Yolculuk_(Official_Audio).mp3
Jul 12 14:21 : update: added /Dolu_Kadehi_Ters_Tut_-_Yapma_N'olursun_(PBB).mp3
Jul 12 14:21 : update: added /D칬n_Demeyi_Unuttum.mp3
Jul 12 14:21 : update: added /Don't_Let_Me_Down.mp3
Jul 12 14:21 : update: added /Dostum_De를l_Uykular.mp3
Jul 12 14:21 : update: added /Dur.mp3
Jul 12 14:21 : update: added /Durma_Ya릀ur_Durma.mp3
Jul 12 14:21 : update: added /Dursun_Zaman.mp3
Jul 12 14:21 : update: added /D칲른rsem_Tut_Beni.mp3
Jul 12 14:21 : update: added /D칲륿er_Soka캼.mp3
Jul 12 14:21 : update: added /Duvar.mp3
Jul 12 14:21 : update: added /Ece Se칞kin - Olsun(MP3_160K)_1.mp3
Jul 12 14:21 : update: added /Efsaneyiz.mp3
Jul 12 14:21 : update: added /Egeli_Lodos.mp3
Jul 12 14:21 : update: added /Ego_Daglari.mp3
Jul 12 14:21 : update: added /Eksik_Bir_룐y.mp3
Jul 12 14:21 : update: added /Eksik_Kald캼m_(feat._칂a르n_룐ng칲l).mp3
Jul 12 14:21 : update: added /Elbette_칐leceksin.mp3
Jul 12 14:21 : update: added /Ele_G칲ne_Kar캼.mp3
Jul 12 14:21 : update: added /Elfida.mp3
Jul 12 14:21 : update: added /Elimde_D칲nya.mp3
Jul 12 14:21 : update: added /Eller_Aldi.mp3
Jul 12 14:21 : update: added /Ellerimde_칂i칞ekler.mp3
Jul 12 14:21 : update: added /Ellerinde_Ellerim.mp3
Jul 12 14:21 : update: added /Ellerinden_칐perim.mp3
Jul 12 14:21 : update: added /Emre_Azaklar_-_Seni_Ben_Nas캼l_Saklar캼m_(Official_Video).mp3
Jul 12 14:21 : update: added /En_Doru_Zaman.mp3
Jul 12 14:21 : update: added /En_Sevgili.mp3
Jul 12 14:21 : update: added /Engerek.mp3
Jul 12 14:21 : update: added /Era_Istrefi_-_Bonbon_(Official_Video).mp3
Jul 12 14:21 : update: added /Erkekler_A륿amaz.mp3
Jul 12 14:21 : update: added /Esaret.mp3
Jul 12 14:21 : update: added /Esen- Y칲zy칲zeyken Konu릇ruz (Ay칞a 칐zefe Cover)(MP3_160K)_1.mp3
Jul 12 14:21 : update: added /Esen.mp3
Jul 12 14:21 : update: added /Eski_Bahar_료rk캼s캼_(feat._G칬zde_칐ney)_(Sen_Oku).mp3
Jul 12 14:21 : update: added /Everybody_Hates_Me.mp3
Jul 12 14:21 : update: added /Evleniyormu릅un_Bug칲n.mp3
Jul 12 14:21 : update: added /Faded.mp3
Jul 12 14:21 : update: added /Fener.mp3
Jul 12 14:21 : update: added /Feride_Hilal_Ak캼n_-_Yok_Yok.mp3
Jul 12 14:21 : update: added /Firtinam.mp3
Jul 12 14:21 : update: added /F캼r칞a.mp3
Jul 12 14:21 : update: added /Flames.mp3
Jul 12 14:21 : update: added /Franco.mp3
Jul 12 14:21 : update: added /Gamzendeki_칂ukur_(feat._Hayko_Cepkin).mp3
Jul 12 14:21 : update: added /Garezi_Var.mp3
Jul 12 14:21 : update: added /Garibim.mp3
Jul 12 14:21 : update: added /Gaye_Su_Akyol_-_Bir_Yaral캼_Ku릆um_(Official_Video).mp3
Jul 12 14:21 : update: added /Gazapizm_-_Heyecan캼_Yok_(Official_Video)__Heyecan캼Yok.mp3
Jul 12 14:21 : update: added /Geber.mp3
Jul 12 14:21 : update: added /Gece_Gibi_G칬nl칲n.mp3
Jul 12 14:21 : update: added /Geceler_Kara_Tren.mp3
Jul 12 14:21 : update: added /Gecelerim.mp3
Jul 12 14:21 : update: added /Ge칞mi_Zaman.mp3
Jul 12 14:21 : update: added /Gecmisin_Yuku.mp3
Jul 12 14:21 : update: added /Gel_Sevelim.mp3
Jul 12 14:21 : update: added /Gelecekle_Randevum_Var.mp3
Jul 12 14:21 : update: added /Gelsin_Hayat_Bildi를_Gibi_(feat._Sezen_Aksu).mp3
Jul 12 14:21 : update: added /Gelsin_칐ps칲n_Kalbimi.mp3
Jul 12 14:21 : update: added /Gemiler.mp3
Jul 12 14:21 : update: added /Geri_D칬nemem.mp3
Jul 12 14:21 : update: added /Giderim.mp3
Jul 12 14:21 : update: added /Gidersen_(Saz_S칬z_Mavi).mp3
Jul 12 14:21 : update: added /Gidin.mp3
Jul 12 14:21 : update: added /Gidiyorum_Yolcu_Et.mp3
Jul 12 14:21 : update: added /Gitme_Kal_(feat._Y캼ld캼z_Tilbe).mp3
Jul 12 14:21 : update: added /Gitme_Kal_Bu_룐hirde.mp3
Jul 12 14:21 : update: added /Gitme_Sana_Muhtac캼m.mp3
Jul 12 14:21 : update: added /Gitsen_de.mp3
Jul 12 14:21 : update: added /Gizli_A륾_(feat._Hakan_Tun칞bilek).mp3
Jul 12 14:21 : update: added /G칬칞.mp3
Jul 12 14:21 : update: added /G칬칞men_Ku릇n_료rk캼s캼.mp3
Jul 12 14:21 : update: added /God's_Plan.mp3
Jul 12 14:21 : update: added /G칬khan_Ye를lkaya_-_Senin_룐hrin.mp3
Jul 12 14:21 : update: added /G칬ksel - Kur릇ni Renkler(MP3_160K)_1.mp3
Jul 12 14:21 : update: added /G칬k를n_Derin_-_Ay_I캼캼nda.mp3
Jul 12 14:21 : update: added /G칬ky칲z칲nde.mp3
Jul 12 14:21 : update: added /G칬lgen_Yeter.mp3
Jul 12 14:21 : update: added /G칬m칲n_Beni_칂ukura.mp3
Jul 12 14:21 : update: added /G칬n칲l_Yaras캼.mp3
Jul 12 14:21 : update: added /G칬zlerine_Teslimim.mp3
Jul 12 14:21 : update: added /Greta Van Fleet - Age of Machine (Official Video)(MP3_160K)_1.mp3
Jul 12 14:21 : update: added /GR캻__-_Korkak.mp3
Jul 12 14:21 : update: added /G칲l_Senin_Tenin.mp3
Jul 12 14:21 : update: added /G칲ler_칐zince_-_칐yle_Olsa_(Official_Video).mp3
Jul 12 14:21 : update: added /G칲llerin_캻칞inden.mp3
Jul 12 14:21 : update: added /G칲n_Gelir.mp3
Jul 12 14:21 : update: added /G칲nayd캼n_Sevgilim.mp3
Jul 12 14:21 : update: added /G칖NE_YER캻NDE.mp3
Jul 12 14:21 : update: added /G칲ne륿i_Bah칞e.mp3
Jul 12 14:21 : update: added /G칲nleri_Ba륿arken.mp3
Jul 12 14:21 : update: added /Guns N_ Roses - November Rain(MP3_160K)_1.mp3
Jul 12 14:21 : update: added /Gurur_Benim_Neyime.mp3
Jul 12 14:21 : update: added /Hadi_Ben_G칲ld칲r.mp3
Jul 12 14:21 : update: added /Hala.mp3
Jul 12 14:21 : update: added /Halledebilirdik.mp3
Jul 12 14:21 : update: added /Hani_Benim_Gen칞li를m.mp3
Jul 12 14:21 : update: added /Hapis_De_Yatar캼m.mp3
Jul 12 14:21 : update: added /Hasretinle_Yand캼_G칬nl칲m.mp3
Jul 12 14:21 : update: added /Hat캼ran_Yeter.mp3
Jul 12 14:21 : update: added /Havana.mp3
Jul 12 14:21 : update: added /Haydi_Gel_캻칞elim.mp3
Jul 12 14:21 : update: added /Haydi_S칬yle.mp3
Jul 12 14:21 : update: added /Hayko Cepkin - Bertaraf Et(MP3_160K)_1.mp3
Jul 12 14:21 : update: added /Hayko Cepkin - Yol G칬z칲m칲 Da륿캼yor(MP3_160K)_1.mp3
Jul 12 14:21 : update: added /Hazan_Nedir.mp3
Jul 12 14:21 : update: added /Hediye.mp3
Jul 12 14:21 : update: added /Helal_Olsun.mp3
Jul 12 14:21 : update: added /Hele_Bi_Ba륿a.mp3
Jul 12 14:21 : update: added /Hep_Oturup_Bekledim.mp3
Jul 12 14:21 : update: added /Hep_Sonradan.mp3
Jul 12 14:21 : update: added /Hep_Ya캼n_19.mp3
Jul 12 14:21 : update: added /Hepinize_El_Sallad캼m.mp3
Jul 12 14:21 : update: added /Her_Ak르m_'Sarho'.mp3
Jul 12 14:21 : update: added /Her_룐y_Bitmedi_Bitemez.mp3
Jul 12 14:21 : update: added /Her_룐y_Senle.mp3
Jul 12 14:21 : update: added /Her_룐y_Yolunda.mp3
Jul 12 14:21 : update: added /Her_룐yim.mp3
Jul 12 14:21 : update: added /Hey_Brother.mp3
Jul 12 14:21 : update: added /Hi칞_I캼k_Yok.mp3
Jul 12 14:21 : update: added /Ho_Hey.mp3
Jul 12 14:21 : update: added /Ho_Geldin_Ayr캼l캼르_(feat._Ece_Se칞kin).mp3
Jul 12 14:21 : update: added /Ho칞a_Kal.mp3
Jul 12 14:21 : update: added /Ho칞akal.mp3
Jul 12 14:21 : update: added /hostage.mp3
Jul 12 14:21 : update: added /Human.mp3
Jul 12 14:21 : update: added /H칲z칲n_Ho_Geldin.mp3
Jul 12 14:21 : update: added /I_Miss_You.mp3
Jul 12 14:21 : update: added /캻bocan.mp3
Jul 12 14:21 : update: added /캻칞ime_Sevda_Ka칞ar.mp3
Jul 12 14:21 : update: added /캻kimiz_de_Yorgunuz.mp3
Jul 12 14:21 : update: added /캻kimiz_Yaln캼z_De를liz.mp3
Jul 12 14:21 : update: added /캻lkbaharda_K캼yamet.mp3
Jul 12 14:21 : update: added /imagine.mp3
Jul 12 14:21 : update: added /캻mk칙ns캼z.mp3
Jul 12 14:21 : update: added /Indila - Derni칟re Danse (Clip Officiel)(MP3_160K)_1.mp3
Jul 12 14:21 : update: added /캻n르llah.mp3
Jul 12 14:21 : update: added /Insan_M캼y캼z_-_Vazge칞ilmiyor.mp3
Jul 12 14:21 : update: added /캻nsan_Sever_Bir_Kere.mp3
Jul 12 14:21 : update: added /캻ntizar - B칲y칲k 캻nsan(MP3_160K)_1.mp3
Jul 12 14:21 : update: added /캻rem_g칲rdal_sarma캼k.mp3
Jul 12 14:21 : update: added /I캼klar캼_S칬nd칲rseler_Bile.mp3
Jul 12 14:21 : update: added /Islak_Islak.mp3
Jul 12 14:21 : update: added /Iss캼z_Ada.mp3
Jul 12 14:21 : update: added /캻stanbul_캻stanbul_Olal캼.mp3
Jul 12 14:21 : update: added /캻stanbul'da_Sonbahar.mp3
Jul 12 14:21 : update: added /Iste_Oyle_Bir_Sey.mp3
Jul 12 14:21 : update: added /캻stemem_S칬z_Sevmeni.mp3
Jul 12 14:21 : update: added /Iyi_Ve_G칲zel_Kad캼nlar_Hep_A륿ar.mp3
Jul 12 14:21 : update: added /캻yile를yorum.mp3
Jul 12 14:21 : update: added /캻yile릀iyor.mp3
Jul 12 14:21 : update: added /캻zlerin_Duruyor.mp3
Jul 12 14:21 : update: added /Jehan Barbur - Selvi Boylum Al Yazmal캼m(MP3_160K)_1.mp3
Jul 12 14:21 : update: added /Kaan_Bo릁ak_-_Ne_farkeder.mp3
Jul 12 14:21 : update: added /Kadirhan_Ayter_-_Delip_Ge칞er.mp3
Jul 12 14:21 : update: added /Kafile.mp3
Jul 12 14:21 : update: added /Kahraman_Deniz_-_Hayat-Memat_Meselesi_(Lyrics___료rk캼_S칬zleri).mp3
Jul 12 14:21 : update: added /Kal_칐lene_Kadar.mp3
Jul 12 14:21 : update: added /Kal.mp3
Jul 12 14:21 : update: added /Kalabal캼klar.mp3
Jul 12 14:21 : update: added /Kalan_Giden_Benim.mp3
Jul 12 14:21 : update: added /Kalbe_K칬rd칲칲m.mp3
Jul 12 14:21 : update: added /Kalbim_칂ukurda_(feat._Gazapizm)_(Live).mp3
Jul 12 14:21 : update: added /Kand캼rm캼륿ar_A륾_Diye.mp3
Jul 12 14:21 : update: added /Kaptan.mp3
Jul 12 14:21 : update: added /Kar.mp3
Jul 12 14:21 : update: added /Kara_Orman.mp3
Jul 12 14:21 : update: added /Karadul.mp3
Jul 12 14:21 : update: added /Karanfil_Kokuyor_Cigaram.mp3
Jul 12 14:21 : update: added /karanfil.mp3
Jul 12 14:21 : update: added /Karanl캼르_Kar캼_Sen.mp3
Jul 12 14:21 : update: added /Kargalar.mp3
Jul 12 14:21 : update: added /Karsu - Jest Oldu(MP3_160K)_1.mp3
Jul 12 14:21 : update: added /Katil_&_Makt칲l.mp3
Jul 12 14:21 : update: added /Kehanet.mp3
Jul 12 14:21 : update: added /Kelebekler.mp3
Jul 12 14:21 : update: added /Kenar_S칲s칲.mp3
Jul 12 14:21 : update: added /Kendime_Yalan_S칬yledim.mp3
Jul 12 14:21 : update: added /Ki_Sen.mp3
Jul 12 14:21 : update: added /Kills_You_Slowly.mp3
Jul 12 14:21 : update: added /K캼r_D칲칲n칲.mp3
Jul 12 14:21 : update: added /K캼r_Papatyas캼.mp3
Jul 12 14:21 : update: added /K캼r캼k_Kalpler_Dura캼nda.mp3
Jul 12 14:21 : update: added /K캼r캼lmas캼n_Sesim.mp3
Jul 12 14:21 : update: added /K캼rm캼_Kalbini.mp3
Jul 12 14:21 : update: added /K캼_Ortas캼nda.mp3
Jul 12 14:21 : update: added /Koca_Ya륿캼_룔륾o_D칲nya.mp3
Jul 12 14:21 : update: added /Kolpa_&_Yaprak_칂aml캼ca_-_Unutmad캼m.mp3
Jul 12 14:21 : update: added /Korkak_(feat._G칬khan_T칲rkmen).mp3
Jul 12 14:21 : update: added /Korkma.mp3
Jul 12 14:21 : update: added /K칬른_Yast캼캼.mp3
Jul 12 14:21 : update: added /K칬t칲_룐yler.mp3
Jul 12 14:21 : update: added /Kovdum.mp3
Jul 12 14:21 : update: added /K칲칞칲k_Bir_A륾_Masal캼.mp3
Jul 12 14:21 : update: added /K칲칞칲k_Sevgilim.mp3
Jul 12 14:21 : update: added /Ku릇nun_A캼t캼.mp3
Jul 12 14:21 : update: added /K칲l_(Demli_Versiyon).mp3
Jul 12 14:21 : update: added /Kupa_K캼z캼_Ve_Sinek_Valesi.mp3
Jul 12 14:21 : update: added /Kur릇n.mp3
Jul 12 14:21 : update: added /Kur릇ni_Renkler.mp3
Jul 12 14:21 : update: added /Lacivert.mp3
Jul 12 14:21 : update: added /Lapa_Lapa.mp3
Jul 12 14:21 : update: added /Let_Me_Down_Slowly.mp3
Jul 12 14:21 : update: added /Levla_Vazge칞ti_(Depresyon).mp3
Jul 12 14:21 : update: added /Leyla.mp3
Jul 12 14:21 : update: added /Los_D칤as_Raros.mp3
Jul 12 14:21 : update: added /Lovesong.mp3
Jul 12 14:21 : update: added /Machine.mp3
Jul 12 14:21 : update: added /Madrigal - Seni Dert Etmeler (Official Audio)(MP3_160K)_1.mp3
Jul 12 14:21 : update: added /Make_You_Feel_My_Love.mp3
Jul 12 14:21 : update: added /Makyaj.mp3
Jul 12 14:21 : update: added /Malum.mp3
Jul 12 14:21 : update: added /Marshmello_&_Anne-Marie_-_FRIENDS_(Music_Video)__OFFICIAL_FRIENDZONE_ANTHEM.mp3
Jul 12 14:21 : update: added /Maya_Tutmaz.mp3
Jul 12 14:21 : update: added /May캼n_Tarlas캼.mp3
Jul 12 14:21 : update: added /Meczup.mp3
Jul 12 14:21 : update: added /Medet.mp3
Jul 12 14:21 : update: added /Melek Mosso - Keklik Gibi(MP3_128K)_1.mp3
Jul 12 14:21 : update: added /Melike 료hin - Deli Kan(MP3_160K)_1.mp3
Jul 12 14:21 : update: added /Melike Sahin - Geri Ver(MP3_160K)_1.mp3
Jul 12 14:21 : update: added /Melike_Sahin_-_Kimin_Izd캼rab캼.mp3
Jul 12 14:21 : update: added /Melike_료hin_-_Sevmek_Su칞sa_Su칞luyum.mp3
Jul 12 14:21 : update: added /Merhabalar.mp3
Jul 12 14:21 : update: added /Mey.mp3
Jul 12 14:21 : update: added /Meyhaneler_Sen....mp3
Jul 12 14:21 : update: added /Mihriban.mp3
Jul 12 14:21 : update: added /Minder.mp3
Jul 12 14:21 : update: added /mor_ve_칬tesi_-_'Oyunbozan'_(Canl캼_Senfonik_-_Aya_캻rini)___Official_Video.mp3
Jul 12 14:21 : update: added /mor_ve_칬tesi_-_'Uyan'_(Canl캼_Senfonik_-_Aya_캻rini)___Official_Video.mp3
Jul 12 14:21 : update: added /M칲badele_G칲nleri.mp3
Jul 12 14:21 : update: added /Mucize.mp3
Jul 12 14:21 : update: added /M칲ge_Emirgil_-_Yolculuk.mp3
Jul 12 14:21 : update: added /Muhbir.mp3
Jul 12 14:21 : update: added /Muhtemel_A륾.mp3
Jul 12 14:21 : update: added /M칲nferit.mp3
Jul 12 14:21 : update: added /M칲ptezel.mp3
Jul 12 14:21 : update: added /Murat G칬른bakan - Hasretinle yand캼 g칬nl칲m(MP3_160K)_1.mp3
Jul 12 14:21 : update: added /Musa_Ero륿u_&_Cem_Adrian_-_Yolun_Sonu_G칬r칲n칲yor.mp3
Jul 12 14:21 : update: added /M칲saade_Senin_(feat._Ceylan_K칬se).mp3
Jul 12 14:21 : update: added /M칲stehcen.mp3
Jul 12 14:21 : update: added /Mutluluk_Reklam캼.mp3
Jul 12 14:21 : update: added /Mutluyum_Ama_Birazdan_Ge칞er.mp3
Jul 12 14:21 : update: added /M칲zik_Kutusu.mp3
Jul 12 14:21 : update: added /Nafile.mp3
Jul 12 14:21 : update: added /Nalan.mp3
Jul 12 14:21 : update: added /Namus_Belas캼.mp3
Jul 12 14:21 : update: added /Nas캼l캼m_Biliyor_musun.mp3
Jul 12 14:21 : update: added /Natural.mp3
Jul 12 14:21 : update: added /Nazan_칐ncel_-_G칬칞.mp3
Jul 12 14:21 : update: added /Nazende_Sevgilim.mp3
Jul 12 14:21 : update: added /NAZLI 칐KS칖Z - Sa칞lar캼n (Ah O Sa칞lar캼n)(MP3_160K)_1.mp3
Jul 12 14:21 : update: added /Ne_G칲zel_G칲ld칲n.mp3
Jul 12 14:21 : update: added /Ne_Tuhaf_(feat._캻lhan_룐른n).mp3
Jul 12 14:21 : update: added /Neden_Bana_A륾_료rk캼s캼_Yazan_칂캼kmaz.mp3
Jul 12 14:21 : update: added /Neden.mp3
Jul 12 14:21 : update: added /Nefes_Bile_Almadan.mp3
Jul 12 14:21 : update: added /Neon_Jungle_-_Braveheart_(Official_Live_Performance).mp3
Jul 12 14:21 : update: added /Nereden_Bileceksiniz.mp3
Jul 12 14:21 : update: added /Nevermind.mp3
Jul 12 14:21 : update: added /Next_To_Me.mp3
Jul 12 14:21 : update: added /Nightwish - While Your Lips Are Still Red (OFFICIAL VIDEO)(MP3_160K)_1.mp3
Jul 12 14:21 : update: added /Nikah_Masas캼_(D칲칲m_Salonu_Orjinal_Film_M칲zi를).mp3
Jul 12 14:21 : update: added /Nilipek. - Herkese Yetecek Kadar (룐n Bakkal Live Session)(MP3_160K)_1.mp3
Jul 12 14:21 : update: added /Nilipek._-_G칬zleri_A륾a_G칲len.mp3
Jul 12 14:21 : update: added /Nil칲fer.mp3
Jul 12 14:21 : update: added /Ninni.mp3
Jul 12 14:21 : update: added /Nokta.mp3
Jul 12 14:21 : update: added /Nothing_Else_Matters.mp3
Jul 12 14:21 : update: added /칐lebilirim.mp3
Jul 12 14:21 : update: added /Olmayacak_Bir_Hayal.mp3
Jul 12 14:21 : update: added /Olmaz.mp3
Jul 12 14:21 : update: added /Olsun.mp3
Jul 12 14:21 : update: added /칐l칲m_Kal캼m_Meselesi.mp3
Jul 12 14:21 : update: added /칐l칲nce_Sevemezsem_Seni.mp3
Jul 12 14:21 : update: added /칐l칲r칲m_Hasretinle.mp3
Jul 12 14:21 : update: added /Oluruna_B캼rak.mp3
Jul 12 14:21 : update: added /Oluyorum.mp3
Jul 12 14:21 : update: added /칐mr칲m칲n_Sonbahar캼nda.mp3
Jul 12 14:21 : update: added /Omuzunda_Ku륿ar.mp3
Jul 12 14:21 : update: added /칐ndeyi.mp3
Jul 12 14:21 : update: added /One_And_Only.mp3
Jul 12 14:21 : update: added /One_Kiss.mp3
Jul 12 14:21 : update: added /Onlar_da_Yans캼n.mp3
Jul 12 14:21 : update: added /Onlar_Yanl캼_Biliyor.mp3
Jul 12 14:21 : update: added /Onur_Can_칐zcan_-_H칲z칲n_Ho_Geldin.mp3
Jul 12 14:21 : update: added /Onur_Can_칐zcan-칂캼kmaz_Sokak.mp3
Jul 12 14:21 : update: added /칐pme_Beni.mp3
Jul 12 14:21 : update: added /Orda_Ortada.mp3
Jul 12 14:21 : update: added /Organize 캻륿er Sazan Sarmal캼 _ Nil Karaibrahimgil - Buras캼 캻stanbul (Orijinal Film M칲zi를)(MP3_160K)_1.mp3
Jul 12 14:21 : update: added /칐yle_Dertli.mp3
Jul 12 14:21 : update: added /칐yle_Ki_Hasretimsin.mp3
Jul 12 14:21 : update: added /Ozbi_feat._Melek_Mosso_-_Hadi_Gittik_(Single)__BunlardanB캼kt캼mBen.mp3
Jul 12 14:21 : update: added /칐zge_Ertal_-_Bir_Derdim_Var.mp3
Jul 12 14:21 : update: added /Ozledim_Seni.mp3
Jul 12 14:21 : update: added /Pembe_Mezarl캼k.mp3
Jul 12 14:21 : update: added /PERA_-_Ayaz_(Lyric_Video).mp3
Jul 12 14:21 : update: added /PERA_-_Belki_de_A캼k_Oldun_(Official_Video).mp3
Jul 12 14:21 : update: added /PERA_-_Duvarlar_(Lyric_Video).mp3
Jul 12 14:21 : update: added /PERA_-_Ka칞mak_Ne_M칲mk칲n_(Lyric_Video).mp3
Jul 12 14:21 : update: added /PERA_-_칐yle_칂ok_(Lyric_Video).mp3
Jul 12 14:21 : update: added /PERA_-_Son_Bir_Defa_(Official_Video).mp3
Jul 12 14:21 : update: added /PERA_-_Unutamam_(Lyric_Video).mp3
Jul 12 14:21 : update: added /PERA_-_Yand캼m_(Official_Video).mp3
Jul 12 14:21 : update: added /Pinhani - D칲nyadan Uzak(MP3_160K)_1.mp3
Jul 12 14:21 : update: added /Pinhani_-_Kefen_Giydim_(Yollar_Bizi_Bekler_-_2019).mp3
Jul 12 14:21 : update: added /Pinhani_ft._Kalben_-_캻yi_De를lim_Ben_(Yollar_Bizi_Bekler_-_2019).mp3
Jul 12 14:21 : update: added /Pi릀an_De를lim.mp3
Jul 12 14:21 : update: added /Problem.mp3
Jul 12 14:21 : update: added /Radioactive.mp3
Jul 12 14:21 : update: added /Redd_-_Siktiret_Bo릈er__[Official_Audio]__YersizG칬ks칲zZamanlar.mp3
Jul 12 14:21 : update: added /Rehber - Sorgu(MP3_160K)_1.mp3
Jul 12 14:21 : update: added /Renkli_R칲yalar_Oteli.mp3
Jul 12 14:21 : update: added /Reverans.mp3
Jul 12 14:21 : update: added /Rica_Ederim.mp3
Jul 12 14:21 : update: added /Rober Hatemo - Beyaz Ve Sen (Official Audio)(MP3_160K)_1.mp3
Jul 12 14:21 : update: added /Rolling_in_the_Deep.mp3
Jul 12 14:21 : update: added /Roses.mp3
Jul 12 14:21 : update: added /Rubato_&_Gazapizm_-_칐l칲ler_Dirilerden_칂alacak.mp3
Jul 12 14:21 : update: added /Ruhum_Bela.mp3
Jul 12 14:21 : update: added /R칲yalarda_Buru릀u릇m.mp3
Jul 12 14:21 : update: added /Sab캼r.mp3
Jul 12 14:21 : update: added /료fak_T칲rk칲s칲.mp3
Jul 12 14:21 : update: added /료haneyim.mp3
Jul 12 14:21 : update: added /Saki.mp3
Jul 12 14:21 : update: added /Sanc캼.mp3
Jul 12 14:21 : update: added /Sar캼_Kurdeleler.mp3
Jul 12 14:21 : update: added /Sar캼_Laleler.mp3
Jul 12 14:21 : update: added /Save_Yourself.mp3
Jul 12 14:21 : update: added /Sebepsiz_Sava.mp3
Jul 12 14:21 : update: added /Sedef_Seb칲ktekin_-_Seni_Uyurken_캻zlemek_(feat._Canozan).mp3
Jul 12 14:21 : update: added /See_You_Again_(feat._Charlie_Puth).mp3
Jul 12 14:21 : update: added /룐hri_Getir_Gel.mp3
Jul 12 14:21 : update: added /Selma H칲nel - Bir 캻htimal Daha Var(MP3_160K)_1.mp3
Jul 12 14:21 : update: added /Sen_Beni_Unutamazs캼n.mp3
Jul 12 14:21 : update: added /Sen_Benim_료rk캼lar캼ms캼n_(feat._Hande_Mehan).mp3
Jul 12 14:21 : update: added /Sen_Bunlar캼_Duyma.mp3
Jul 12 14:21 : update: added /Sen_De_Ba캼n캼_Al캼p_Gitme.mp3
Jul 12 14:21 : update: added /Sen_de_Sa칞mala.mp3
Jul 12 14:21 : update: added /Sen_Diyorum.mp3
Jul 12 14:21 : update: added /Sen_Ona_A캼ks캼n_(Kabullenme).mp3
Jul 12 14:21 : update: added /Sena_룐ner_-_칐lsem.mp3
Jul 12 14:21 : update: added /Send_My_Love_(To_Your_New_Lover).mp3
Jul 12 14:21 : update: added /Senden_Bana.mp3
Jul 12 14:21 : update: added /Senden_Daha_G칲zel.mp3
Jul 12 14:21 : update: added /Senden_칐rendim.mp3
Jul 12 14:21 : update: added /Sendin_D칲릀an캼m.mp3
Jul 12 14:21 : update: added /Seni_D칲칲nmek.mp3
Jul 12 14:21 : update: added /Seni_G칬rd칲m_R칲yamda.mp3
Jul 12 14:21 : update: added /Seni_Kaybetti를mde.mp3
Jul 12 14:21 : update: added /Seni_Seven_칐ld칲_(Haberin_Varm캼).mp3
Jul 12 14:21 : update: added /Seni_Unutmaya_칐mr칲m_Yeter_mi_(feat._Pamela_Spence).mp3
Jul 12 14:21 : update: added /Senin_료rk캼n.mp3
Jul 12 14:21 : update: added /Sensiz_Ben.mp3
Jul 12 14:21 : update: added /Serena.mp3
Jul 12 14:21 : update: added /Serin_-_캻yi_Gelir_Mi.mp3
Jul 12 14:21 : update: added /Sesinde_A륾_Var.mp3
Jul 12 14:21 : update: added /Seslen.mp3
Jul 12 14:21 : update: added /Sessiz_Gemi.mp3
Jul 12 14:21 : update: added /Sevda_Gibi.mp3
Jul 12 14:21 : update: added /Sevdan_Bir_Ates.mp3
Jul 12 14:21 : update: added /Sevgiden_Yana.mp3
Jul 12 14:21 : update: added /Sevgili_Kayb캼m.mp3
Jul 12 14:21 : update: added /Sevi릀eden_Uyumayal캼m.mp3
Jul 12 14:21 : update: added /Sevmeden_Ge칞er_Zaman_(feat._룐bnem_Ferah).mp3
Jul 12 14:21 : update: added /Sevmekten_Usanmam.mp3
Jul 12 14:21 : update: added /Sevmemeliyiz.mp3
Jul 12 14:21 : update: added /Sextronot.mp3
Jul 12 14:21 : update: added /룐y..._Belki_!.mp3
Jul 12 14:21 : update: added /Seytan_Bunun_Neresinde.mp3
Jul 12 14:21 : update: added /Sezen Aksu - Bir 칂ocuk Sevdim (1988)(MP3_160K)_1.mp3
Jul 12 14:21 : ffmpeg/mov,mp4,m4a,3gp,3g2,mj2: Unknown cover type: 0x1.
Jul 12 14:21 : update: added /Sezen Aksu - Kur릇ni Renkler (1985 Sezen Aksu S칬yl칲yor M칲zikhali)(M4A_128K)_1.m4a
Jul 12 14:21 : update: added /Sezen_Aksu_-_Vay_(Official_Video).mp3
Jul 12 14:21 : update: added /Shape_of_You.mp3
Jul 12 14:21 : update: added /Sigara.mp3
Jul 12 14:21 : update: added /Sil_Ba릆an.mp3
Jul 12 14:21 : update: added /Silah캼m_Yok.mp3
Jul 12 14:21 : update: added /Silmesinler_캻zlerimi_(Saz_S칬z_Mavi).mp3
Jul 12 14:21 : update: added /Simdi_Uzaklardasin.mp3
Jul 12 14:21 : update: added /S캼la.mp3
Jul 12 14:21 : update: added /S캼z캼.mp3
Jul 12 14:21 : update: added /Skyfall.mp3
Jul 12 14:21 : mpg123: mpg123_getformat() failed: Message: I am done with this track.
Jul 12 14:21 : ffmpeg/mp3: Format mp3 detected only with low score of 1, misdetection possible!
Jul 12 14:21 : ffmpeg/mp3: Failed to read frame size: Could not seek to 1026.
Jul 12 14:21 : update: added /Sokak_Lambas캼.mp3
Jul 12 14:21 : update: added /Someone_Like_You.mp3
Jul 12 14:21 : update: added /Something_Just_Like_This.mp3
Jul 12 14:21 : update: added /Son_Bak캼.mp3
Jul 12 14:21 : update: added /Son_Bir_Defa.mp3
Jul 12 14:21 : update: added /Son_Feci_Bisiklet_-_Bikinisinde_Astronomi.mp3
Jul 12 14:21 : update: added /Son_Feci_Bisiklet_-_칂ar_Bomba_(Lyric_Video).mp3
Jul 12 14:21 : update: added /Son_Feci_Bisiklet_-_Galiba_Sevmiyorlar.mp3
Jul 12 14:21 : update: added /Son_Feci_Bisiklet_-_Gece_(Vesaire).mp3
Jul 12 14:21 : update: added /Son_Feci_Bisiklet_-_Kaybol.mp3
Jul 12 14:21 : update: added /Son_Feci_Bisiklet_-_Pazar_ve_Ertesi_(Vesaire).mp3
Jul 12 14:21 : update: added /Son_Feci_Bisiklet_-_Rahats캼z_Vals.mp3
Jul 12 14:21 : update: added /Son_Feci_Bisiklet_-_칖topya_(Vesaire).mp3
Jul 12 14:21 : update: added /son_feci_bisiklet_-_varolu릇m_yoku릇.mp3
Jul 12 14:21 : update: added /Sonraki_G칲n.mp3
Jul 12 14:21 : update: added /Sonsuz.mp3
Jul 12 14:21 : update: added /Sonunda.mp3
Jul 12 14:21 : update: added /S칬yle_Ruhum.mp3
Jul 12 14:21 : update: added /S칬yle.mp3
Jul 12 14:21 : update: added /S칬yleyin.mp3
Jul 12 14:21 : update: added /S칬z_Bitti.mp3
Jul 12 14:21 : update: added /Start_Again.mp3
Jul 12 14:21 : update: added /Su칞_Mahalli.mp3
Jul 12 14:21 : update: added /Sugar.mp3
Jul 12 14:21 : update: added /Sultan-캼_Yeg칙h.mp3
Jul 12 14:21 : update: added /S칲mb칲l.mp3
Jul 12 14:21 : update: added /Tamam_m캼y캼z.mp3
Jul 12 14:21 : update: added /Tastamam.mp3
Jul 12 14:21 : update: added /thank_u,_next.mp3
Jul 12 14:21 : update: added /This_Is_What_You_Came_For.mp3
Jul 12 14:21 : update: added /Thunder.mp3
Jul 12 14:21 : update: added /Tuna Kiremit칞i - 캻z Kalmadan(MP3_160K)_1.mp3
Jul 12 14:21 : update: added /Tuna_Kiremit칞i_&_Ece_Mumay_-_Yaln캼zl캼캼ma_Ver.mp3
Jul 12 14:21 : update: added /Tuna_Kiremit칞i_&_Y캼ld캼z_Tilbe_-_Gelse_de_Ayr캼l캼k.mp3
Jul 12 14:21 : update: added /Tut_Elini_Y칲re를min.mp3
Jul 12 14:21 : update: added /Tutam캼yorum_Zaman캼.mp3
Jul 12 14:21 : update: added /Tutuklu.mp3
Jul 12 14:21 : update: added /Tutu릀u_Beraber.mp3
Jul 12 14:21 : update: added /Ufuk_Beydemir_-_칐l칲me_Yalvard캼m_(Akustik).mp3
Jul 12 14:21 : update: added /Ukde.mp3
Jul 12 14:21 : update: added /Unstoppable.mp3
Jul 12 14:21 : update: added /Unut_Beni.mp3
Jul 12 14:21 : update: added /Unutama_Beni.mp3
Jul 12 14:21 : update: added /Unutamad캼m_(Ka칞_Kadeh_K캼r캼ld캼).mp3
Jul 12 14:21 : update: added /Unutamam_Seni.mp3
Jul 12 14:21 : update: added /Unuttum_Gitti.mp3
Jul 12 14:21 : update: added /Unutulacak_D칲nler.mp3
Jul 12 14:21 : update: added /Unutuldular.mp3
Jul 12 14:21 : update: added /Usul_Usul.mp3
Jul 12 14:21 : update: added /Uyan_(feat._Vega).mp3
Jul 12 14:21 : update: added /Uykusuz_ve_Dengesiz.mp3
Jul 12 14:21 : update: added /Uzak.mp3
Jul 12 14:21 : update: added /칖zg칲n칲m_Bu_Defa_Pek_Ho_De를l_Konu.mp3
Jul 12 14:21 : update: added /Vazge칞_G칬n칲l.mp3
Jul 12 14:21 : update: added /Vazge칞tim_(feat._Ozan_Do릇lu).mp3
Jul 12 14:21 : update: added /Vazge칞tim_Ben_Bug칲n.mp3
Jul 12 14:21 : update: added /Vera_-__Sokaklar_(Official_Video).mp3
Jul 12 14:21 : update: added /Vur_Kadehi_Ustam.mp3
Jul 12 14:21 : update: added /Vur_Kadehi.mp3
Jul 12 14:21 : update: added /Vursalar_칐lemem.mp3
Jul 12 14:21 : update: added /Wake_Me_Up.mp3
Jul 12 14:21 : update: added /We_Don't_Talk_Anymore_(feat._Selena_Gomez).mp3
Jul 12 14:21 : update: added /Whatever_It_Takes.mp3
Jul 12 14:21 : update: added /Why'd_You_Only_Call_Me_When_You're_High.mp3
Jul 12 14:21 : update: added /Yabanc캼.mp3
Jul 12 14:21 : update: added /Yad_Eller.mp3
Jul 12 14:21 : update: added /YaDa_-_Koca_룐hir.mp3
Jul 12 14:21 : update: added /Ya릀ur_Ya릅a.mp3
Jul 12 14:21 : update: added /Ya릀urlar.mp3
Jul 12 14:21 : update: added /Yaln캼zl캼k_칐m칲r_Boyu.mp3
Jul 12 14:21 : update: added /Yaln캼zl캼k_Senfonisi.mp3
Jul 12 14:21 : update: added /Yan_Benimle.mp3
Jul 12 14:21 : update: added /Yan_Kalbim.mp3
Jul 12 14:21 : update: added /Yanar캼m.mp3
Jul 12 14:21 : update: added /Yand캼m.mp3
Jul 12 14:21 : update: added /Yang캼n_Yeri.mp3
Jul 12 14:21 : update: added /Yang캼nl캼_룔ir.mp3
Jul 12 14:21 : update: added /Yan캼mda_Kal.mp3
Jul 12 14:21 : update: added /Yan캼yor.mp3
Jul 12 14:21 : update: added /Yank캼.mp3
Jul 12 14:21 : update: added /Yanm캼_캻칞inden.mp3
Jul 12 14:21 : update: added /Yara_Bende.mp3
Jul 12 14:21 : update: added /Yara.mp3
Jul 12 14:21 : update: added /Yar캼m.mp3
Jul 12 14:21 : update: added /Ya_Elli.mp3
Jul 12 14:21 : update: added /Yata캼n_So릇k_Taraf캼.mp3
Jul 12 14:21 : update: added /Yeni_Limanlara.mp3
Jul 12 14:21 : update: added /Yeter.mp3
Jul 12 14:21 : update: added /Yine_Sevebilirim_(feat._Y캼ld캼z_Tilbe).mp3
Jul 12 14:21 : update: added /Yine_Yaz캼_Bekleriz.mp3
Jul 12 14:21 : update: added /Y캼k캼lma_Sak캼n.mp3
Jul 12 14:21 : update: added /Y캼ld캼zlar캼_Yakalamak.mp3
Jul 12 14:21 : update: added /Yoksun.mp3
Jul 12 14:21 : update: added /Yolculuk.mp3
Jul 12 14:21 : update: added /Yolun_Sonu.mp3
Jul 12 14:21 : update: added /Yorma.mp3
Jul 12 14:21 : update: added /Young.mp3
Jul 12 14:21 : update: added /Y칲rek.mp3
Jul 12 14:21 : update: added /Y칲z칲n칲n_캻lk_칂a캼nda_(feat._Erdal_G칲ney).mp3
Jul 12 14:21 : update: added /Y칲zy칲zeyken_Konu릇ruz_-_Adam_(Official_Audio).mp3
Jul 12 14:21 : update: added /Y칲zy칲zeyken_Konu릇ruz_-_Ate_Edecek_Misin_(Official_Video).mp3
Jul 12 14:21 : update: added /Yuzyuzeyken_Konusuruz_-_Bo_Gemiler.mp3
Jul 12 14:21 : update: added /Y칲zy칲zeyken_Konu릇ruz_-_칂ok_Acil_Bir_캻_(Official_Audio).mp3
Jul 12 14:21 : update: added /Y칲zy칲zeyken_Konu릇ruz_-_Kalabal캼k_(Official_Audio).mp3
Jul 12 14:21 : update: added /Y칲zy칲zeyken_Konu릇ruz_-_칐lmemi를z_(Official_Video).mp3
Jul 12 14:21 : update: added /Y칲zy칲zeyken_Konu릇ruz_-_Para_Hala_Bende_(Official_Audio).mp3
Jul 12 14:21 : update: added /Yuzyuzeyken_Konusuruz_-_Sandal.mp3
Jul 12 14:21 : update: added /Y칲zy칲zeyken_Konu릇ruz_-_Tak캼mdan_Ayr캼_D칲z_Ko릇_(Official_Audio).mp3
Jul 12 14:21 : update: added /Y칲zy칲zeyken_Konu릇ruz_-_Yaz_Ge칞er_(Official_Video).mp3
Jul 12 14:21 : update: added /Zaferlerim.mp3
Jul 12 14:21 : update: added /ZAKKUM __ H칲zzam (2020)(MP3_160K)_1.mp3
Jul 12 14:21 : update: added /Zal캼m.mp3
Jul 12 14:21 : update: added /Zaman_Yok.mp3
Jul 12 14:21 : update: added /Zaman캼n_D캼캼nda,_Bo륿u릇n_캻칞inde.mp3
Jul 12 14:21 : update: added /Zaman캼nda.mp3
Jul 12 14:21 : update: added /zeybek.mp3
Jul 12 14:21 : update: added /Zeynep Bak를 Karata - Adaletin Bu mu D칲nya [ 칂ukur Dizi 료rk캼s캼 춸 2019 Kalan M칲zik ](MP3_160K)_1.mp3
Jul 12 14:21 : update: added /Zeynep Bak를 Karata - U릇rlama [ Usulca 춸 2018 Kalan M칲zik ](MP3_160K)_1.mp3
Jul 12 14:21 : update: added /Zeynep Bak를 Karata  Talihim Yok Baht캼m Kara  [ Mozaik 춸 2016 Kalan M칲zik ](MP3_160K)_1.mp3
Jul 12 14:21 : update: added /Zeynep Bak를 Karata feat. Ahmet Aslan - Odam Kire칞 Tutmuyor [ Usulca 춸 2018 Kalan M칲zik ](MP3_160K)_1.mp3
Jul 12 14:21 : update: added /Zeynep_Bak를_Karata_-_Adaletin_Bu_mu_D칲nya_[_칂ukur_Dizi_료rk캼s캼_춸_2019_Kala.mp3
Jul 12 14:21 : update: added /Zeynep_Bast캼k,_An캼l_Piyanc캼_-_B캼rakman_Doru_Mu.mp3
Jul 12 14:21 : update: added /Zor_Sevdi를mden.mp3
Jul 12 14:21 : update: added /햅혞혜혝햫햟혪_혜혞햨햟.mp3
Jul 12 14:21 : update: added /Karlos Yaren - Yanar캼m.mp3
Jul 12 14:21 : update: added /Resit Kemal - Asl캼nda.mp3
Jul 12 14:21 : update: added /Model - Bir Pazar Kahvalt캼s캼.mp3
Jul 12 14:21 : update: added /Ikiye On Kala - B칲t칲n Istanbul Biliyo.mp3
Jul 12 14:21 : update: added /Onur Ak캼n - Geceyi Sana Yazd캼m.mp3
Jul 12 14:21 : update: added /Serab Erener  -Gitsem.mp3
Jul 12 14:21 : update: added /Perdenin Ard캼ndakiler - Derdime.mp3
Jul 12 14:21 : update: added /Hayko Cepkin - Ald캼rma G칬n칲l.mp3
Jul 12 14:21 : update: added /Model - Antidepresan G칲l칲msemesi.mp3
Jul 12 14:21 : update: added /Zakkum - Anason.mp3
Jul 12 14:21 : update: added /Fatma Turgut - Beni Tutmay캼n.mp3
Jul 12 14:21 : update: added /Mor ve Otesi - Bir Derdim Var.mp3
Jul 12 14:21 : update: added /Model - Bir Melek Vard캼.mp3
Jul 12 14:21 : update: added /Candan Ercetin - Yalan.mp3
Jul 12 14:21 : update: added /Funda Arar - Yak Gel.mp3
Jul 12 14:21 : update: added /Cem Karaca - Tamirci 칂캼ra캼.mp3
Jul 12 14:21 : update: added /Sezen Aksu - Masum De를liz.mp3
Jul 12 14:21 : update: added /Derya Ulu _ Sana 칂캼k캼yor Yollar.mp3
Jul 12 14:21 : update: added /Mavi - A칞 Kap캼y캼 Gir 캻칞eri.mp3
Jul 12 14:21 : mpg123: mpg123_getformat() failed: Message: I am done with this track.
Jul 12 14:21 : ffmpeg/mp3: Format mp3 detected only with low score of 1, misdetection possible!
Jul 12 14:21 : ffmpeg/mp3: Failed to read frame size: Could not seek to 1026.
Jul 12 14:21 : mpg123: mpg123_getformat() failed: Message: I am done with this track.
Jul 12 14:21 : ffmpeg/mp3: Format mp3 detected only with low score of 1, misdetection possible!
Jul 12 14:21 : ffmpeg/mp3: Failed to read frame size: Could not seek to 1026.
Jul 12 14:24 : player: played "AliFiru  htilal Official Video.mp3"
Jul 12 14:28 : player: played "Athena - Kafama G칬re.mp3"
Jul 12 14:31 : player: played "AliFiru  htilal Official Video.mp3"
Jul 12 14:38 : player: played "KOFN - Bi' Tek Ben Anlarim.mp3"
Jul 12 14:42 : player: played "Aslan Gibi.mp3"
Jul 12 14:43 : player: played "Meyhaneler_Sen....mp3"
Jul 12 14:46 : player: played "Ayr캼l캼k_Zor.mp3"
Jul 12 14:50 : player: played "SATTAS - Eskitilmi.mp3"
Jul 12 14:54 : player: played "Bar캼_Akarsu_-_R칲zgar.mp3"
Jul 12 14:58 : player: played "Closer.mp3"
Jul 12 15:04 : player: played "Korkak_(feat._G칬khan_T칲rkmen).mp3"
Jul 12 15:09 : player: played "May캼n_Tarlas캼.mp3"
Jul 12 15:13 : player: played "Vera - A륾 Yaras캼.mp3"
Jul 12 15:18 : player: played "Beni_Hat캼rla.mp3"
Jul 12 15:24 : player: played "Da륿ar.mp3"
Jul 12 15:31 : player: played "Bu_Matem_Dolu_Cennet.mp3"
Jul 12 15:35 : player: played "Bir_칂aresi_Bulunur.mp3"
Jul 12 15:39 : player: played "Indila - Derni칟re Danse (Clip Officiel)(MP3_160K)_1.mp3"
Jul 12 15:43 : player: played "maNga - Bir Kad캼n 칂izeceksin.mp3"
Jul 12 15:47 : player: played "Senden_Bana.mp3"
Jul 12 15:54 : player: played "Adamlar - Kap캼s캼 Kapal캼 (Official Audio).mp3"
Jul 12 16:05 : player: played "Gitme_Kal_Bu_룐hirde.mp3"
Jul 12 16:11 : player: played "Ellerinden_칐perim.mp3"
Jul 12 21:23 : player: played "Garibim.mp3"
Jul 12 21:27 : player: played "Next_To_Me.mp3"
Jul 12 21:32 : player: played "Gitsen_de.mp3"
Jul 12 21:40 : player: played "Erkekler_A륿amaz.mp3"
Jul 12 21:44 : player: played "Bahsetmem_Laz캼m.mp3"
Jul 12 21:49 : player: played "룐hri_Getir_Gel.mp3"
Jul 13 00:05 : player: played "Ceylan Ertem - Zal캼m.mp3"
Jul 13 15:30 : player: played "Ceylan Ertem - Zal캼m.mp3"
Jul 13 15:34 : player: played "캻n르llah.mp3"
Jul 13 15:38 : player: played "Ah Bu 료rk캼lar캼n G칬z칲 K칬r Olsun (feat. Hande Mehan)(MP3_160K)_1.mp3"
Jul 13 15:46 : player: played "Nothing_Else_Matters.mp3"
Jul 13 15:49 : player: played "Bana_Ellerini_Ver_(From_'Kiraz_Mevsimi').mp3"
Jul 13 16:20 : player: played "캻stanbul'da_Sonbahar.mp3"
Jul 13 16:20 : mpg123: mpg123_getformat() failed: Message: I am done with this track.
Jul 13 16:20 : ffmpeg/mp3: Format mp3 detected only with low score of 1, misdetection possible!
Jul 13 16:20 : ffmpeg/mp3: Failed to read frame size: Could not seek to 1026.
Jul 13 16:21 : player: played "캻stanbul_캻stanbul_Olal캼.mp3"
Jul 13 16:24 : player: played "Jabbar - Cesaretsizce Olmuyor.mp3"
Jul 13 16:29 : player: played "Perdenin Ard캼ndakiler - Derdime.mp3"
Jul 13 16:36 : player: played "Cevaps캼z_Sorular.mp3"
Jul 13 16:41 : player: played "Sena_룐ner_-_칐lsem.mp3"
Jul 13 16:45 : player: played "Saki.mp3"
Jul 13 16:54 : player: played "G칖NE_YER캻NDE.mp3"
Jul 13 18:11 : player: played "Y캼ld캼zlar캼_Yakalamak.mp3"
