2023-01-07 17:32:56.862 [info] Added views:workbench.panel.markers.view in workbench.panel.repl
2023-01-07 17:32:56.862 [info] Added views:workbench.panel.output in workbench.panel.output
2023-01-07 17:32:56.862 [info] Added views:terminal in terminal
2023-01-07 17:32:56.862 [info] Added views:outline in workbench.view.explorer
2023-01-07 17:32:56.862 [info] Added views:workbench.scm in workbench.view.scm
2023-01-07 17:32:56.862 [info] Added views:workbench.view.search in workbench.view.search
2023-01-07 17:32:56.862 [info] Added views:timeline in workbench.view.explorer
2023-01-07 17:32:56.862 [info] Added views:workbench.explorer.fileView in workbench.view.explorer
2023-01-07 17:32:56.862 [info] Added views:workbench.debug.variablesView,workbench.debug.watchExpressionsView,workbench.debug.callStackView,workbench.debug.breakPointsView in workbench.view.debug
2023-01-07 17:32:57.334 [info] Added views:gitlens.views.home in workbench.view.extension.gitlens
2023-01-07 17:32:57.336 [info] Added views:gitlens.views.commits,gitlens.views.commitDetails,gitlens.views.fileHistory,gitlens.views.branches,gitlens.views.remotes,gitlens.views.stashes,gitlens.views.tags,gitlens.views.searchAndCompare in workbench.view.scm
2023-01-07 17:32:57.337 [info] Added views:github.codespaces.explorer in workbench.view.remote
2023-01-07 17:32:57.338 [info] Added views:dockerContainers,dockerImages,dockerRegistries,dockerNetworks,dockerVolumes,vscode-docker.views.dockerContexts,vscode-docker.views.help in workbench.view.extension.dockerView
2023-01-07 17:32:57.339 [info] Added views:targetsContainers,devVolumes in workbench.view.remote
2023-01-07 17:32:57.664 [info] Added views:workbench.panel.repl.view in workbench.panel.repl
2023-01-07 17:32:57.666 [info] Removed views:workbench.debug.breakPointsView,workbench.debug.callStackView,workbench.debug.watchExpressionsView,workbench.debug.variablesView from workbench.view.debug
2023-01-07 17:32:57.667 [info] Added views:workbench.debug.welcome in workbench.view.debug
2023-01-07 17:32:58.027 [info] Added views:thunder-client-sidebar in workbench.view.extension.thunder-client
2023-01-07 17:32:59.911 [info] Added views:workbench.view.testing in workbench.view.extension.test
2023-01-07 17:32:59.914 [info] Added views:dartDependencyTree in workbench.view.explorer
2023-01-07 17:33:05.243 [info] Added views:gitlens.views.timeline in workbench.view.extension.gitlensPanel
2023-01-07 17:33:05.245 [info] Added views:gitlens.views.worktrees in workbench.view.scm
2023-01-07 17:33:36.195 [info] Removed views:workbench.debug.welcome from workbench.view.debug
2023-01-07 17:33:36.195 [info] Added views:workbench.debug.variablesView,workbench.debug.watchExpressionsView,workbench.debug.callStackView,workbench.debug.breakPointsView in workbench.view.debug
2023-01-07 17:33:37.457 [info] Removed views:workbench.debug.breakPointsView,workbench.debug.callStackView,workbench.debug.watchExpressionsView,workbench.debug.variablesView from workbench.view.debug
2023-01-07 17:33:37.458 [info] Added views:workbench.debug.welcome in workbench.view.debug
2023-01-07 17:34:14.368 [info] Removed views:workbench.debug.welcome from workbench.view.debug
2023-01-07 17:34:14.369 [info] Added views:workbench.debug.variablesView,workbench.debug.watchExpressionsView,workbench.debug.callStackView,workbench.debug.breakPointsView in workbench.view.debug
2023-01-07 17:34:16.626 [info] Removed views:workbench.debug.breakPointsView,workbench.debug.callStackView,workbench.debug.watchExpressionsView,workbench.debug.variablesView from workbench.view.debug
2023-01-07 17:34:16.629 [info] Added views:workbench.debug.welcome in workbench.view.debug
2023-01-07 17:53:20.742 [info] Removed views:workbench.view.testing from workbench.view.extension.test
